{"C:\\Users\\versu\\PhpstormProjects\\keszflow-business-panel\\packages\\components\\src\\index.ts": {"path":"C:\\Users\\versu\\PhpstormProjects\\keszflow-business-panel\\packages\\components\\src\\index.ts","statementMap":{"0":{"start":{"line":1,"column":0},"end":{"line":1,"column":35}},"1":{"start":{"line":2,"column":0},"end":{"line":2,"column":35}},"2":{"start":{"line":3,"column":0},"end":{"line":3,"column":35}},"3":{"start":{"line":4,"column":0},"end":{"line":4,"column":35}},"4":{"start":{"line":5,"column":0},"end":{"line":5,"column":36}},"5":{"start":{"line":6,"column":0},"end":{"line":6,"column":37}},"6":{"start":{"line":7,"column":0},"end":{"line":7,"column":37}},"7":{"start":{"line":8,"column":0},"end":{"line":8,"column":37}},"8":{"start":{"line":9,"column":0},"end":{"line":9,"column":9}},"9":{"start":{"line":9,"column":9},"end":{"line":9,"column":24}},"10":{"start":{"line":11,"column":0},"end":{"line":11,"column":33}},"11":{"start":{"line":12,"column":0},"end":{"line":12,"column":47}},"12":{"start":{"line":13,"column":0},"end":{"line":13,"column":39}},"13":{"start":{"line":14,"column":0},"end":{"line":14,"column":32}},"14":{"start":{"line":16,"column":0},"end":{"line":16,"column":9}},"15":{"start":{"line":16,"column":9},"end":{"line":16,"column":52}},"16":{"start":{"line":17,"column":0},"end":{"line":17,"column":9}},"17":{"start":{"line":17,"column":9},"end":{"line":17,"column":39}},"18":{"start":{"line":18,"column":0},"end":{"line":18,"column":9}},"19":{"start":{"line":18,"column":9},"end":{"line":18,"column":32}},"20":{"start":{"line":19,"column":0},"end":{"line":19,"column":9}},"21":{"start":{"line":19,"column":9},"end":{"line":19,"column":31}}},"fnMap":{"0":{"name":"(anonymous_5)","decl":{"start":{"line":9,"column":9},"end":{"line":9,"column":16}},"loc":{"start":{"line":9,"column":9},"end":{"line":9,"column":24}}},"1":{"name":"(anonymous_6)","decl":{"start":{"line":16,"column":9},"end":{"line":16,"column":19}},"loc":{"start":{"line":16,"column":9},"end":{"line":16,"column":52}}},"2":{"name":"(anonymous_7)","decl":{"start":{"line":17,"column":9},"end":{"line":17,"column":16}},"loc":{"start":{"line":17,"column":9},"end":{"line":17,"column":39}}},"3":{"name":"(anonymous_8)","decl":{"start":{"line":18,"column":9},"end":{"line":18,"column":16}},"loc":{"start":{"line":18,"column":9},"end":{"line":18,"column":32}}},"4":{"name":"(anonymous_9)","decl":{"start":{"line":19,"column":9},"end":{"line":19,"column":16}},"loc":{"start":{"line":19,"column":9},"end":{"line":19,"column":31}}}},"branchMap":{},"s":{"0":6,"1":6,"2":6,"3":6,"4":6,"5":6,"6":6,"7":6,"8":6,"9":6,"10":6,"11":6,"12":6,"13":6,"14":6,"15":14,"16":6,"17":6,"18":6,"19":6,"20":6,"21":6},"f":{"0":0,"1":8,"2":0,"3":0,"4":0},"b":{}}
,"C:\\Users\\versu\\PhpstormProjects\\keszflow-business-panel\\packages\\components\\src\\components\\Calendar\\index.tsx": {"path":"C:\\Users\\versu\\PhpstormProjects\\keszflow-business-panel\\packages\\components\\src\\components\\Calendar\\index.tsx","statementMap":{"0":{"start":{"line":1,"column":0},"end":{"line":1,"column":null}},"1":{"start":{"line":8,"column":0},"end":{"line":8,"column":null}},"2":{"start":{"line":18,"column":0},"end":{"line":18,"column":null}},"3":{"start":{"line":22,"column":0},"end":{"line":22,"column":35}},"4":{"start":{"line":38,"column":15},"end":{"line":38,"column":75}},"5":{"start":{"line":39,"column":36},"end":{"line":39,"column":38}},"6":{"start":{"line":40,"column":15},"end":{"line":40,"column":17}},"7":{"start":{"line":41,"column":2},"end":{"line":44,"column":null}},"8":{"start":{"line":42,"column":4},"end":{"line":42,"column":null}},"9":{"start":{"line":43,"column":4},"end":{"line":43,"column":null}},"10":{"start":{"line":46,"column":23},"end":{"line":46,"column":25}},"11":{"start":{"line":47,"column":2},"end":{"line":57,"column":null}},"12":{"start":{"line":48,"column":16},"end":{"line":48,"column":36}},"13":{"start":{"line":50,"column":4},"end":{"line":56,"column":null}},"14":{"start":{"line":51,"column":6},"end":{"line":51,"column":null}},"15":{"start":{"line":52,"column":11},"end":{"line":56,"column":null}},"16":{"start":{"line":53,"column":6},"end":{"line":53,"column":null}},"17":{"start":{"line":54,"column":6},"end":{"line":54,"column":null}},"18":{"start":{"line":55,"column":6},"end":{"line":55,"column":null}},"19":{"start":{"line":58,"column":2},"end":{"line":61,"column":null}},"20":{"start":{"line":59,"column":4},"end":{"line":59,"column":null}},"21":{"start":{"line":60,"column":4},"end":{"line":60,"column":null}},"22":{"start":{"line":62,"column":2},"end":{"line":62,"column":null}},"23":{"start":{"line":65,"column":22},"end":{"line":68,"column":2}},"24":{"start":{"line":70,"column":18},"end":{"line":220,"column":1}},"25":{"start":{"line":71,"column":16},"end":{"line":71,"column":36}},"26":{"start":{"line":72,"column":30},"end":{"line":72,"column":55}},"27":{"start":{"line":74,"column":18},"end":{"line":112,"column":3}},"28":{"start":{"line":75,"column":17},"end":{"line":77,"column":6}},"29":{"start":{"line":76,"column":6},"end":{"line":76,"column":null}},"30":{"start":{"line":78,"column":4},"end":{"line":105,"column":null}},"31":{"start":{"line":80,"column":8},"end":{"line":84,"column":null}},"32":{"start":{"line":80,"column":21},"end":{"line":80,"column":22}},"33":{"start":{"line":81,"column":10},"end":{"line":83,"column":null}},"34":{"start":{"line":85,"column":8},"end":{"line":85,"column":13}},"35":{"start":{"line":87,"column":8},"end":{"line":91,"column":null}},"36":{"start":{"line":87,"column":21},"end":{"line":87,"column":22}},"37":{"start":{"line":88,"column":10},"end":{"line":90,"column":null}},"38":{"start":{"line":92,"column":8},"end":{"line":92,"column":13}},"39":{"start":{"line":94,"column":8},"end":{"line":101,"column":null}},"40":{"start":{"line":94,"column":21},"end":{"line":94,"column":22}},"41":{"start":{"line":95,"column":10},"end":{"line":100,"column":null}},"42":{"start":{"line":102,"column":8},"end":{"line":102,"column":13}},"43":{"start":{"line":104,"column":8},"end":{"line":104,"column":13}},"44":{"start":{"line":107,"column":4},"end":{"line":111,"column":null}},"45":{"start":{"line":114,"column":17},"end":{"line":157,"column":3}},"46":{"start":{"line":115,"column":18},"end":{"line":115,"column":58}},"47":{"start":{"line":116,"column":14},"end":{"line":116,"column":64}},"48":{"start":{"line":117,"column":17},"end":{"line":117,"column":41}},"49":{"start":{"line":119,"column":4},"end":{"line":156,"column":null}},"50":{"start":{"line":124,"column":12},"end":{"line":131,"column":null}},"51":{"start":{"line":126,"column":14},"end":{"line":126,"column":null}},"52":{"start":{"line":127,"column":19},"end":{"line":131,"column":null}},"53":{"start":{"line":128,"column":14},"end":{"line":128,"column":null}},"54":{"start":{"line":130,"column":14},"end":{"line":130,"column":null}},"55":{"start":{"line":141,"column":14},"end":{"line":152,"column":null}},"56":{"start":{"line":146,"column":22},"end":{"line":146,"column":null}},"57":{"start":{"line":159,"column":16},"end":{"line":161,"column":4}},"58":{"start":{"line":160,"column":4},"end":{"line":160,"column":null}},"59":{"start":{"line":163,"column":2},"end":{"line":219,"column":null}},"60":{"start":{"line":222,"column":17},"end":{"line":307,"column":1}},"61":{"start":{"line":223,"column":30},"end":{"line":223,"column":55}},"62":{"start":{"line":224,"column":16},"end":{"line":224,"column":36}},"63":{"start":{"line":225,"column":17},"end":{"line":279,"column":3}},"64":{"start":{"line":226,"column":18},"end":{"line":226,"column":58}},"65":{"start":{"line":227,"column":14},"end":{"line":227,"column":64}},"66":{"start":{"line":228,"column":16},"end":{"line":228,"column":40}},"67":{"start":{"line":229,"column":4},"end":{"line":278,"column":null}},"68":{"start":{"line":243,"column":14},"end":{"line":247,"column":null}},"69":{"start":{"line":244,"column":16},"end":{"line":244,"column":null}},"70":{"start":{"line":246,"column":16},"end":{"line":246,"column":null}},"71":{"start":{"line":263,"column":14},"end":{"line":274,"column":null}},"72":{"start":{"line":268,"column":22},"end":{"line":268,"column":null}},"73":{"start":{"line":280,"column":18},"end":{"line":295,"column":4}},"74":{"start":{"line":281,"column":4},"end":{"line":294,"column":null}},"75":{"start":{"line":297,"column":2},"end":{"line":306,"column":null}},"76":{"start":{"line":309,"column":16},"end":{"line":358,"column":1}},"77":{"start":{"line":310,"column":16},"end":{"line":310,"column":56}},"78":{"start":{"line":311,"column":30},"end":{"line":311,"column":55}},"79":{"start":{"line":312,"column":12},"end":{"line":312,"column":76}},"80":{"start":{"line":313,"column":14},"end":{"line":313,"column":38}},"81":{"start":{"line":314,"column":2},"end":{"line":357,"column":null}},"82":{"start":{"line":327,"column":12},"end":{"line":331,"column":null}},"83":{"start":{"line":328,"column":14},"end":{"line":328,"column":null}},"84":{"start":{"line":330,"column":14},"end":{"line":330,"column":null}},"85":{"start":{"line":342,"column":12},"end":{"line":353,"column":null}},"86":{"start":{"line":347,"column":20},"end":{"line":347,"column":null}},"87":{"start":{"line":360,"column":24},"end":{"line":562,"column":1}},"88":{"start":{"line":367,"column":26},"end":{"line":367,"column":43}},"89":{"start":{"line":368,"column":16},"end":{"line":368,"column":46}},"90":{"start":{"line":369,"column":38},"end":{"line":369,"column":59}},"91":{"start":{"line":370,"column":20},"end":{"line":382,"column":null}},"92":{"start":{"line":372,"column":22},"end":{"line":372,"column":24}},"93":{"start":{"line":373,"column":6},"end":{"line":379,"column":null}},"94":{"start":{"line":375,"column":10},"end":{"line":377,"column":null}},"95":{"start":{"line":376,"column":12},"end":{"line":376,"column":null}},"96":{"start":{"line":378,"column":10},"end":{"line":378,"column":null}},"97":{"start":{"line":380,"column":6},"end":{"line":380,"column":null}},"98":{"start":{"line":384,"column":26},"end":{"line":384,"column":45}},"99":{"start":{"line":386,"column":2},"end":{"line":388,"column":null}},"100":{"start":{"line":387,"column":4},"end":{"line":387,"column":null}},"101":{"start":{"line":390,"column":25},"end":{"line":406,"column":null}},"102":{"start":{"line":392,"column":24},"end":{"line":392,"column":25}},"103":{"start":{"line":393,"column":20},"end":{"line":393,"column":40}},"104":{"start":{"line":394,"column":6},"end":{"line":403,"column":null}},"105":{"start":{"line":395,"column":8},"end":{"line":402,"column":null}},"106":{"start":{"line":396,"column":10},"end":{"line":401,"column":null}},"107":{"start":{"line":400,"column":12},"end":{"line":400,"column":null}},"108":{"start":{"line":404,"column":6},"end":{"line":404,"column":null}},"109":{"start":{"line":409,"column":26},"end":{"line":409,"column":62}},"110":{"start":{"line":411,"column":21},"end":{"line":429,"column":3}},"111":{"start":{"line":412,"column":4},"end":{"line":427,"column":null}},"112":{"start":{"line":413,"column":6},"end":{"line":413,"column":null}},"113":{"start":{"line":414,"column":11},"end":{"line":427,"column":null}},"114":{"start":{"line":415,"column":23},"end":{"line":415,"column":43}},"115":{"start":{"line":416,"column":6},"end":{"line":416,"column":null}},"116":{"start":{"line":417,"column":6},"end":{"line":424,"column":null}},"117":{"start":{"line":418,"column":8},"end":{"line":418,"column":null}},"118":{"start":{"line":419,"column":8},"end":{"line":419,"column":null}},"119":{"start":{"line":420,"column":8},"end":{"line":420,"column":null}},"120":{"start":{"line":422,"column":8},"end":{"line":422,"column":null}},"121":{"start":{"line":423,"column":8},"end":{"line":423,"column":null}},"122":{"start":{"line":425,"column":11},"end":{"line":427,"column":null}},"123":{"start":{"line":426,"column":6},"end":{"line":426,"column":null}},"124":{"start":{"line":428,"column":4},"end":{"line":428,"column":null}},"125":{"start":{"line":431,"column":21},"end":{"line":449,"column":3}},"126":{"start":{"line":432,"column":4},"end":{"line":447,"column":null}},"127":{"start":{"line":433,"column":6},"end":{"line":433,"column":null}},"128":{"start":{"line":434,"column":11},"end":{"line":447,"column":null}},"129":{"start":{"line":435,"column":23},"end":{"line":435,"column":43}},"130":{"start":{"line":436,"column":6},"end":{"line":436,"column":null}},"131":{"start":{"line":437,"column":6},"end":{"line":444,"column":null}},"132":{"start":{"line":438,"column":8},"end":{"line":438,"column":null}},"133":{"start":{"line":439,"column":8},"end":{"line":439,"column":null}},"134":{"start":{"line":441,"column":8},"end":{"line":441,"column":null}},"135":{"start":{"line":442,"column":8},"end":{"line":442,"column":null}},"136":{"start":{"line":443,"column":8},"end":{"line":443,"column":null}},"137":{"start":{"line":445,"column":11},"end":{"line":447,"column":null}},"138":{"start":{"line":446,"column":6},"end":{"line":446,"column":null}},"139":{"start":{"line":448,"column":4},"end":{"line":448,"column":null}},"140":{"start":{"line":451,"column":22},"end":{"line":454,"column":3}},"141":{"start":{"line":452,"column":4},"end":{"line":452,"column":null}},"142":{"start":{"line":453,"column":4},"end":{"line":453,"column":null}},"143":{"start":{"line":456,"column":2},"end":{"line":561,"column":null}},"144":{"start":{"line":477,"column":14},"end":{"line":477,"column":null}},"145":{"start":{"line":488,"column":14},"end":{"line":488,"column":null}},"146":{"start":{"line":499,"column":14},"end":{"line":499,"column":null}},"147":{"start":{"line":519,"column":14},"end":{"line":519,"column":null}},"148":{"start":{"line":528,"column":14},"end":{"line":528,"column":null}},"149":{"start":{"line":360,"column":13},"end":{"line":360,"column":24}}},"fnMap":{"0":{"name":"getWeeks","decl":{"start":{"line":37,"column":9},"end":{"line":37,"column":17}},"loc":{"start":{"line":37,"column":34},"end":{"line":63,"column":1}}},"1":{"name":"(anonymous_7)","decl":{"start":{"line":47,"column":15},"end":{"line":47,"column":16}},"loc":{"start":{"line":47,"column":21},"end":{"line":57,"column":3}}},"2":{"name":"(anonymous_8)","decl":{"start":{"line":67,"column":11},"end":{"line":67,"column":14}},"loc":{"start":{"line":67,"column":16},"end":{"line":67,"column":19}}},"3":{"name":"(anonymous_9)","decl":{"start":{"line":70,"column":18},"end":{"line":70,"column":19}},"loc":{"start":{"line":70,"column":45},"end":{"line":220,"column":1}}},"4":{"name":"(anonymous_10)","decl":{"start":{"line":74,"column":18},"end":{"line":74,"column":19}},"loc":{"start":{"line":74,"column":49},"end":{"line":112,"column":3}}},"5":{"name":"(anonymous_11)","decl":{"start":{"line":75,"column":26},"end":{"line":75,"column":27}},"loc":{"start":{"line":75,"column":41},"end":{"line":77,"column":5}}},"6":{"name":"(anonymous_12)","decl":{"start":{"line":114,"column":17},"end":{"line":114,"column":18}},"loc":{"start":{"line":114,"column":51},"end":{"line":157,"column":3}}},"7":{"name":"(anonymous_13)","decl":{"start":{"line":123,"column":19},"end":{"line":123,"column":20}},"loc":{"start":{"line":123,"column":29},"end":{"line":132,"column":11}}},"8":{"name":"(anonymous_14)","decl":{"start":{"line":140,"column":21},"end":{"line":140,"column":22}},"loc":{"start":{"line":140,"column":30},"end":{"line":153,"column":13}}},"9":{"name":"(anonymous_15)","decl":{"start":{"line":145,"column":29},"end":{"line":145,"column":32}},"loc":{"start":{"line":145,"column":34},"end":{"line":147,"column":21}}},"10":{"name":"(anonymous_16)","decl":{"start":{"line":159,"column":26},"end":{"line":159,"column":27}},"loc":{"start":{"line":159,"column":42},"end":{"line":161,"column":3}}},"11":{"name":"(anonymous_17)","decl":{"start":{"line":222,"column":17},"end":{"line":222,"column":18}},"loc":{"start":{"line":222,"column":78},"end":{"line":307,"column":1}}},"12":{"name":"(anonymous_18)","decl":{"start":{"line":225,"column":17},"end":{"line":225,"column":18}},"loc":{"start":{"line":225,"column":44},"end":{"line":279,"column":3}}},"13":{"name":"(anonymous_19)","decl":{"start":{"line":242,"column":21},"end":{"line":242,"column":24}},"loc":{"start":{"line":242,"column":26},"end":{"line":248,"column":13}}},"14":{"name":"(anonymous_20)","decl":{"start":{"line":262,"column":20},"end":{"line":262,"column":21}},"loc":{"start":{"line":262,"column":29},"end":{"line":275,"column":13}}},"15":{"name":"(anonymous_21)","decl":{"start":{"line":267,"column":29},"end":{"line":267,"column":32}},"loc":{"start":{"line":267,"column":34},"end":{"line":269,"column":21}}},"16":{"name":"(anonymous_22)","decl":{"start":{"line":280,"column":34},"end":{"line":280,"column":35}},"loc":{"start":{"line":280,"column":49},"end":{"line":295,"column":3}}},"17":{"name":"(anonymous_23)","decl":{"start":{"line":309,"column":16},"end":{"line":309,"column":17}},"loc":{"start":{"line":309,"column":57},"end":{"line":358,"column":1}}},"18":{"name":"(anonymous_24)","decl":{"start":{"line":326,"column":19},"end":{"line":326,"column":22}},"loc":{"start":{"line":326,"column":24},"end":{"line":332,"column":11}}},"19":{"name":"(anonymous_25)","decl":{"start":{"line":341,"column":18},"end":{"line":341,"column":19}},"loc":{"start":{"line":341,"column":27},"end":{"line":354,"column":11}}},"20":{"name":"(anonymous_26)","decl":{"start":{"line":346,"column":27},"end":{"line":346,"column":30}},"loc":{"start":{"line":346,"column":32},"end":{"line":348,"column":19}}},"21":{"name":"(anonymous_27)","decl":{"start":{"line":360,"column":24},"end":{"line":360,"column":25}},"loc":{"start":{"line":366,"column":5},"end":{"line":562,"column":1}}},"22":{"name":"(anonymous_28)","decl":{"start":{"line":371,"column":4},"end":{"line":371,"column":5}},"loc":{"start":{"line":371,"column":39},"end":{"line":381,"column":5}}},"23":{"name":"(anonymous_29)","decl":{"start":{"line":374,"column":23},"end":{"line":374,"column":24}},"loc":{"start":{"line":374,"column":33},"end":{"line":379,"column":9}}},"24":{"name":"(anonymous_30)","decl":{"start":{"line":386,"column":12},"end":{"line":386,"column":15}},"loc":{"start":{"line":386,"column":17},"end":{"line":388,"column":3}}},"25":{"name":"(anonymous_31)","decl":{"start":{"line":391,"column":4},"end":{"line":391,"column":5}},"loc":{"start":{"line":391,"column":25},"end":{"line":405,"column":5}}},"26":{"name":"(anonymous_32)","decl":{"start":{"line":394,"column":20},"end":{"line":394,"column":21}},"loc":{"start":{"line":394,"column":32},"end":{"line":403,"column":7}}},"27":{"name":"(anonymous_33)","decl":{"start":{"line":395,"column":21},"end":{"line":395,"column":22}},"loc":{"start":{"line":395,"column":29},"end":{"line":402,"column":9}}},"28":{"name":"(anonymous_34)","decl":{"start":{"line":411,"column":21},"end":{"line":411,"column":24}},"loc":{"start":{"line":411,"column":26},"end":{"line":429,"column":3}}},"29":{"name":"(anonymous_35)","decl":{"start":{"line":431,"column":21},"end":{"line":431,"column":24}},"loc":{"start":{"line":431,"column":26},"end":{"line":449,"column":3}}},"30":{"name":"(anonymous_36)","decl":{"start":{"line":451,"column":22},"end":{"line":451,"column":25}},"loc":{"start":{"line":451,"column":27},"end":{"line":454,"column":3}}},"31":{"name":"(anonymous_37)","decl":{"start":{"line":476,"column":21},"end":{"line":476,"column":24}},"loc":{"start":{"line":476,"column":26},"end":{"line":478,"column":13}}},"32":{"name":"(anonymous_38)","decl":{"start":{"line":487,"column":21},"end":{"line":487,"column":24}},"loc":{"start":{"line":487,"column":26},"end":{"line":489,"column":13}}},"33":{"name":"(anonymous_39)","decl":{"start":{"line":498,"column":21},"end":{"line":498,"column":24}},"loc":{"start":{"line":498,"column":26},"end":{"line":500,"column":13}}},"34":{"name":"(anonymous_40)","decl":{"start":{"line":518,"column":21},"end":{"line":518,"column":24}},"loc":{"start":{"line":518,"column":26},"end":{"line":520,"column":13}}},"35":{"name":"(anonymous_41)","decl":{"start":{"line":527,"column":21},"end":{"line":527,"column":24}},"loc":{"start":{"line":527,"column":26},"end":{"line":529,"column":13}}}},"branchMap":{"0":{"loc":{"start":{"line":50,"column":4},"end":{"line":56,"column":null}},"type":"if","locations":[{"start":{"line":50,"column":4},"end":{"line":56,"column":null}},{"start":{"line":52,"column":11},"end":{"line":56,"column":null}}]},"1":{"loc":{"start":{"line":52,"column":11},"end":{"line":56,"column":null}},"type":"if","locations":[{"start":{"line":52,"column":11},"end":{"line":56,"column":null}}]},"2":{"loc":{"start":{"line":58,"column":2},"end":{"line":61,"column":null}},"type":"if","locations":[{"start":{"line":58,"column":2},"end":{"line":61,"column":null}}]},"3":{"loc":{"start":{"line":78,"column":4},"end":{"line":105,"column":null}},"type":"switch","locations":[{"start":{"line":79,"column":6},"end":{"line":85,"column":13}},{"start":{"line":86,"column":6},"end":{"line":92,"column":13}},{"start":{"line":93,"column":6},"end":{"line":102,"column":13}},{"start":{"line":103,"column":6},"end":{"line":104,"column":13}}]},"4":{"loc":{"start":{"line":116,"column":14},"end":{"line":116,"column":64}},"type":"binary-expr","locations":[{"start":{"line":116,"column":14},"end":{"line":116,"column":17}},{"start":{"line":116,"column":21},"end":{"line":116,"column":64}}]},"5":{"loc":{"start":{"line":117,"column":17},"end":{"line":117,"column":41}},"type":"binary-expr","locations":[{"start":{"line":117,"column":17},"end":{"line":117,"column":23}},{"start":{"line":117,"column":27},"end":{"line":117,"column":28}},{"start":{"line":117,"column":32},"end":{"line":117,"column":41}}]},"6":{"loc":{"start":{"line":124,"column":12},"end":{"line":131,"column":null}},"type":"if","locations":[{"start":{"line":124,"column":12},"end":{"line":131,"column":null}},{"start":{"line":127,"column":19},"end":{"line":131,"column":null}}]},"7":{"loc":{"start":{"line":127,"column":19},"end":{"line":131,"column":null}},"type":"if","locations":[{"start":{"line":127,"column":19},"end":{"line":131,"column":null}},{"start":{"line":129,"column":19},"end":{"line":131,"column":null}}]},"8":{"loc":{"start":{"line":136,"column":23},"end":{"line":136,"column":55}},"type":"binary-expr","locations":[{"start":{"line":136,"column":23},"end":{"line":136,"column":26}},{"start":{"line":136,"column":30},"end":{"line":136,"column":55}}]},"9":{"loc":{"start":{"line":139,"column":11},"end":{"line":153,"column":14}},"type":"binary-expr","locations":[{"start":{"line":139,"column":11},"end":{"line":139,"column":15}},{"start":{"line":140,"column":12},"end":{"line":153,"column":14}}]},"10":{"loc":{"start":{"line":146,"column":22},"end":{"line":146,"column":43}},"type":"binary-expr","locations":[{"start":{"line":146,"column":22},"end":{"line":146,"column":29}},{"start":{"line":146,"column":33},"end":{"line":146,"column":43}}]},"11":{"loc":{"start":{"line":227,"column":14},"end":{"line":227,"column":64}},"type":"binary-expr","locations":[{"start":{"line":227,"column":14},"end":{"line":227,"column":17}},{"start":{"line":227,"column":21},"end":{"line":227,"column":64}}]},"12":{"loc":{"start":{"line":228,"column":16},"end":{"line":228,"column":40}},"type":"binary-expr","locations":[{"start":{"line":228,"column":16},"end":{"line":228,"column":22}},{"start":{"line":228,"column":26},"end":{"line":228,"column":27}},{"start":{"line":228,"column":31},"end":{"line":228,"column":40}}]},"13":{"loc":{"start":{"line":243,"column":14},"end":{"line":247,"column":null}},"type":"if","locations":[{"start":{"line":243,"column":14},"end":{"line":247,"column":null}},{"start":{"line":245,"column":21},"end":{"line":247,"column":null}}]},"14":{"loc":{"start":{"line":261,"column":11},"end":{"line":275,"column":14}},"type":"binary-expr","locations":[{"start":{"line":261,"column":11},"end":{"line":261,"column":14}},{"start":{"line":262,"column":12},"end":{"line":275,"column":14}}]},"15":{"loc":{"start":{"line":268,"column":22},"end":{"line":268,"column":43}},"type":"binary-expr","locations":[{"start":{"line":268,"column":22},"end":{"line":268,"column":29}},{"start":{"line":268,"column":33},"end":{"line":268,"column":43}}]},"16":{"loc":{"start":{"line":312,"column":12},"end":{"line":312,"column":76}},"type":"binary-expr","locations":[{"start":{"line":312,"column":12},"end":{"line":312,"column":22}},{"start":{"line":312,"column":26},"end":{"line":312,"column":76}}]},"17":{"loc":{"start":{"line":313,"column":14},"end":{"line":313,"column":38}},"type":"binary-expr","locations":[{"start":{"line":313,"column":14},"end":{"line":313,"column":20}},{"start":{"line":313,"column":24},"end":{"line":313,"column":25}},{"start":{"line":313,"column":29},"end":{"line":313,"column":38}}]},"18":{"loc":{"start":{"line":323,"column":24},"end":{"line":323,"column":50}},"type":"cond-expr","locations":[{"start":{"line":323,"column":30},"end":{"line":323,"column":41}},{"start":{"line":323,"column":44},"end":{"line":323,"column":50}}]},"19":{"loc":{"start":{"line":327,"column":12},"end":{"line":331,"column":null}},"type":"if","locations":[{"start":{"line":327,"column":12},"end":{"line":331,"column":null}},{"start":{"line":329,"column":19},"end":{"line":331,"column":null}}]},"20":{"loc":{"start":{"line":340,"column":9},"end":{"line":354,"column":12}},"type":"binary-expr","locations":[{"start":{"line":340,"column":9},"end":{"line":340,"column":12}},{"start":{"line":341,"column":10},"end":{"line":354,"column":12}}]},"21":{"loc":{"start":{"line":347,"column":20},"end":{"line":347,"column":41}},"type":"binary-expr","locations":[{"start":{"line":347,"column":20},"end":{"line":347,"column":27}},{"start":{"line":347,"column":31},"end":{"line":347,"column":41}}]},"22":{"loc":{"start":{"line":373,"column":6},"end":{"line":379,"column":10}},"type":"binary-expr","locations":[{"start":{"line":373,"column":6},"end":{"line":373,"column":12}},{"start":{"line":374,"column":8},"end":{"line":379,"column":10}}]},"23":{"loc":{"start":{"line":375,"column":10},"end":{"line":377,"column":null}},"type":"if","locations":[{"start":{"line":375,"column":10},"end":{"line":377,"column":null}}]},"24":{"loc":{"start":{"line":380,"column":13},"end":{"line":380,"column":25}},"type":"binary-expr","locations":[{"start":{"line":380,"column":13},"end":{"line":380,"column":19}},{"start":{"line":380,"column":23},"end":{"line":380,"column":25}}]},"25":{"loc":{"start":{"line":396,"column":10},"end":{"line":401,"column":null}},"type":"if","locations":[{"start":{"line":396,"column":10},"end":{"line":401,"column":null}}]},"26":{"loc":{"start":{"line":412,"column":4},"end":{"line":427,"column":null}},"type":"if","locations":[{"start":{"line":412,"column":4},"end":{"line":427,"column":null}},{"start":{"line":414,"column":11},"end":{"line":427,"column":null}}]},"27":{"loc":{"start":{"line":414,"column":11},"end":{"line":427,"column":null}},"type":"if","locations":[{"start":{"line":414,"column":11},"end":{"line":427,"column":null}},{"start":{"line":425,"column":11},"end":{"line":427,"column":null}}]},"28":{"loc":{"start":{"line":417,"column":6},"end":{"line":424,"column":null}},"type":"if","locations":[{"start":{"line":417,"column":6},"end":{"line":424,"column":null}},{"start":{"line":421,"column":13},"end":{"line":424,"column":null}}]},"29":{"loc":{"start":{"line":425,"column":11},"end":{"line":427,"column":null}},"type":"if","locations":[{"start":{"line":425,"column":11},"end":{"line":427,"column":null}}]},"30":{"loc":{"start":{"line":432,"column":4},"end":{"line":447,"column":null}},"type":"if","locations":[{"start":{"line":432,"column":4},"end":{"line":447,"column":null}},{"start":{"line":434,"column":11},"end":{"line":447,"column":null}}]},"31":{"loc":{"start":{"line":434,"column":11},"end":{"line":447,"column":null}},"type":"if","locations":[{"start":{"line":434,"column":11},"end":{"line":447,"column":null}},{"start":{"line":445,"column":11},"end":{"line":447,"column":null}}]},"32":{"loc":{"start":{"line":437,"column":6},"end":{"line":444,"column":null}},"type":"if","locations":[{"start":{"line":437,"column":6},"end":{"line":444,"column":null}},{"start":{"line":440,"column":13},"end":{"line":444,"column":null}}]},"33":{"loc":{"start":{"line":445,"column":11},"end":{"line":447,"column":null}},"type":"if","locations":[{"start":{"line":445,"column":11},"end":{"line":447,"column":null}}]},"34":{"loc":{"start":{"line":474,"column":23},"end":{"line":474,"column":73}},"type":"cond-expr","locations":[{"start":{"line":474,"column":42},"end":{"line":474,"column":56}},{"start":{"line":474,"column":59},"end":{"line":474,"column":73}}]},"35":{"loc":{"start":{"line":485,"column":23},"end":{"line":485,"column":72}},"type":"cond-expr","locations":[{"start":{"line":485,"column":41},"end":{"line":485,"column":55}},{"start":{"line":485,"column":58},"end":{"line":485,"column":72}}]},"36":{"loc":{"start":{"line":496,"column":23},"end":{"line":496,"column":71}},"type":"cond-expr","locations":[{"start":{"line":496,"column":40},"end":{"line":496,"column":54}},{"start":{"line":496,"column":57},"end":{"line":496,"column":71}}]},"37":{"loc":{"start":{"line":555,"column":11},"end":{"line":555,"column":68}},"type":"binary-expr","locations":[{"start":{"line":555,"column":11},"end":{"line":555,"column":27}},{"start":{"line":555,"column":31},"end":{"line":555,"column":68}}]},"38":{"loc":{"start":{"line":556,"column":11},"end":{"line":556,"column":78}},"type":"binary-expr","locations":[{"start":{"line":556,"column":11},"end":{"line":556,"column":26}},{"start":{"line":556,"column":30},"end":{"line":556,"column":78}}]},"39":{"loc":{"start":{"line":557,"column":11},"end":{"line":557,"column":64}},"type":"binary-expr","locations":[{"start":{"line":557,"column":11},"end":{"line":557,"column":25}},{"start":{"line":557,"column":29},"end":{"line":557,"column":64}}]}},"s":{"0":6,"1":6,"2":6,"3":6,"4":0,"5":0,"6":0,"7":0,"8":0,"9":0,"10":0,"11":0,"12":0,"13":0,"14":0,"15":0,"16":0,"17":0,"18":0,"19":0,"20":0,"21":0,"22":0,"23":6,"24":6,"25":0,"26":0,"27":0,"28":0,"29":0,"30":0,"31":0,"32":0,"33":0,"34":0,"35":0,"36":0,"37":0,"38":0,"39":0,"40":0,"41":0,"42":0,"43":0,"44":0,"45":0,"46":0,"47":0,"48":0,"49":0,"50":0,"51":0,"52":0,"53":0,"54":0,"55":0,"56":0,"57":0,"58":0,"59":0,"60":6,"61":0,"62":0,"63":0,"64":0,"65":0,"66":0,"67":0,"68":0,"69":0,"70":0,"71":0,"72":0,"73":0,"74":0,"75":0,"76":6,"77":0,"78":0,"79":0,"80":0,"81":0,"82":0,"83":0,"84":0,"85":0,"86":0,"87":6,"88":0,"89":0,"90":0,"91":0,"92":0,"93":0,"94":0,"95":0,"96":0,"97":0,"98":0,"99":0,"100":0,"101":0,"102":0,"103":0,"104":0,"105":0,"106":0,"107":0,"108":0,"109":0,"110":0,"111":0,"112":0,"113":0,"114":0,"115":0,"116":0,"117":0,"118":0,"119":0,"120":0,"121":0,"122":0,"123":0,"124":0,"125":0,"126":0,"127":0,"128":0,"129":0,"130":0,"131":0,"132":0,"133":0,"134":0,"135":0,"136":0,"137":0,"138":0,"139":0,"140":0,"141":0,"142":0,"143":0,"144":0,"145":0,"146":0,"147":0,"148":0,"149":6},"f":{"0":0,"1":0,"2":0,"3":0,"4":0,"5":0,"6":0,"7":0,"8":0,"9":0,"10":0,"11":0,"12":0,"13":0,"14":0,"15":0,"16":0,"17":0,"18":0,"19":0,"20":0,"21":0,"22":0,"23":0,"24":0,"25":0,"26":0,"27":0,"28":0,"29":0,"30":0,"31":0,"32":0,"33":0,"34":0,"35":0},"b":{"0":[0,0],"1":[0],"2":[0],"3":[0,0,0,0],"4":[0,0],"5":[0,0,0],"6":[0,0],"7":[0,0],"8":[0,0],"9":[0,0],"10":[0,0],"11":[0,0],"12":[0,0,0],"13":[0,0],"14":[0,0],"15":[0,0],"16":[0,0],"17":[0,0,0],"18":[0,0],"19":[0,0],"20":[0,0],"21":[0,0],"22":[0,0],"23":[0],"24":[0,0],"25":[0],"26":[0,0],"27":[0,0],"28":[0,0],"29":[0],"30":[0,0],"31":[0,0],"32":[0,0],"33":[0],"34":[0,0],"35":[0,0],"36":[0,0],"37":[0,0],"38":[0,0],"39":[0,0]}}
,"C:\\Users\\versu\\PhpstormProjects\\keszflow-business-panel\\packages\\components\\src\\components\\Favicon\\index.tsx": {"path":"C:\\Users\\versu\\PhpstormProjects\\keszflow-business-panel\\packages\\components\\src\\components\\Favicon\\index.tsx","statementMap":{"0":{"start":{"line":1,"column":16},"end":{"line":33,"column":null}},"1":{"start":{"line":2,"column":2},"end":{"line":32,"column":null}},"2":{"start":{"line":36,"column":0},"end":{"line":36,"column":null}}},"fnMap":{"0":{"name":"(anonymous_0)","decl":{"start":{"line":1,"column":16},"end":{"line":1,"column":19}},"loc":{"start":{"line":2,"column":2},"end":{"line":32,"column":null}}}},"branchMap":{},"s":{"0":6,"1":0,"2":6},"f":{"0":0},"b":{}}
,"C:\\Users\\versu\\PhpstormProjects\\keszflow-business-panel\\packages\\components\\src\\components\\Footer\\index.tsx": {"path":"C:\\Users\\versu\\PhpstormProjects\\keszflow-business-panel\\packages\\components\\src\\components\\Footer\\index.tsx","statementMap":{"0":{"start":{"line":1,"column":0},"end":{"line":1,"column":47}},"1":{"start":{"line":3,"column":25},"end":{"line":3,"column":29}},"2":{"start":{"line":5,"column":22},"end":{"line":28,"column":1}},"3":{"start":{"line":6,"column":22},"end":{"line":6,"column":46}},"4":{"start":{"line":7,"column":2},"end":{"line":27,"column":null}},"5":{"start":{"line":18,"column":27},"end":{"line":18,"column":50}},"6":{"start":{"line":5,"column":13},"end":{"line":5,"column":22}}},"fnMap":{"0":{"name":"(anonymous_0)","decl":{"start":{"line":5,"column":22},"end":{"line":5,"column":25}},"loc":{"start":{"line":5,"column":27},"end":{"line":28,"column":1}}},"1":{"name":"(anonymous_1)","decl":{"start":{"line":18,"column":16},"end":{"line":18,"column":17}},"loc":{"start":{"line":18,"column":27},"end":{"line":18,"column":50}}}},"branchMap":{"0":{"loc":{"start":{"line":23,"column":9},"end":{"line":23,"column":77}},"type":"cond-expr","locations":[{"start":{"line":23,"column":42},"end":{"line":23,"column":63}},{"start":{"line":23,"column":66},"end":{"line":23,"column":77}}]}},"s":{"0":7,"1":7,"2":7,"3":2,"4":2,"5":1,"6":7},"f":{"0":2,"1":1},"b":{"0":[0,2]}}
,"C:\\Users\\versu\\PhpstormProjects\\keszflow-business-panel\\packages\\components\\src\\components\\Head\\index.tsx": {"path":"C:\\Users\\versu\\PhpstormProjects\\keszflow-business-panel\\packages\\components\\src\\components\\Head\\index.tsx","statementMap":{"0":{"start":{"line":1,"column":0},"end":{"line":1,"column":28}},"1":{"start":{"line":2,"column":0},"end":{"line":2,"column":32}},"2":{"start":{"line":4,"column":16},"end":{"line":12,"column":null}},"3":{"start":{"line":5,"column":2},"end":{"line":11,"column":null}},"4":{"start":{"line":15,"column":0},"end":{"line":15,"column":null}}},"fnMap":{"0":{"name":"(anonymous_1)","decl":{"start":{"line":4,"column":16},"end":{"line":4,"column":17}},"loc":{"start":{"line":5,"column":2},"end":{"line":11,"column":null}}}},"branchMap":{"0":{"loc":{"start":{"line":6,"column":12},"end":{"line":6,"column":54}},"type":"cond-expr","locations":[{"start":{"line":6,"column":20},"end":{"line":6,"column":41}},{"start":{"line":6,"column":44},"end":{"line":6,"column":54}}]}},"s":{"0":6,"1":6,"2":6,"3":0,"4":6},"f":{"0":0},"b":{"0":[0,0]}}
,"C:\\Users\\versu\\PhpstormProjects\\keszflow-business-panel\\packages\\components\\src\\components\\Header\\index.tsx": {"path":"C:\\Users\\versu\\PhpstormProjects\\keszflow-business-panel\\packages\\components\\src\\components\\Header\\index.tsx","statementMap":{"0":{"start":{"line":1,"column":0},"end":{"line":1,"column":25}},"1":{"start":{"line":2,"column":0},"end":{"line":2,"column":null}},"2":{"start":{"line":14,"column":0},"end":{"line":14,"column":59}},"3":{"start":{"line":15,"column":0},"end":{"line":15,"column":28}},"4":{"start":{"line":16,"column":0},"end":{"line":16,"column":45}},"5":{"start":{"line":18,"column":22},"end":{"line":89,"column":1}},"6":{"start":{"line":19,"column":34},"end":{"line":19,"column":74}},"7":{"start":{"line":20,"column":22},"end":{"line":22,"column":3}},"8":{"start":{"line":21,"column":4},"end":{"line":21,"column":null}},"9":{"start":{"line":23,"column":22},"end":{"line":25,"column":3}},"10":{"start":{"line":24,"column":4},"end":{"line":24,"column":null}},"11":{"start":{"line":27,"column":2},"end":{"line":88,"column":null}},"12":{"start":{"line":34,"column":27},"end":{"line":34,"column":50}},"13":{"start":{"line":18,"column":13},"end":{"line":18,"column":22}}},"fnMap":{"0":{"name":"(anonymous_1)","decl":{"start":{"line":18,"column":22},"end":{"line":18,"column":25}},"loc":{"start":{"line":18,"column":27},"end":{"line":89,"column":1}}},"1":{"name":"(anonymous_2)","decl":{"start":{"line":20,"column":22},"end":{"line":20,"column":23}},"loc":{"start":{"line":20,"column":63},"end":{"line":22,"column":3}}},"2":{"name":"(anonymous_3)","decl":{"start":{"line":23,"column":22},"end":{"line":23,"column":25}},"loc":{"start":{"line":23,"column":27},"end":{"line":25,"column":3}}},"3":{"name":"(anonymous_4)","decl":{"start":{"line":34,"column":16},"end":{"line":34,"column":17}},"loc":{"start":{"line":34,"column":27},"end":{"line":34,"column":50}}}},"branchMap":{},"s":{"0":6,"1":6,"2":6,"3":6,"4":6,"5":6,"6":2,"7":2,"8":0,"9":2,"10":0,"11":2,"12":1,"13":6},"f":{"0":2,"1":0,"2":0,"3":1},"b":{}}
,"C:\\Users\\versu\\PhpstormProjects\\keszflow-business-panel\\packages\\components\\src\\components\\Invoices\\Create.tsx": {"path":"C:\\Users\\versu\\PhpstormProjects\\keszflow-business-panel\\packages\\components\\src\\components\\Invoices\\Create.tsx","statementMap":{"0":{"start":{"line":1,"column":0},"end":{"line":1,"column":32}},"1":{"start":{"line":2,"column":0},"end":{"line":2,"column":34}},"2":{"start":{"line":3,"column":0},"end":{"line":3,"column":null}},"3":{"start":{"line":11,"column":0},"end":{"line":11,"column":43}},"4":{"start":{"line":12,"column":0},"end":{"line":12,"column":50}},"5":{"start":{"line":13,"column":0},"end":{"line":13,"column":67}},"6":{"start":{"line":15,"column":30},"end":{"line":21,"column":1}},"7":{"start":{"line":16,"column":48},"end":{"line":16,"column":63}},"8":{"start":{"line":17,"column":28},"end":{"line":19,"column":3}},"9":{"start":{"line":18,"column":4},"end":{"line":18,"column":null}},"10":{"start":{"line":20,"column":2},"end":{"line":20,"column":null}},"11":{"start":{"line":15,"column":13},"end":{"line":15,"column":30}},"12":{"start":{"line":66,"column":29},"end":{"line":116,"column":1}},"13":{"start":{"line":67,"column":36},"end":{"line":67,"column":45}},"14":{"start":{"line":68,"column":14},"end":{"line":68,"column":28}},"15":{"start":{"line":70,"column":15},"end":{"line":70,"column":23}},"16":{"start":{"line":71,"column":21},"end":{"line":71,"column":35}},"17":{"start":{"line":74,"column":4},"end":{"line":111,"column":null}},"18":{"start":{"line":90,"column":32},"end":{"line":90,"column":58}},"19":{"start":{"line":105,"column":14},"end":{"line":105,"column":null}},"20":{"start":{"line":115,"column":2},"end":{"line":115,"column":null}},"21":{"start":{"line":66,"column":13},"end":{"line":66,"column":29}},"22":{"start":{"line":118,"column":0},"end":{"line":122,"column":null}},"23":{"start":{"line":124,"column":0},"end":{"line":128,"column":null}}},"fnMap":{"0":{"name":"(anonymous_1)","decl":{"start":{"line":15,"column":30},"end":{"line":15,"column":33}},"loc":{"start":{"line":15,"column":35},"end":{"line":21,"column":1}}},"1":{"name":"(anonymous_2)","decl":{"start":{"line":17,"column":28},"end":{"line":17,"column":31}},"loc":{"start":{"line":17,"column":33},"end":{"line":19,"column":3}}},"2":{"name":"(anonymous_3)","decl":{"start":{"line":66,"column":29},"end":{"line":66,"column":30}},"loc":{"start":{"line":66,"column":73},"end":{"line":116,"column":1}}},"3":{"name":"(anonymous_4)","decl":{"start":{"line":90,"column":21},"end":{"line":90,"column":22}},"loc":{"start":{"line":90,"column":32},"end":{"line":90,"column":58}}},"4":{"name":"(anonymous_5)","decl":{"start":{"line":104,"column":21},"end":{"line":104,"column":24}},"loc":{"start":{"line":104,"column":26},"end":{"line":106,"column":13}}},"5":{"name":"(anonymous_6)","decl":{"start":{"line":126,"column":11},"end":{"line":126,"column":14}},"loc":{"start":{"line":126,"column":16},"end":{"line":126,"column":19}}}},"branchMap":{"0":{"loc":{"start":{"line":115,"column":9},"end":{"line":115,"column":43}},"type":"cond-expr","locations":[{"start":{"line":115,"column":22},"end":{"line":115,"column":32}},{"start":{"line":115,"column":35},"end":{"line":115,"column":43}}]}},"s":{"0":6,"1":6,"2":6,"3":6,"4":6,"5":6,"6":6,"7":0,"8":0,"9":0,"10":0,"11":6,"12":6,"13":0,"14":0,"15":0,"16":0,"17":0,"18":0,"19":0,"20":0,"21":6,"22":6,"23":6},"f":{"0":0,"1":0,"2":0,"3":0,"4":0,"5":0},"b":{"0":[0,0]}}
,"C:\\Users\\versu\\PhpstormProjects\\keszflow-business-panel\\packages\\components\\src\\components\\Invoices\\Export.tsx": {"path":"C:\\Users\\versu\\PhpstormProjects\\keszflow-business-panel\\packages\\components\\src\\components\\Invoices\\Export.tsx","statementMap":{"0":{"start":{"line":1,"column":0},"end":{"line":1,"column":40}},"1":{"start":{"line":2,"column":0},"end":{"line":2,"column":34}},"2":{"start":{"line":3,"column":0},"end":{"line":3,"column":null}},"3":{"start":{"line":18,"column":0},"end":{"line":18,"column":43}},"4":{"start":{"line":19,"column":0},"end":{"line":19,"column":48}},"5":{"start":{"line":20,"column":0},"end":{"line":20,"column":65}},"6":{"start":{"line":21,"column":0},"end":{"line":21,"column":45}},"7":{"start":{"line":23,"column":25},"end":{"line":29,"column":1}},"8":{"start":{"line":24,"column":48},"end":{"line":24,"column":63}},"9":{"start":{"line":25,"column":28},"end":{"line":27,"column":3}},"10":{"start":{"line":26,"column":4},"end":{"line":26,"column":null}},"11":{"start":{"line":28,"column":2},"end":{"line":28,"column":null}},"12":{"start":{"line":23,"column":13},"end":{"line":23,"column":25}},"13":{"start":{"line":43,"column":22},"end":{"line":161,"column":1}},"14":{"start":{"line":44,"column":18},"end":{"line":44,"column":48}},"15":{"start":{"line":46,"column":39},"end":{"line":50,"column":null}},"16":{"start":{"line":52,"column":23},"end":{"line":55,"column":3}},"17":{"start":{"line":53,"column":17},"end":{"line":53,"column":33}},"18":{"start":{"line":54,"column":4},"end":{"line":54,"column":null}},"19":{"start":{"line":57,"column":2},"end":{"line":160,"column":null}},"20":{"start":{"line":68,"column":32},"end":{"line":68,"column":58}},"21":{"start":{"line":82,"column":14},"end":{"line":82,"column":null}},"22":{"start":{"line":83,"column":14},"end":{"line":83,"column":null}},"23":{"start":{"line":88,"column":14},"end":{"line":142,"column":null}},"24":{"start":{"line":96,"column":24},"end":{"line":102,"column":null}},"25":{"start":{"line":104,"column":47},"end":{"line":104,"column":72}},"26":{"start":{"line":113,"column":24},"end":{"line":119,"column":null}},"27":{"start":{"line":121,"column":47},"end":{"line":121,"column":72}},"28":{"start":{"line":133,"column":26},"end":{"line":133,"column":null}},"29":{"start":{"line":152,"column":14},"end":{"line":152,"column":null}},"30":{"start":{"line":43,"column":13},"end":{"line":43,"column":22}},"31":{"start":{"line":163,"column":0},"end":{"line":167,"column":null}},"32":{"start":{"line":169,"column":0},"end":{"line":173,"column":null}}},"fnMap":{"0":{"name":"(anonymous_1)","decl":{"start":{"line":23,"column":25},"end":{"line":23,"column":28}},"loc":{"start":{"line":23,"column":30},"end":{"line":29,"column":1}}},"1":{"name":"(anonymous_2)","decl":{"start":{"line":25,"column":28},"end":{"line":25,"column":31}},"loc":{"start":{"line":25,"column":33},"end":{"line":27,"column":3}}},"2":{"name":"(anonymous_3)","decl":{"start":{"line":43,"column":22},"end":{"line":43,"column":23}},"loc":{"start":{"line":43,"column":53},"end":{"line":161,"column":1}}},"3":{"name":"(anonymous_4)","decl":{"start":{"line":52,"column":23},"end":{"line":52,"column":26}},"loc":{"start":{"line":52,"column":28},"end":{"line":55,"column":3}}},"4":{"name":"(anonymous_5)","decl":{"start":{"line":68,"column":21},"end":{"line":68,"column":22}},"loc":{"start":{"line":68,"column":32},"end":{"line":68,"column":58}}},"5":{"name":"(anonymous_6)","decl":{"start":{"line":78,"column":22},"end":{"line":78,"column":null}},"loc":{"start":{"line":81,"column":16},"end":{"line":84,"column":13}}},"6":{"name":"(anonymous_7)","decl":{"start":{"line":87,"column":13},"end":{"line":87,"column":14}},"loc":{"start":{"line":88,"column":14},"end":{"line":142,"column":null}}},"7":{"name":"(anonymous_8)","decl":{"start":{"line":95,"column":32},"end":{"line":95,"column":33}},"loc":{"start":{"line":95,"column":40},"end":{"line":103,"column":23}}},"8":{"name":"(anonymous_9)","decl":{"start":{"line":104,"column":35},"end":{"line":104,"column":36}},"loc":{"start":{"line":104,"column":47},"end":{"line":104,"column":72}}},"9":{"name":"(anonymous_10)","decl":{"start":{"line":112,"column":32},"end":{"line":112,"column":33}},"loc":{"start":{"line":112,"column":40},"end":{"line":120,"column":23}}},"10":{"name":"(anonymous_11)","decl":{"start":{"line":121,"column":35},"end":{"line":121,"column":36}},"loc":{"start":{"line":121,"column":47},"end":{"line":121,"column":72}}},"11":{"name":"(anonymous_12)","decl":{"start":{"line":132,"column":34},"end":{"line":132,"column":35}},"loc":{"start":{"line":132,"column":40},"end":{"line":134,"column":25}}},"12":{"name":"(anonymous_13)","decl":{"start":{"line":151,"column":21},"end":{"line":151,"column":24}},"loc":{"start":{"line":151,"column":26},"end":{"line":153,"column":13}}},"13":{"name":"(anonymous_14)","decl":{"start":{"line":171,"column":11},"end":{"line":171,"column":14}},"loc":{"start":{"line":171,"column":16},"end":{"line":171,"column":19}}},"14":{"name":"(anonymous_15)","decl":{"start":{"line":172,"column":13},"end":{"line":172,"column":16}},"loc":{"start":{"line":172,"column":18},"end":{"line":172,"column":21}}}},"branchMap":{},"s":{"0":6,"1":6,"2":6,"3":6,"4":6,"5":6,"6":6,"7":6,"8":0,"9":0,"10":0,"11":0,"12":6,"13":6,"14":0,"15":0,"16":0,"17":0,"18":0,"19":0,"20":0,"21":0,"22":0,"23":0,"24":0,"25":0,"26":0,"27":0,"28":0,"29":0,"30":6,"31":6,"32":6},"f":{"0":0,"1":0,"2":0,"3":0,"4":0,"5":0,"6":0,"7":0,"8":0,"9":0,"10":0,"11":0,"12":0,"13":0,"14":0},"b":{}}
,"C:\\Users\\versu\\PhpstormProjects\\keszflow-business-panel\\packages\\components\\src\\components\\Invoices\\Form.tsx": {"path":"C:\\Users\\versu\\PhpstormProjects\\keszflow-business-panel\\packages\\components\\src\\components\\Invoices\\Form.tsx","statementMap":{"0":{"start":{"line":1,"column":0},"end":{"line":1,"column":null}},"1":{"start":{"line":10,"column":0},"end":{"line":10,"column":48}},"2":{"start":{"line":11,"column":0},"end":{"line":11,"column":65}},"3":{"start":{"line":12,"column":0},"end":{"line":12,"column":null}},"4":{"start":{"line":21,"column":0},"end":{"line":21,"column":57}},"5":{"start":{"line":22,"column":0},"end":{"line":22,"column":66}},"6":{"start":{"line":23,"column":0},"end":{"line":23,"column":26}},"7":{"start":{"line":25,"column":23},"end":{"line":33,"column":1}},"8":{"start":{"line":26,"column":18},"end":{"line":26,"column":48}},"9":{"start":{"line":27,"column":23},"end":{"line":30,"column":3}},"10":{"start":{"line":28,"column":17},"end":{"line":28,"column":33}},"11":{"start":{"line":29,"column":4},"end":{"line":29,"column":null}},"12":{"start":{"line":32,"column":2},"end":{"line":32,"column":null}},"13":{"start":{"line":25,"column":13},"end":{"line":25,"column":23}},"14":{"start":{"line":35,"column":0},"end":{"line":35,"column":null}},"15":{"start":{"line":36,"column":2},"end":{"line":36,"column":null}},"16":{"start":{"line":37,"column":2},"end":{"line":37,"column":null}},"17":{"start":{"line":40,"column":13},"end":{"line":518,"column":null}},"18":{"start":{"line":59,"column":35},"end":{"line":69,"column":null}},"19":{"start":{"line":71,"column":50},"end":{"line":71,"column":74}},"20":{"start":{"line":73,"column":36},"end":{"line":97,"column":null}},"21":{"start":{"line":99,"column":29},"end":{"line":133,"column":6}},"22":{"start":{"line":135,"column":22},"end":{"line":162,"column":5}},"23":{"start":{"line":136,"column":24},"end":{"line":136,"column":45}},"24":{"start":{"line":138,"column":6},"end":{"line":161,"column":null}},"25":{"start":{"line":150,"column":18},"end":{"line":155,"column":null}},"26":{"start":{"line":151,"column":20},"end":{"line":153,"column":null}},"27":{"start":{"line":164,"column":20},"end":{"line":290,"column":5}},"28":{"start":{"line":171,"column":6},"end":{"line":289,"column":null}},"29":{"start":{"line":277,"column":35},"end":{"line":277,"column":64}},"30":{"start":{"line":278,"column":18},"end":{"line":278,"column":null}},"31":{"start":{"line":279,"column":18},"end":{"line":279,"column":null}},"32":{"start":{"line":292,"column":4},"end":{"line":516,"column":null}},"33":{"start":{"line":301,"column":12},"end":{"line":304,"column":null}},"34":{"start":{"line":303,"column":16},"end":{"line":303,"column":null}},"35":{"start":{"line":305,"column":12},"end":{"line":305,"column":null}},"36":{"start":{"line":306,"column":12},"end":{"line":306,"column":null}},"37":{"start":{"line":311,"column":12},"end":{"line":511,"column":null}},"38":{"start":{"line":434,"column":35},"end":{"line":434,"column":69}},"39":{"start":{"line":435,"column":22},"end":{"line":435,"column":null}},"40":{"start":{"line":438,"column":22},"end":{"line":438,"column":73}},"41":{"start":{"line":447,"column":35},"end":{"line":447,"column":69}},"42":{"start":{"line":448,"column":22},"end":{"line":448,"column":null}},"43":{"start":{"line":451,"column":22},"end":{"line":451,"column":71}},"44":{"start":{"line":460,"column":35},"end":{"line":460,"column":69}},"45":{"start":{"line":461,"column":22},"end":{"line":461,"column":null}},"46":{"start":{"line":464,"column":22},"end":{"line":464,"column":71}},"47":{"start":{"line":482,"column":39},"end":{"line":482,"column":68}},"48":{"start":{"line":483,"column":22},"end":{"line":493,"column":null}},"49":{"start":{"line":494,"column":22},"end":{"line":494,"column":null}},"50":{"start":{"line":508,"column":20},"end":{"line":508,"column":null}},"51":{"start":{"line":519,"column":0},"end":{"line":519,"column":null}},"52":{"start":{"line":521,"column":0},"end":{"line":525,"column":null}}},"fnMap":{"0":{"name":"(anonymous_6)","decl":{"start":{"line":25,"column":23},"end":{"line":25,"column":26}},"loc":{"start":{"line":25,"column":28},"end":{"line":33,"column":1}}},"1":{"name":"(anonymous_7)","decl":{"start":{"line":27,"column":23},"end":{"line":27,"column":26}},"loc":{"start":{"line":27,"column":28},"end":{"line":30,"column":3}}},"2":{"name":"(anonymous_8)","decl":{"start":{"line":35,"column":0},"end":{"line":35,"column":12}},"loc":{"start":{"line":35,"column":24},"end":{"line":38,"column":1}}},"3":{"name":"(anonymous_9)","decl":{"start":{"line":41,"column":2},"end":{"line":41,"column":null}},"loc":{"start":{"line":54,"column":6},"end":{"line":517,"column":3}}},"4":{"name":"(anonymous_10)","decl":{"start":{"line":135,"column":22},"end":{"line":135,"column":23}},"loc":{"start":{"line":135,"column":39},"end":{"line":162,"column":5}}},"5":{"name":"(anonymous_11)","decl":{"start":{"line":149,"column":25},"end":{"line":149,"column":28}},"loc":{"start":{"line":149,"column":30},"end":{"line":156,"column":17}}},"6":{"name":"(anonymous_12)","decl":{"start":{"line":150,"column":37},"end":{"line":150,"column":38}},"loc":{"start":{"line":150,"column":46},"end":{"line":155,"column":19}}},"7":{"name":"(anonymous_13)","decl":{"start":{"line":164,"column":20},"end":{"line":164,"column":21}},"loc":{"start":{"line":170,"column":9},"end":{"line":290,"column":5}}},"8":{"name":"(anonymous_14)","decl":{"start":{"line":187,"column":25},"end":{"line":187,"column":28}},"loc":{"start":{"line":187,"column":30},"end":{"line":187,"column":33}}},"9":{"name":"(anonymous_15)","decl":{"start":{"line":276,"column":25},"end":{"line":276,"column":28}},"loc":{"start":{"line":276,"column":30},"end":{"line":280,"column":17}}},"10":{"name":"(anonymous_16)","decl":{"start":{"line":297,"column":20},"end":{"line":297,"column":null}},"loc":{"start":{"line":300,"column":14},"end":{"line":307,"column":11}}},"11":{"name":"(anonymous_17)","decl":{"start":{"line":302,"column":35},"end":{"line":302,"column":36}},"loc":{"start":{"line":302,"column":47},"end":{"line":304,"column":15}}},"12":{"name":"(anonymous_18)","decl":{"start":{"line":310,"column":11},"end":{"line":310,"column":12}},"loc":{"start":{"line":311,"column":12},"end":{"line":511,"column":null}}},"13":{"name":"(anonymous_19)","decl":{"start":{"line":433,"column":30},"end":{"line":433,"column":31}},"loc":{"start":{"line":433,"column":38},"end":{"line":436,"column":21}}},"14":{"name":"(anonymous_20)","decl":{"start":{"line":437,"column":33},"end":{"line":437,"column":34}},"loc":{"start":{"line":438,"column":22},"end":{"line":438,"column":73}}},"15":{"name":"(anonymous_21)","decl":{"start":{"line":446,"column":30},"end":{"line":446,"column":31}},"loc":{"start":{"line":446,"column":38},"end":{"line":449,"column":21}}},"16":{"name":"(anonymous_22)","decl":{"start":{"line":450,"column":33},"end":{"line":450,"column":34}},"loc":{"start":{"line":451,"column":22},"end":{"line":451,"column":71}}},"17":{"name":"(anonymous_23)","decl":{"start":{"line":459,"column":30},"end":{"line":459,"column":31}},"loc":{"start":{"line":459,"column":38},"end":{"line":462,"column":21}}},"18":{"name":"(anonymous_24)","decl":{"start":{"line":463,"column":33},"end":{"line":463,"column":34}},"loc":{"start":{"line":464,"column":22},"end":{"line":464,"column":71}}},"19":{"name":"(anonymous_25)","decl":{"start":{"line":481,"column":29},"end":{"line":481,"column":32}},"loc":{"start":{"line":481,"column":34},"end":{"line":495,"column":21}}},"20":{"name":"(anonymous_26)","decl":{"start":{"line":507,"column":28},"end":{"line":507,"column":29}},"loc":{"start":{"line":507,"column":45},"end":{"line":509,"column":19}}}},"branchMap":{"0":{"loc":{"start":{"line":35,"column":12},"end":{"line":35,"column":null}},"type":"binary-expr","locations":[{"start":{"line":35,"column":12},"end":{"line":35,"column":24}},{"start":{"line":35,"column":12},"end":{"line":35,"column":null}}]},"1":{"loc":{"start":{"line":46,"column":6},"end":{"line":46,"column":33}},"type":"default-arg","locations":[{"start":{"line":46,"column":13},"end":{"line":46,"column":33}}]},"2":{"loc":{"start":{"line":73,"column":36},"end":{"line":97,"column":null}},"type":"binary-expr","locations":[{"start":{"line":73,"column":36},"end":{"line":73,"column":43}},{"start":{"line":73,"column":47},"end":{"line":97,"column":null}}]},"3":{"loc":{"start":{"line":139,"column":22},"end":{"line":159,"column":null}},"type":"binary-expr","locations":[{"start":{"line":139,"column":22},"end":{"line":139,"column":51}},{"start":{"line":140,"column":10},"end":{"line":140,"column":40}},{"start":{"line":141,"column":12},"end":{"line":158,"column":null}}]},"4":{"loc":{"start":{"line":145,"column":18},"end":{"line":147,"column":45}},"type":"cond-expr","locations":[{"start":{"line":146,"column":22},"end":{"line":146,"column":47}},{"start":{"line":147,"column":22},"end":{"line":147,"column":45}}]},"5":{"loc":{"start":{"line":175,"column":28},"end":{"line":175,"column":52}},"type":"cond-expr","locations":[{"start":{"line":175,"column":35},"end":{"line":175,"column":41}},{"start":{"line":175,"column":44},"end":{"line":175,"column":52}}]},"6":{"loc":{"start":{"line":182,"column":23},"end":{"line":182,"column":45}},"type":"cond-expr","locations":[{"start":{"line":182,"column":30},"end":{"line":182,"column":36}},{"start":{"line":182,"column":39},"end":{"line":182,"column":45}}]},"7":{"loc":{"start":{"line":198,"column":23},"end":{"line":198,"column":50}},"type":"binary-expr","locations":[{"start":{"line":198,"column":23},"end":{"line":198,"column":44}},{"start":{"line":198,"column":48},"end":{"line":198,"column":50}}]},"8":{"loc":{"start":{"line":301,"column":12},"end":{"line":304,"column":16}},"type":"binary-expr","locations":[{"start":{"line":301,"column":12},"end":{"line":301,"column":24}},{"start":{"line":302,"column":14},"end":{"line":304,"column":16}}]},"9":{"loc":{"start":{"line":434,"column":35},"end":{"line":434,"column":69}},"type":"binary-expr","locations":[{"start":{"line":434,"column":35},"end":{"line":434,"column":38}},{"start":{"line":434,"column":42},"end":{"line":434,"column":69}}]},"10":{"loc":{"start":{"line":447,"column":35},"end":{"line":447,"column":69}},"type":"binary-expr","locations":[{"start":{"line":447,"column":35},"end":{"line":447,"column":38}},{"start":{"line":447,"column":42},"end":{"line":447,"column":69}}]},"11":{"loc":{"start":{"line":460,"column":35},"end":{"line":460,"column":69}},"type":"binary-expr","locations":[{"start":{"line":460,"column":35},"end":{"line":460,"column":38}},{"start":{"line":460,"column":42},"end":{"line":460,"column":69}}]}},"s":{"0":6,"1":6,"2":6,"3":6,"4":6,"5":6,"6":6,"7":6,"8":0,"9":0,"10":0,"11":0,"12":0,"13":6,"14":6,"15":6,"16":6,"17":6,"18":4,"19":4,"20":4,"21":4,"22":4,"23":152,"24":152,"25":0,"26":0,"27":4,"28":4,"29":0,"30":0,"31":0,"32":4,"33":0,"34":0,"35":0,"36":0,"37":8,"38":0,"39":0,"40":8,"41":0,"42":0,"43":8,"44":0,"45":0,"46":8,"47":0,"48":0,"49":0,"50":0,"51":6,"52":6},"f":{"0":0,"1":0,"2":6,"3":4,"4":152,"5":0,"6":0,"7":4,"8":0,"9":0,"10":0,"11":0,"12":8,"13":0,"14":8,"15":0,"16":8,"17":0,"18":8,"19":0,"20":0},"b":{"0":[6,6],"1":[4],"2":[4,4],"3":[152,152,0],"4":[0,0],"5":[0,4],"6":[0,4],"7":[4,0],"8":[0,0],"9":[0,0],"10":[0,0],"11":[0,0]}}
,"C:\\Users\\versu\\PhpstormProjects\\keszflow-business-panel\\packages\\components\\src\\components\\Invoices\\List.tsx": {"path":"C:\\Users\\versu\\PhpstormProjects\\keszflow-business-panel\\packages\\components\\src\\components\\Invoices\\List.tsx","statementMap":{"0":{"start":{"line":1,"column":0},"end":{"line":1,"column":null}},"1":{"start":{"line":10,"column":0},"end":{"line":10,"column":69}},"2":{"start":{"line":12,"column":0},"end":{"line":12,"column":33}},"3":{"start":{"line":19,"column":31},"end":{"line":61,"column":1}},"4":{"start":{"line":26,"column":2},"end":{"line":60,"column":null}},"5":{"start":{"line":40,"column":14},"end":{"line":40,"column":null}},"6":{"start":{"line":19,"column":13},"end":{"line":19,"column":31}},"7":{"start":{"line":63,"column":27},"end":{"line":92,"column":1}},"8":{"start":{"line":64,"column":2},"end":{"line":91,"column":null}},"9":{"start":{"line":81,"column":16},"end":{"line":82,"column":null}},"10":{"start":{"line":63,"column":13},"end":{"line":63,"column":27}}},"fnMap":{"0":{"name":"(anonymous_0)","decl":{"start":{"line":19,"column":31},"end":{"line":19,"column":32}},"loc":{"start":{"line":25,"column":5},"end":{"line":61,"column":1}}},"1":{"name":"(anonymous_1)","decl":{"start":{"line":39,"column":21},"end":{"line":39,"column":24}},"loc":{"start":{"line":39,"column":26},"end":{"line":41,"column":13}}},"2":{"name":"(anonymous_2)","decl":{"start":{"line":47,"column":21},"end":{"line":47,"column":24}},"loc":{"start":{"line":47,"column":26},"end":{"line":47,"column":29}}},"3":{"name":"(anonymous_3)","decl":{"start":{"line":53,"column":21},"end":{"line":53,"column":24}},"loc":{"start":{"line":53,"column":26},"end":{"line":53,"column":29}}},"4":{"name":"(anonymous_4)","decl":{"start":{"line":63,"column":27},"end":{"line":63,"column":28}},"loc":{"start":{"line":63,"column":71},"end":{"line":92,"column":1}}},"5":{"name":"(anonymous_5)","decl":{"start":{"line":80,"column":27},"end":{"line":80,"column":28}},"loc":{"start":{"line":81,"column":16},"end":{"line":82,"column":null}}}},"branchMap":{"0":{"loc":{"start":{"line":79,"column":13},"end":{"line":86,"column":16}},"type":"binary-expr","locations":[{"start":{"line":79,"column":13},"end":{"line":79,"column":21}},{"start":{"line":80,"column":14},"end":{"line":86,"column":16}}]}},"s":{"0":6,"1":6,"2":6,"3":6,"4":6,"5":6,"6":6,"7":6,"8":3,"9":6,"10":6},"f":{"0":6,"1":6,"2":0,"3":0,"4":3,"5":6},"b":{"0":[3,3]}}
,"C:\\Users\\versu\\PhpstormProjects\\keszflow-business-panel\\packages\\components\\src\\components\\Invoices\\Upload.tsx": {"path":"C:\\Users\\versu\\PhpstormProjects\\keszflow-business-panel\\packages\\components\\src\\components\\Invoices\\Upload.tsx","statementMap":{"0":{"start":{"line":1,"column":0},"end":{"line":1,"column":56}},"1":{"start":{"line":2,"column":0},"end":{"line":2,"column":44}},"2":{"start":{"line":3,"column":0},"end":{"line":3,"column":null}},"3":{"start":{"line":18,"column":0},"end":{"line":18,"column":43}},"4":{"start":{"line":19,"column":0},"end":{"line":19,"column":42}},"5":{"start":{"line":20,"column":0},"end":{"line":20,"column":58}},"6":{"start":{"line":21,"column":0},"end":{"line":21,"column":50}},"7":{"start":{"line":22,"column":0},"end":{"line":22,"column":37}},"8":{"start":{"line":31,"column":30},"end":{"line":39,"column":1}},"9":{"start":{"line":32,"column":48},"end":{"line":32,"column":63}},"10":{"start":{"line":34,"column":28},"end":{"line":36,"column":3}},"11":{"start":{"line":35,"column":4},"end":{"line":35,"column":null}},"12":{"start":{"line":38,"column":2},"end":{"line":38,"column":null}},"13":{"start":{"line":31,"column":13},"end":{"line":31,"column":30}},"14":{"start":{"line":41,"column":23},"end":{"line":45,"column":1}},"15":{"start":{"line":42,"column":28},"end":{"line":42,"column":45}},"16":{"start":{"line":44,"column":2},"end":{"line":44,"column":null}},"17":{"start":{"line":41,"column":13},"end":{"line":41,"column":23}},"18":{"start":{"line":47,"column":29},"end":{"line":269,"column":1}},"19":{"start":{"line":48,"column":34},"end":{"line":48,"column":49}},"20":{"start":{"line":49,"column":28},"end":{"line":49,"column":43}},"21":{"start":{"line":50,"column":30},"end":{"line":50,"column":39}},"22":{"start":{"line":52,"column":14},"end":{"line":52,"column":28}},"23":{"start":{"line":53,"column":15},"end":{"line":53,"column":23}},"24":{"start":{"line":54,"column":21},"end":{"line":54,"column":35}},"25":{"start":{"line":56,"column":2},"end":{"line":60,"column":null}},"26":{"start":{"line":57,"column":4},"end":{"line":59,"column":null}},"27":{"start":{"line":58,"column":6},"end":{"line":58,"column":null}},"28":{"start":{"line":62,"column":17},"end":{"line":64,"column":8}},"29":{"start":{"line":63,"column":4},"end":{"line":63,"column":null}},"30":{"start":{"line":63,"column":30},"end":{"line":63,"column":null}},"31":{"start":{"line":67,"column":4},"end":{"line":67,"column":null}},"32":{"start":{"line":70,"column":56},"end":{"line":79,"column":4}},"33":{"start":{"line":73,"column":6},"end":{"line":73,"column":null}},"34":{"start":{"line":81,"column":22},"end":{"line":109,"column":null}},"35":{"start":{"line":91,"column":26},"end":{"line":91,"column":60}},"36":{"start":{"line":112,"column":21},"end":{"line":179,"column":null}},"37":{"start":{"line":134,"column":14},"end":{"line":147,"column":null}},"38":{"start":{"line":150,"column":14},"end":{"line":163,"column":null}},"39":{"start":{"line":167,"column":14},"end":{"line":167,"column":46}},"40":{"start":{"line":183,"column":4},"end":{"line":265,"column":null}},"41":{"start":{"line":200,"column":14},"end":{"line":200,"column":null}},"42":{"start":{"line":201,"column":14},"end":{"line":201,"column":null}},"43":{"start":{"line":207,"column":32},"end":{"line":207,"column":58}},"44":{"start":{"line":223,"column":16},"end":{"line":223,"column":null}},"45":{"start":{"line":236,"column":37},"end":{"line":257,"column":null}},"46":{"start":{"line":237,"column":14},"end":{"line":237,"column":null}},"47":{"start":{"line":238,"column":14},"end":{"line":238,"column":null}},"48":{"start":{"line":240,"column":16},"end":{"line":240,"column":77}},"49":{"start":{"line":241,"column":14},"end":{"line":241,"column":null}},"50":{"start":{"line":242,"column":27},"end":{"line":244,"column":41}},"51":{"start":{"line":244,"column":30},"end":{"line":244,"column":40}},"52":{"start":{"line":245,"column":27},"end":{"line":245,"column":72}},"53":{"start":{"line":246,"column":26},"end":{"line":246,"column":51}},"54":{"start":{"line":247,"column":29},"end":{"line":247,"column":61}},"55":{"start":{"line":248,"column":14},"end":{"line":248,"column":null}},"56":{"start":{"line":249,"column":14},"end":{"line":249,"column":null}},"57":{"start":{"line":250,"column":14},"end":{"line":250,"column":null}},"58":{"start":{"line":251,"column":14},"end":{"line":251,"column":null}},"59":{"start":{"line":253,"column":16},"end":{"line":253,"column":78}},"60":{"start":{"line":254,"column":30},"end":{"line":254,"column":50}},"61":{"start":{"line":255,"column":14},"end":{"line":255,"column":null}},"62":{"start":{"line":256,"column":14},"end":{"line":256,"column":null}},"63":{"start":{"line":268,"column":2},"end":{"line":268,"column":null}},"64":{"start":{"line":47,"column":13},"end":{"line":47,"column":29}}},"fnMap":{"0":{"name":"(anonymous_7)","decl":{"start":{"line":31,"column":30},"end":{"line":31,"column":33}},"loc":{"start":{"line":31,"column":35},"end":{"line":39,"column":1}}},"1":{"name":"(anonymous_8)","decl":{"start":{"line":34,"column":28},"end":{"line":34,"column":31}},"loc":{"start":{"line":34,"column":33},"end":{"line":36,"column":3}}},"2":{"name":"(anonymous_9)","decl":{"start":{"line":41,"column":23},"end":{"line":41,"column":26}},"loc":{"start":{"line":41,"column":28},"end":{"line":45,"column":1}}},"3":{"name":"(anonymous_10)","decl":{"start":{"line":47,"column":29},"end":{"line":47,"column":30}},"loc":{"start":{"line":47,"column":73},"end":{"line":269,"column":1}}},"4":{"name":"(anonymous_11)","decl":{"start":{"line":56,"column":12},"end":{"line":56,"column":15}},"loc":{"start":{"line":56,"column":17},"end":{"line":60,"column":3}}},"5":{"name":"(anonymous_12)","decl":{"start":{"line":62,"column":29},"end":{"line":62,"column":30}},"loc":{"start":{"line":62,"column":47},"end":{"line":64,"column":3}}},"6":{"name":"onDocumentLoadSuccess","decl":{"start":{"line":66,"column":11},"end":{"line":66,"column":32}},"loc":{"start":{"line":66,"column":50},"end":{"line":68,"column":3}}},"7":{"name":"(anonymous_14)","decl":{"start":{"line":72,"column":20},"end":{"line":72,"column":23}},"loc":{"start":{"line":72,"column":25},"end":{"line":74,"column":5}}},"8":{"name":"(anonymous_15)","decl":{"start":{"line":91,"column":19},"end":{"line":91,"column":22}},"loc":{"start":{"line":91,"column":26},"end":{"line":91,"column":60}}},"9":{"name":"(anonymous_16)","decl":{"start":{"line":133,"column":21},"end":{"line":133,"column":24}},"loc":{"start":{"line":133,"column":26},"end":{"line":148,"column":13}}},"10":{"name":"(anonymous_17)","decl":{"start":{"line":149,"column":19},"end":{"line":149,"column":22}},"loc":{"start":{"line":149,"column":24},"end":{"line":164,"column":13}}},"11":{"name":"(anonymous_18)","decl":{"start":{"line":166,"column":42},"end":{"line":166,"column":43}},"loc":{"start":{"line":167,"column":14},"end":{"line":167,"column":46}}},"12":{"name":"(anonymous_19)","decl":{"start":{"line":199,"column":21},"end":{"line":199,"column":24}},"loc":{"start":{"line":199,"column":26},"end":{"line":202,"column":13}}},"13":{"name":"(anonymous_20)","decl":{"start":{"line":207,"column":21},"end":{"line":207,"column":22}},"loc":{"start":{"line":207,"column":32},"end":{"line":207,"column":58}}},"14":{"name":"(anonymous_21)","decl":{"start":{"line":222,"column":23},"end":{"line":222,"column":26}},"loc":{"start":{"line":222,"column":28},"end":{"line":224,"column":15}}},"15":{"name":"(anonymous_22)","decl":{"start":{"line":236,"column":21},"end":{"line":236,"column":28}},"loc":{"start":{"line":236,"column":37},"end":{"line":257,"column":null}}},"16":{"name":"(anonymous_23)","decl":{"start":{"line":236,"column":37},"end":{"line":236,"column":null}},"loc":{"start":{"line":236,"column":37},"end":{"line":257,"column":13}}},"17":{"name":"(anonymous_24)","decl":{"start":{"line":244,"column":21},"end":{"line":244,"column":22}},"loc":{"start":{"line":244,"column":30},"end":{"line":244,"column":40}}}},"branchMap":{"0":{"loc":{"start":{"line":57,"column":4},"end":{"line":59,"column":null}},"type":"if","locations":[{"start":{"line":57,"column":4},"end":{"line":59,"column":null}}]},"1":{"loc":{"start":{"line":57,"column":8},"end":{"line":57,"column":25}},"type":"binary-expr","locations":[{"start":{"line":57,"column":8},"end":{"line":57,"column":12}},{"start":{"line":57,"column":16},"end":{"line":57,"column":25}}]},"2":{"loc":{"start":{"line":63,"column":4},"end":{"line":63,"column":null}},"type":"if","locations":[{"start":{"line":63,"column":4},"end":{"line":63,"column":null}}]},"3":{"loc":{"start":{"line":81,"column":22},"end":{"line":109,"column":null}},"type":"binary-expr","locations":[{"start":{"line":81,"column":22},"end":{"line":81,"column":35}},{"start":{"line":81,"column":39},"end":{"line":81,"column":54}},{"start":{"line":82,"column":4},"end":{"line":108,"column":null}}]},"4":{"loc":{"start":{"line":81,"column":40},"end":{"line":81,"column":50}},"type":"cond-expr","locations":[{"start":{"line":81,"column":44},"end":{"line":81,"column":46}},{"start":{"line":81,"column":40},"end":{"line":81,"column":50}}]},"5":{"loc":{"start":{"line":81,"column":40},"end":{"line":81,"column":46}},"type":"binary-expr","locations":[{"start":{"line":81,"column":40},"end":{"line":81,"column":46}},{"start":{"line":81,"column":40},"end":{"line":81,"column":46}}]},"6":{"loc":{"start":{"line":91,"column":26},"end":{"line":91,"column":60}},"type":"cond-expr","locations":[{"start":{"line":91,"column":41},"end":{"line":91,"column":55}},{"start":{"line":91,"column":58},"end":{"line":91,"column":60}}]},"7":{"loc":{"start":{"line":96,"column":9},"end":{"line":106,"column":null}},"type":"cond-expr","locations":[{"start":{"line":97,"column":10},"end":{"line":97,"column":73}},{"start":{"line":99,"column":10},"end":{"line":105,"column":null}}]},"8":{"loc":{"start":{"line":112,"column":21},"end":{"line":179,"column":null}},"type":"binary-expr","locations":[{"start":{"line":112,"column":22},"end":{"line":112,"column":36}},{"start":{"line":112,"column":40},"end":{"line":112,"column":50}},{"start":{"line":113,"column":4},"end":{"line":178,"column":null}}]},"9":{"loc":{"start":{"line":112,"column":40},"end":{"line":112,"column":50}},"type":"cond-expr","locations":[{"start":{"line":112,"column":44},"end":{"line":112,"column":46}},{"start":{"line":112,"column":40},"end":{"line":112,"column":50}}]},"10":{"loc":{"start":{"line":112,"column":40},"end":{"line":112,"column":46}},"type":"binary-expr","locations":[{"start":{"line":112,"column":40},"end":{"line":112,"column":46}},{"start":{"line":112,"column":40},"end":{"line":112,"column":46}}]},"11":{"loc":{"start":{"line":219,"column":11},"end":{"line":228,"column":null}},"type":"binary-expr","locations":[{"start":{"line":219,"column":11},"end":{"line":219,"column":19}},{"start":{"line":220,"column":12},"end":{"line":227,"column":null}}]},"12":{"loc":{"start":{"line":241,"column":14},"end":{"line":241,"column":35}},"type":"cond-expr","locations":[{"start":{"line":241,"column":25},"end":{"line":241,"column":27}},{"start":{"line":241,"column":14},"end":{"line":241,"column":35}}]},"13":{"loc":{"start":{"line":241,"column":14},"end":{"line":241,"column":27}},"type":"binary-expr","locations":[{"start":{"line":241,"column":14},"end":{"line":241,"column":27}},{"start":{"line":241,"column":14},"end":{"line":241,"column":27}}]},"14":{"loc":{"start":{"line":243,"column":16},"end":{"line":243,"column":71}},"type":"cond-expr","locations":[{"start":{"line":243,"column":47},"end":{"line":243,"column":55}},{"start":{"line":243,"column":58},"end":{"line":243,"column":71}}]},"15":{"loc":{"start":{"line":268,"column":9},"end":{"line":268,"column":43}},"type":"cond-expr","locations":[{"start":{"line":268,"column":22},"end":{"line":268,"column":32}},{"start":{"line":268,"column":35},"end":{"line":268,"column":43}}]}},"s":{"0":6,"1":6,"2":6,"3":6,"4":6,"5":6,"6":6,"7":6,"8":6,"9":0,"10":0,"11":0,"12":0,"13":6,"14":6,"15":0,"16":0,"17":6,"18":6,"19":0,"20":0,"21":0,"22":0,"23":0,"24":0,"25":0,"26":0,"27":0,"28":0,"29":0,"30":0,"31":0,"32":0,"33":0,"34":0,"35":0,"36":0,"37":0,"38":0,"39":0,"40":0,"41":0,"42":0,"43":0,"44":0,"45":0,"46":0,"47":0,"48":0,"49":0,"50":0,"51":0,"52":0,"53":0,"54":0,"55":0,"56":0,"57":0,"58":0,"59":0,"60":0,"61":0,"62":0,"63":0,"64":6},"f":{"0":0,"1":0,"2":0,"3":0,"4":0,"5":0,"6":0,"7":0,"8":0,"9":0,"10":0,"11":0,"12":0,"13":0,"14":0,"15":0,"16":0,"17":0},"b":{"0":[0],"1":[0,0],"2":[0],"3":[0,0,0],"4":[0,0],"5":[0,0],"6":[0,0],"7":[0,0],"8":[0,0,0],"9":[0,0],"10":[0,0],"11":[0,0],"12":[0,0],"13":[0,0],"14":[0,0],"15":[0,0]}}
,"C:\\Users\\versu\\PhpstormProjects\\keszflow-business-panel\\packages\\components\\src\\components\\Invoices\\index.tsx": {"path":"C:\\Users\\versu\\PhpstormProjects\\keszflow-business-panel\\packages\\components\\src\\components\\Invoices\\index.tsx","statementMap":{"0":{"start":{"line":1,"column":0},"end":{"line":1,"column":24}},"1":{"start":{"line":2,"column":0},"end":{"line":2,"column":24}},"2":{"start":{"line":3,"column":0},"end":{"line":3,"column":22}},"3":{"start":{"line":4,"column":0},"end":{"line":4,"column":22}},"4":{"start":{"line":5,"column":0},"end":{"line":5,"column":24}}},"fnMap":{},"branchMap":{},"s":{"0":6,"1":6,"2":6,"3":6,"4":6},"f":{},"b":{}}
,"C:\\Users\\versu\\PhpstormProjects\\keszflow-business-panel\\packages\\components\\src\\components\\Recover\\index.tsx": {"path":"C:\\Users\\versu\\PhpstormProjects\\keszflow-business-panel\\packages\\components\\src\\components\\Recover\\index.tsx","statementMap":{"0":{"start":{"line":1,"column":0},"end":{"line":1,"column":26}},"1":{"start":{"line":2,"column":0},"end":{"line":2,"column":25}}},"fnMap":{},"branchMap":{},"s":{"0":6,"1":6},"f":{},"b":{}}
,"C:\\Users\\versu\\PhpstormProjects\\keszflow-business-panel\\packages\\components\\src\\components\\Recover\\password.tsx": {"path":"C:\\Users\\versu\\PhpstormProjects\\keszflow-business-panel\\packages\\components\\src\\components\\Recover\\password.tsx","statementMap":{"0":{"start":{"line":1,"column":0},"end":{"line":1,"column":55}},"1":{"start":{"line":2,"column":0},"end":{"line":2,"column":28}},"2":{"start":{"line":3,"column":0},"end":{"line":3,"column":44}},"3":{"start":{"line":4,"column":0},"end":{"line":4,"column":26}},"4":{"start":{"line":5,"column":0},"end":{"line":5,"column":52}},"5":{"start":{"line":7,"column":24},"end":{"line":80,"column":1}},"6":{"start":{"line":12,"column":24},"end":{"line":15,"column":null}},"7":{"start":{"line":17,"column":27},"end":{"line":24,"column":4}},"8":{"start":{"line":26,"column":2},"end":{"line":79,"column":null}},"9":{"start":{"line":35,"column":10},"end":{"line":35,"column":null}},"10":{"start":{"line":36,"column":10},"end":{"line":36,"column":null}},"11":{"start":{"line":40,"column":10},"end":{"line":74,"column":null}},"12":{"start":{"line":7,"column":13},"end":{"line":7,"column":24}},"13":{"start":{"line":82,"column":0},"end":{"line":84,"column":null}}},"fnMap":{"0":{"name":"(anonymous_7)","decl":{"start":{"line":7,"column":24},"end":{"line":7,"column":25}},"loc":{"start":{"line":11,"column":5},"end":{"line":80,"column":1}}},"1":{"name":"(anonymous_8)","decl":{"start":{"line":34,"column":18},"end":{"line":34,"column":19}},"loc":{"start":{"line":34,"column":69},"end":{"line":37,"column":9}}},"2":{"name":"(anonymous_9)","decl":{"start":{"line":39,"column":9},"end":{"line":39,"column":12}},"loc":{"start":{"line":40,"column":10},"end":{"line":74,"column":null}}}},"branchMap":{},"s":{"0":6,"1":6,"2":6,"3":6,"4":6,"5":6,"6":7,"7":7,"8":7,"9":0,"10":0,"11":10,"12":6,"13":6},"f":{"0":7,"1":0,"2":10},"b":{}}
,"C:\\Users\\versu\\PhpstormProjects\\keszflow-business-panel\\packages\\components\\src\\components\\Recover\\recover.tsx": {"path":"C:\\Users\\versu\\PhpstormProjects\\keszflow-business-panel\\packages\\components\\src\\components\\Recover\\recover.tsx","statementMap":{"0":{"start":{"line":1,"column":0},"end":{"line":1,"column":55}},"1":{"start":{"line":2,"column":0},"end":{"line":2,"column":28}},"2":{"start":{"line":3,"column":0},"end":{"line":3,"column":44}},"3":{"start":{"line":4,"column":0},"end":{"line":4,"column":26}},"4":{"start":{"line":5,"column":0},"end":{"line":5,"column":52}},"5":{"start":{"line":7,"column":23},"end":{"line":64,"column":1}},"6":{"start":{"line":12,"column":24},"end":{"line":14,"column":null}},"7":{"start":{"line":16,"column":27},"end":{"line":18,"column":4}},"8":{"start":{"line":20,"column":2},"end":{"line":63,"column":null}},"9":{"start":{"line":29,"column":10},"end":{"line":29,"column":null}},"10":{"start":{"line":30,"column":10},"end":{"line":30,"column":null}},"11":{"start":{"line":34,"column":10},"end":{"line":58,"column":null}},"12":{"start":{"line":7,"column":13},"end":{"line":7,"column":23}},"13":{"start":{"line":66,"column":0},"end":{"line":68,"column":null}}},"fnMap":{"0":{"name":"(anonymous_7)","decl":{"start":{"line":7,"column":23},"end":{"line":7,"column":24}},"loc":{"start":{"line":11,"column":5},"end":{"line":64,"column":1}}},"1":{"name":"(anonymous_8)","decl":{"start":{"line":28,"column":18},"end":{"line":28,"column":19}},"loc":{"start":{"line":28,"column":69},"end":{"line":31,"column":9}}},"2":{"name":"(anonymous_9)","decl":{"start":{"line":33,"column":9},"end":{"line":33,"column":12}},"loc":{"start":{"line":34,"column":10},"end":{"line":58,"column":null}}}},"branchMap":{},"s":{"0":6,"1":6,"2":6,"3":6,"4":6,"5":6,"6":6,"7":6,"8":6,"9":0,"10":0,"11":9,"12":6,"13":6},"f":{"0":6,"1":0,"2":9},"b":{}}
,"C:\\Users\\versu\\PhpstormProjects\\keszflow-business-panel\\packages\\components\\src\\components\\SignIn\\index.tsx": {"path":"C:\\Users\\versu\\PhpstormProjects\\keszflow-business-panel\\packages\\components\\src\\components\\SignIn\\index.tsx","statementMap":{"0":{"start":{"line":1,"column":0},"end":{"line":1,"column":55}},"1":{"start":{"line":2,"column":0},"end":{"line":2,"column":28}},"2":{"start":{"line":3,"column":0},"end":{"line":3,"column":44}},"3":{"start":{"line":4,"column":0},"end":{"line":4,"column":26}},"4":{"start":{"line":5,"column":0},"end":{"line":5,"column":52}},"5":{"start":{"line":7,"column":22},"end":{"line":77,"column":1}},"6":{"start":{"line":12,"column":24},"end":{"line":15,"column":null}},"7":{"start":{"line":17,"column":27},"end":{"line":22,"column":4}},"8":{"start":{"line":24,"column":2},"end":{"line":76,"column":null}},"9":{"start":{"line":33,"column":10},"end":{"line":33,"column":null}},"10":{"start":{"line":34,"column":10},"end":{"line":34,"column":null}},"11":{"start":{"line":35,"column":10},"end":{"line":35,"column":null}},"12":{"start":{"line":39,"column":10},"end":{"line":71,"column":null}},"13":{"start":{"line":7,"column":13},"end":{"line":7,"column":22}},"14":{"start":{"line":79,"column":0},"end":{"line":81,"column":null}}},"fnMap":{"0":{"name":"(anonymous_7)","decl":{"start":{"line":7,"column":22},"end":{"line":7,"column":23}},"loc":{"start":{"line":11,"column":5},"end":{"line":77,"column":1}}},"1":{"name":"(anonymous_8)","decl":{"start":{"line":32,"column":18},"end":{"line":32,"column":19}},"loc":{"start":{"line":32,"column":69},"end":{"line":36,"column":9}}},"2":{"name":"(anonymous_9)","decl":{"start":{"line":38,"column":9},"end":{"line":38,"column":12}},"loc":{"start":{"line":39,"column":10},"end":{"line":71,"column":null}}}},"branchMap":{},"s":{"0":6,"1":6,"2":6,"3":6,"4":6,"5":6,"6":7,"7":7,"8":7,"9":0,"10":0,"11":0,"12":10,"13":6,"14":6},"f":{"0":7,"1":0,"2":10},"b":{}}
[...]
6,"column":65}},"7":{"start":{"line":28,"column":71},"end":{"line":28,"column":76}},"8":{"start":{"line":28,"column":66},"end":{"line":28,"column":71}},"9":{"start":{"line":30,"column":2},"end":{"line":36,"column":null}},"10":{"start":{"line":31,"column":4},"end":{"line":35,"column":null}},"11":{"start":{"line":32,"column":6},"end":{"line":32,"column":null}},"12":{"start":{"line":34,"column":6},"end":{"line":34,"column":null}},"13":{"start":{"line":38,"column":25},"end":{"line":43,"column":null}},"14":{"start":{"line":40,"column":23},"end":{"line":40,"column":41}},"15":{"start":{"line":41,"column":6},"end":{"line":41,"column":null}},"16":{"start":{"line":47,"column":4},"end":{"line":76,"column":null}},"17":{"start":{"line":59,"column":8},"end":{"line":59,"column":null}},"18":{"start":{"line":71,"column":10},"end":{"line":75,"column":null}},"19":{"start":{"line":80,"column":2},"end":{"line":106,"column":null}},"20":{"start":{"line":109,"column":55},"end":{"line":115,"column":1}},"21":{"start":{"line":110,"column":2},"end":{"line":114,"column":null}},"22":{"start":{"line":109,"column":13},"end":{"line":109,"column":55}}},"fnMap":{"0":{"name":"(anonymous_7)","decl":{"start":{"line":21,"column":70},"end":{"line":21,"column":null}},"loc":{"start":{"line":23,"column":4},"end":{"line":107,"column":1}}},"1":{"name":"(anonymous_8)","decl":{"start":{"line":30,"column":12},"end":{"line":30,"column":15}},"loc":{"start":{"line":30,"column":17},"end":{"line":36,"column":3}}},"2":{"name":"(anonymous_9)","decl":{"start":{"line":39,"column":4},"end":{"line":39,"column":5}},"loc":{"start":{"line":39,"column":51},"end":{"line":42,"column":5}}},"3":{"name":"(anonymous_10)","decl":{"start":{"line":58,"column":14},"end":{"line":58,"column":17}},"loc":{"start":{"line":58,"column":19},"end":{"line":60,"column":7}}},"4":{"name":"(anonymous_11)","decl":{"start":{"line":70,"column":20},"end":{"line":70,"column":21}},"loc":{"start":{"line":70,"column":40},"end":{"line":76,"column":9}}},"5":{"name":"(anonymous_12)","decl":{"start":{"line":109,"column":55},"end":{"line":109,"column":56}},"loc":{"start":{"line":109,"column":65},"end":{"line":115,"column":1}}}},"branchMap":{"0":{"loc":{"start":{"line":31,"column":4},"end":{"line":35,"column":null}},"type":"if","locations":[{"start":{"line":31,"column":4},"end":{"line":35,"column":null}},{"start":{"line":33,"column":11},"end":{"line":35,"column":null}}]},"1":{"loc":{"start":{"line":49,"column":15},"end":{"line":49,"column":42}},"type":"binary-expr","locations":[{"start":{"line":49,"column":15},"end":{"line":49,"column":28}},{"start":{"line":49,"column":32},"end":{"line":49,"column":42}}]},"2":{"loc":{"start":{"line":50,"column":13},"end":{"line":50,"column":56}},"type":"cond-expr","locations":[{"start":{"line":50,"column":13},"end":{"line":50,"column":18}},{"start":{"line":50,"column":22},"end":{"line":50,"column":56}}]},"3":{"loc":{"start":{"line":50,"column":13},"end":{"line":50,"column":22}},"type":"binary-expr","locations":[{"start":{"line":50,"column":13},"end":{"line":50,"column":22}},{"start":{"line":50,"column":13},"end":{"line":50,"column":22}}]},"4":{"loc":{"start":{"line":50,"column":30},"end":{"line":50,"column":55}},"type":"binary-expr","locations":[{"start":{"line":50,"column":30},"end":{"line":50,"column":39}},{"start":{"line":50,"column":43},"end":{"line":50,"column":55}}]},"5":{"loc":{"start":{"line":52,"column":8},"end":{"line":52,"column":76}},"type":"cond-expr","locations":[{"start":{"line":52,"column":8},"end":{"line":52,"column":18}},{"start":{"line":52,"column":23},"end":{"line":52,"column":75}}]},"6":{"loc":{"start":{"line":52,"column":8},"end":{"line":52,"column":22}},"type":"binary-expr","locations":[{"start":{"line":52,"column":8},"end":{"line":52,"column":22}},{"start":{"line":52,"column":8},"end":{"line":52,"column":22}}]},"7":{"loc":{"start":{"line":52,"column":23},"end":{"line":52,"column":75}},"type":"cond-expr","locations":[{"start":{"line":52,"column":51},"end":{"line":52,"column":63}},{"start":{"line":52,"column":66},"end":{"line":52,"column":75}}]},"8":{"loc":{"start":{"line":52,"column":23},"end":{"line":52,"column":48}},"type":"binary-expr","locations":[{"start":{"line":52,"column":23},"end":{"line":52,"column":32}},{"start":{"line":52,"column":36},"end":{"line":52,"column":48}}]},"9":{"loc":{"start":{"line":63,"column":24},"end":{"line":65,"column":23}},"type":"cond-expr","locations":[{"start":{"line":64,"column":14},"end":{"line":64,"column":30}},{"start":{"line":65,"column":14},"end":{"line":65,"column":23}}]},"10":{"loc":{"start":{"line":63,"column":24},"end":{"line":63,"column":53}},"type":"cond-expr","locations":[{"start":{"line":63,"column":39},"end":{"line":63,"column":41}},{"start":{"line":63,"column":39},"end":{"line":63,"column":53}}]},"11":{"loc":{"start":{"line":63,"column":24},"end":{"line":63,"column":41}},"type":"binary-expr","locations":[{"start":{"line":63,"column":24},"end":{"line":63,"column":41}},{"start":{"line":63,"column":39},"end":{"line":63,"column":41}}]},"12":{"loc":{"start":{"line":69,"column":7},"end":{"line":76,"column":10}},"type":"binary-expr","locations":[{"start":{"line":69,"column":7},"end":{"line":69,"column":14}},{"start":{"line":70,"column":8},"end":{"line":76,"column":10}}]},"13":{"loc":{"start":{"line":82,"column":7},"end":{"line":102,"column":null}},"type":"binary-expr","locations":[{"start":{"line":82,"column":7},"end":{"line":82,"column":36}},{"start":{"line":83,"column":8},"end":{"line":101,"column":null}}]},"14":{"loc":{"start":{"line":82,"column":7},"end":{"line":82,"column":36}},"type":"cond-expr","locations":[{"start":{"line":82,"column":22},"end":{"line":82,"column":24}},{"start":{"line":82,"column":22},"end":{"line":82,"column":36}}]},"15":{"loc":{"start":{"line":82,"column":7},"end":{"line":82,"column":24}},"type":"binary-expr","locations":[{"start":{"line":82,"column":7},"end":{"line":82,"column":24}},{"start":{"line":82,"column":22},"end":{"line":82,"column":24}}]},"16":{"loc":{"start":{"line":91,"column":11},"end":{"line":100,"column":null}},"type":"binary-expr","locations":[{"start":{"line":91,"column":11},"end":{"line":91,"column":40}},{"start":{"line":92,"column":12},"end":{"line":99,"column":null}}]},"17":{"loc":{"start":{"line":91,"column":11},"end":{"line":91,"column":40}},"type":"cond-expr","locations":[{"start":{"line":91,"column":26},"end":{"line":91,"column":28}},{"start":{"line":91,"column":26},"end":{"line":91,"column":40}}]},"18":{"loc":{"start":{"line":91,"column":11},"end":{"line":91,"column":28}},"type":"binary-expr","locations":[{"start":{"line":91,"column":11},"end":{"line":91,"column":28}},{"start":{"line":91,"column":26},"end":{"line":91,"column":28}}]},"19":{"loc":{"start":{"line":104,"column":7},"end":{"line":104,"column":49}},"type":"binary-expr","locations":[{"start":{"line":104,"column":7},"end":{"line":104,"column":41}},{"start":{"line":104,"column":41},"end":{"line":104,"column":49}}]},"20":{"loc":{"start":{"line":104,"column":8},"end":{"line":104,"column":37}},"type":"cond-expr","locations":[{"start":{"line":104,"column":23},"end":{"line":104,"column":25}},{"start":{"line":104,"column":23},"end":{"line":104,"column":37}}]},"21":{"loc":{"start":{"line":104,"column":8},"end":{"line":104,"column":25}},"type":"binary-expr","locations":[{"start":{"line":104,"column":8},"end":{"line":104,"column":25}},{"start":{"line":104,"column":23},"end":{"line":104,"column":25}}]},"22":{"loc":{"start":{"line":110,"column":9},"end":{"line":113,"column":null}},"type":"cond-expr","locations":[{"start":{"line":111,"column":4},"end":{"line":111,"column":52}},{"start":{"line":113,"column":4},"end":{"line":113,"column":48}}]}},"s":{"0":8,"1":8,"2":8,"3":8,"4":261,"5":261,"6":261,"7":261,"8":261,"9":261,"10":132,"11":13,"12":119,"13":261,"14":40,"15":40,"16":261,"17":1,"18":72,"19":261,"20":8,"21":211,"22":8},"f":{"0":261,"1":132,"2":40,"3":1,"4":72,"5":211},"b":{"0":[13,119],"1":[261,261],"2":[0,261],"3":[261,261],"4":[261,96],"5":[0,261],"6":[261,261],"7":[26,235],"8":[261,96],"9":[0,261],"10":[225,36],"11":[261,261],"12":[261,36],"13":[261,0],"14":[225,36],"15":[261,261],"16":[0,0],"17":[0,0],"18":[0,0],"19":[261,261],"20":[225,36],"21":[261,261],"22":[32,179]}}
,"C:\\Users\\versu\\PhpstormProjects\\keszflow-business-panel\\packages\\components\\src\\elements\\keszflowBusinessLogo\\index.tsx": {"path":"C:\\Users\\versu\\PhpstormProjects\\keszflow-business-panel\\packages\\components\\src\\elements\\keszflowBusinessLogo\\index.tsx","statementMap":{"0":{"start":{"line":1,"column":0},"end":{"line":1,"column":34}},"1":{"start":{"line":2,"column":0},"end":{"line":2,"column":35}},"2":{"start":{"line":3,"column":0},"end":{"line":3,"column":58}},"3":{"start":{"line":14,"column":45},"end":{"line":14,"column":70}},"4":{"start":{"line":15,"column":2},"end":{"line":22,"column":null}},"5":{"start":{"line":16,"column":4},"end":{"line":18,"column":null}},"6":{"start":{"line":17,"column":6},"end":{"line":17,"column":null}},"7":{"start":{"line":19,"column":4},"end":{"line":19,"column":null}},"8":{"start":{"line":21,"column":4},"end":{"line":21,"column":null}},"9":{"start":{"line":23,"column":2},"end":{"line":23,"column":null}},"10":{"start":{"line":26,"column":20},"end":{"line":26,"column":25}},"11":{"start":{"line":28,"column":15},"end":{"line":56,"column":null}},"12":{"start":{"line":29,"column":2},"end":{"line":55,"column":null}},"13":{"start":{"line":69,"column":9},"end":{"line":69,"column":15}},"14":{"start":{"line":59,"column":0},"end":{"line":62,"column":null}},"15":{"start":{"line":64,"column":0},"end":{"line":67,"column":null}}},"fnMap":{"0":{"name":"getColor","decl":{"start":{"line":12,"column":9},"end":{"line":12,"column":17}},"loc":{"start":{"line":12,"column":57},"end":{"line":24,"column":1}}},"1":{"name":"(anonymous_2)","decl":{"start":{"line":28,"column":15},"end":{"line":28,"column":16}},"loc":{"start":{"line":29,"column":2},"end":{"line":55,"column":null}}}},"branchMap":{"0":{"loc":{"start":{"line":14,"column":45},"end":{"line":14,"column":70}},"type":"binary-expr","locations":[{"start":{"line":14,"column":45},"end":{"line":14,"column":50}},{"start":{"line":14,"column":54},"end":{"line":14,"column":70}}]},"1":{"loc":{"start":{"line":15,"column":2},"end":{"line":22,"column":null}},"type":"if","locations":[{"start":{"line":15,"column":2},"end":{"line":22,"column":null}},{"start":{"line":20,"column":9},"end":{"line":22,"column":null}}]},"2":{"loc":{"start":{"line":15,"column":6},"end":{"line":15,"column":39}},"type":"binary-expr","locations":[{"start":{"line":15,"column":6},"end":{"line":15,"column":17}},{"start":{"line":15,"column":21},"end":{"line":15,"column":39}}]},"3":{"loc":{"start":{"line":15,"column":6},"end":{"line":15,"column":17}},"type":"cond-expr","locations":[{"start":{"line":15,"column":9},"end":{"line":15,"column":11}},{"start":{"line":15,"column":6},"end":{"line":15,"column":17}}]},"4":{"loc":{"start":{"line":15,"column":6},"end":{"line":15,"column":11}},"type":"binary-expr","locations":[{"start":{"line":15,"column":6},"end":{"line":15,"column":11}},{"start":{"line":15,"column":6},"end":{"line":15,"column":11}}]},"5":{"loc":{"start":{"line":17,"column":16},"end":{"line":17,"column":74}},"type":"binary-expr","locations":[{"start":{"line":17,"column":16},"end":{"line":17,"column":26}},{"start":{"line":17,"column":30},"end":{"line":17,"column":74}}]}},"s":{"0":6,"1":6,"2":6,"3":3,"4":3,"5":3,"6":8,"7":3,"8":0,"9":3,"10":6,"11":6,"12":1,"13":6,"14":6,"15":6},"f":{"0":3,"1":1},"b":{"0":[3,3],"1":[3,0],"2":[3,3],"3":[0,3],"4":[3,3],"5":[8,8]}}
,"C:\\Users\\versu\\PhpstormProjects\\keszflow-business-panel\\packages\\components\\src\\elements\\loader\\index.tsx": {"path":"C:\\Users\\versu\\PhpstormProjects\\keszflow-business-panel\\packages\\components\\src\\elements\\loader\\index.tsx","statementMap":{"0":{"start":{"line":1,"column":0},"end":{"line":1,"column":53}},"1":{"start":{"line":3,"column":22},"end":{"line":25,"column":1}},"2":{"start":{"line":5,"column":4},"end":{"line":20,"column":null}},"3":{"start":{"line":24,"column":2},"end":{"line":24,"column":null}},"4":{"start":{"line":3,"column":13},"end":{"line":3,"column":22}}},"fnMap":{"0":{"name":"(anonymous_0)","decl":{"start":{"line":3,"column":22},"end":{"line":3,"column":25}},"loc":{"start":{"line":3,"column":27},"end":{"line":25,"column":1}}}},"branchMap":{},"s":{"0":7,"1":7,"2":1,"3":1,"4":7},"f":{"0":1},"b":{}}
,"C:\\Users\\versu\\PhpstormProjects\\keszflow-business-panel\\packages\\components\\src\\layouts\\theme.tsx": {"path":"C:\\Users\\versu\\PhpstormProjects\\keszflow-business-panel\\packages\\components\\src\\layouts\\theme.tsx","statementMap":{"0":{"start":{"line":1,"column":0},"end":{"line":1,"column":50}},"1":{"start":{"line":4,"column":13},"end":{"line":4,"column":20}},"2":{"start":{"line":6,"column":16},"end":{"line":71,"column":2}},"3":{"start":{"line":73,"column":14},"end":{"line":144,"column":2}},"4":{"start":{"line":146,"column":0},"end":{"line":146,"column":null}}},"fnMap":{},"branchMap":{"0":{"loc":{"start":{"line":9,"column":8},"end":{"line":69,"column":10}},"type":"cond-expr","locations":[{"start":{"line":10,"column":8},"end":{"line":52,"column":null}},{"start":{"line":53,"column":8},"end":{"line":69,"column":10}}]}},"s":{"0":6,"1":6,"2":6,"3":6,"4":6},"f":{},"b":{"0":[6,0]}}
,"C:\\Users\\versu\\PhpstormProjects\\keszflow-business-panel\\packages\\components\\src\\layouts\\Authenticated\\index.tsx": {"path":"C:\\Users\\versu\\PhpstormProjects\\keszflow-business-panel\\packages\\components\\src\\layouts\\Authenticated\\index.tsx","statementMap":{"0":{"start":{"line":1,"column":0},"end":{"line":1,"column":null}},"1":{"start":{"line":8,"column":0},"end":{"line":8,"column":null}},"2":{"start":{"line":15,"column":0},"end":{"line":15,"column":35}},"3":{"start":{"line":29,"column":21},"end":{"line":29,"column":48}},"4":{"start":{"line":31,"column":13},"end":{"line":31,"column":null}},"5":{"start":{"line":34,"column":49},"end":{"line":34,"column":65}},"6":{"start":{"line":35,"column":28},"end":{"line":35,"column":50}},"7":{"start":{"line":36,"column":16},"end":{"line":40,"column":11}},"8":{"start":{"line":42,"column":2},"end":{"line":75,"column":null}},"9":{"start":{"line":47,"column":12},"end":{"line":47,"column":null}},"10":{"start":{"line":48,"column":12},"end":{"line":48,"column":null}},"11":{"start":{"line":49,"column":12},"end":{"line":49,"column":null}},"12":{"start":{"line":33,"column":0},"end":{"line":33,"column":24}}},"fnMap":{"0":{"name":"AuthenticatedLayout","decl":{"start":{"line":33,"column":24},"end":{"line":33,"column":43}},"loc":{"start":{"line":33,"column":56},"end":{"line":76,"column":1}}},"1":{"name":"(anonymous_7)","decl":{"start":{"line":46,"column":23},"end":{"line":46,"column":24}},"loc":{"start":{"line":46,"column":29},"end":{"line":50,"column":11}}}},"branchMap":{"0":{"loc":{"start":{"line":36,"column":16},"end":{"line":40,"column":11}},"type":"cond-expr","locations":[{"start":{"line":37,"column":6},"end":{"line":37,"column":17}},{"start":{"line":38,"column":6},"end":{"line":40,"column":11}}]},"1":{"loc":{"start":{"line":38,"column":6},"end":{"line":40,"column":11}},"type":"cond-expr","locations":[{"start":{"line":39,"column":6},"end":{"line":39,"column":32}},{"start":{"line":40,"column":6},"end":{"line":40,"column":11}}]},"2":{"loc":{"start":{"line":38,"column":6},"end":{"line":38,"column":33}},"type":"cond-expr","locations":[{"start":{"line":38,"column":20},"end":{"line":38,"column":22}},{"start":{"line":38,"column":20},"end":{"line":38,"column":33}}]},"3":{"loc":{"start":{"line":38,"column":6},"end":{"line":38,"column":22}},"type":"binary-expr","locations":[{"start":{"line":38,"column":6},"end":{"line":38,"column":22}},{"start":{"line":38,"column":20},"end":{"line":38,"column":22}}]},"4":{"loc":{"start":{"line":49,"column":12},"end":{"line":49,"column":58}},"type":"binary-expr","locations":[{"start":{"line":49,"column":12},"end":{"line":49,"column":35}},{"start":{"line":49,"column":39},"end":{"line":49,"column":58}}]}},"s":{"0":6,"1":6,"2":6,"3":6,"4":6,"5":0,"6":0,"7":0,"8":0,"9":0,"10":0,"11":0,"12":6},"f":{"0":0,"1":0},"b":{"0":[0,0],"1":[0,0],"2":[0,0],"3":[0,0],"4":[0,0]}}
,"C:\\Users\\versu\\PhpstormProjects\\keszflow-business-panel\\packages\\components\\src\\layouts\\Blank\\index.tsx": {"path":"C:\\Users\\versu\\PhpstormProjects\\keszflow-business-panel\\packages\\components\\src\\layouts\\Blank\\index.tsx","statementMap":{"0":{"start":{"line":2,"column":0},"end":{"line":2,"column":35}},"1":{"start":{"line":4,"column":0},"end":{"line":4,"column":43}},"2":{"start":{"line":12,"column":16},"end":{"line":16,"column":11}},"3":{"start":{"line":18,"column":2},"end":{"line":23,"column":null}},"4":{"start":{"line":11,"column":0},"end":{"line":11,"column":24}}},"fnMap":{"0":{"name":"BlankLayout","decl":{"start":{"line":11,"column":24},"end":{"line":11,"column":35}},"loc":{"start":{"line":11,"column":48},"end":{"line":24,"column":1}}}},"branchMap":{"0":{"loc":{"start":{"line":12,"column":16},"end":{"line":16,"column":11}},"type":"cond-expr","locations":[{"start":{"line":13,"column":6},"end":{"line":13,"column":17}},{"start":{"line":14,"column":6},"end":{"line":16,"column":11}}]},"1":{"loc":{"start":{"line":14,"column":6},"end":{"line":16,"column":11}},"type":"cond-expr","locations":[{"start":{"line":15,"column":6},"end":{"line":15,"column":32}},{"start":{"line":16,"column":6},"end":{"line":16,"column":11}}]},"2":{"loc":{"start":{"line":14,"column":6},"end":{"line":14,"column":33}},"type":"cond-expr","locations":[{"start":{"line":14,"column":20},"end":{"line":14,"column":22}},{"start":{"line":14,"column":20},"end":{"line":14,"column":33}}]},"3":{"loc":{"start":{"line":14,"column":6},"end":{"line":14,"column":22}},"type":"binary-expr","locations":[{"start":{"line":14,"column":6},"end":{"line":14,"column":22}},{"start":{"line":14,"column":20},"end":{"line":14,"column":22}}]}},"s":{"0":6,"1":6,"2":0,"3":0,"4":6},"f":{"0":0},"b":{"0":[0,0],"1":[0,0],"2":[0,0],"3":[0,0]}}
,"C:\\Users\\versu\\PhpstormProjects\\keszflow-business-panel\\packages\\components\\src\\layouts\\Public\\index.tsx": {"path":"C:\\Users\\versu\\PhpstormProjects\\keszflow-business-panel\\packages\\components\\src\\layouts\\Public\\index.tsx","statementMap":{"0":{"start":{"line":1,"column":0},"end":{"line":1,"column":43}},"1":{"start":{"line":2,"column":0},"end":{"line":2,"column":51}},"2":{"start":{"line":3,"column":0},"end":{"line":3,"column":43}},"3":{"start":{"line":4,"column":0},"end":{"line":4,"column":55}},"4":{"start":{"line":12,"column":16},"end":{"line":16,"column":11}},"5":{"start":{"line":18,"column":2},"end":{"line":64,"column":null}},"6":{"start":{"line":11,"column":0},"end":{"line":11,"column":24}}},"fnMap":{"0":{"name":"PublicLayout","decl":{"start":{"line":11,"column":24},"end":{"line":11,"column":36}},"loc":{"start":{"line":11,"column":49},"end":{"line":65,"column":1}}}},"branchMap":{"0":{"loc":{"start":{"line":12,"column":16},"end":{"line":16,"column":11}},"type":"cond-expr","locations":[{"start":{"line":13,"column":6},"end":{"line":13,"column":17}},{"start":{"line":14,"column":6},"end":{"line":16,"column":11}}]},"1":{"loc":{"start":{"line":14,"column":6},"end":{"line":16,"column":11}},"type":"cond-expr","locations":[{"start":{"line":15,"column":6},"end":{"line":15,"column":32}},{"start":{"line":16,"column":6},"end":{"line":16,"column":11}}]},"2":{"loc":{"start":{"line":14,"column":6},"end":{"line":14,"column":33}},"type":"cond-expr","locations":[{"start":{"line":14,"column":20},"end":{"line":14,"column":22}},{"start":{"line":14,"column":20},"end":{"line":14,"column":33}}]},"3":{"loc":{"start":{"line":14,"column":6},"end":{"line":14,"column":22}},"type":"binary-expr","locations":[{"start":{"line":14,"column":6},"end":{"line":14,"column":22}},{"start":{"line":14,"column":20},"end":{"line":14,"column":22}}]}},"s":{"0":6,"1":6,"2":6,"3":6,"4":0,"5":0,"6":6},"f":{"0":0},"b":{"0":[0,0],"1":[0,0],"2":[0,0],"3":[0,0]}}
}
