{"C:\\Users\\versu\\PhpstormProjects\\keszflow-business-panel\\packages\\components\\src\\index.ts": {"path":"C:\\Users\\versu\\PhpstormProjects\\keszflow-business-panel\\packages\\components\\src\\index.ts","statementMap":{"0":{"start":{"line":1,"column":0},"end":{"line":1,"column":35}},"1":{"start":{"line":2,"column":0},"end":{"line":2,"column":35}},"2":{"start":{"line":3,"column":0},"end":{"line":3,"column":36}},"3":{"start":{"line":4,"column":0},"end":{"line":4,"column":9}},"4":{"start":{"line":4,"column":9},"end":{"line":4,"column":28}},"5":{"start":{"line":5,"column":0},"end":{"line":5,"column":35}},"6":{"start":{"line":6,"column":0},"end":{"line":6,"column":35}},"7":{"start":{"line":7,"column":0},"end":{"line":7,"column":9}},"8":{"start":{"line":7,"column":9},"end":{"line":7,"column":39}},"9":{"start":{"line":8,"column":0},"end":{"line":8,"column":9}},"10":{"start":{"line":8,"column":9},"end":{"line":8,"column":52}},"11":{"start":{"line":9,"column":0},"end":{"line":9,"column":9}},"12":{"start":{"line":9,"column":9},"end":{"line":9,"column":32}},"13":{"start":{"line":10,"column":0},"end":{"line":10,"column":9}},"14":{"start":{"line":10,"column":9},"end":{"line":10,"column":31}},"15":{"start":{"line":11,"column":0},"end":{"line":11,"column":9}},"16":{"start":{"line":11,"column":9},"end":{"line":11,"column":24}},"17":{"start":{"line":12,"column":0},"end":{"line":12,"column":9}},"18":{"start":{"line":12,"column":9},"end":{"line":12,"column":24}},"19":{"start":{"line":12,"column":24},"end":{"line":12,"column":76}}},"fnMap":{"0":{"name":"(anonymous_5)","decl":{"start":{"line":4,"column":9},"end":{"line":4,"column":13}},"loc":{"start":{"line":4,"column":9},"end":{"line":4,"column":28}}},"1":{"name":"(anonymous_6)","decl":{"start":{"line":7,"column":9},"end":{"line":7,"column":16}},"loc":{"start":{"line":7,"column":9},"end":{"line":7,"column":39}}},"2":{"name":"(anonymous_7)","decl":{"start":{"line":8,"column":9},"end":{"line":8,"column":19}},"loc":{"start":{"line":8,"column":9},"end":{"line":8,"column":52}}},"3":{"name":"(anonymous_8)","decl":{"start":{"line":9,"column":9},"end":{"line":9,"column":16}},"loc":{"start":{"line":9,"column":9},"end":{"line":9,"column":32}}},"4":{"name":"(anonymous_9)","decl":{"start":{"line":10,"column":9},"end":{"line":10,"column":16}},"loc":{"start":{"line":10,"column":9},"end":{"line":10,"column":31}}},"5":{"name":"(anonymous_10)","decl":{"start":{"line":11,"column":9},"end":{"line":11,"column":16}},"loc":{"start":{"line":11,"column":9},"end":{"line":11,"column":24}}},"6":{"name":"(anonymous_11)","decl":{"start":{"line":12,"column":9},"end":{"line":12,"column":22}},"loc":{"start":{"line":12,"column":9},"end":{"line":12,"column":24}}},"7":{"name":"(anonymous_12)","decl":{"start":{"line":12,"column":24},"end":{"line":12,"column":38}},"loc":{"start":{"line":12,"column":24},"end":{"line":12,"column":76}}}},"branchMap":{},"s":{"0":1,"1":1,"2":1,"3":1,"4":1,"5":1,"6":1,"7":1,"8":1,"9":1,"10":10,"11":1,"12":1,"13":1,"14":1,"15":1,"16":1,"17":1,"18":1,"19":1},"f":{"0":0,"1":0,"2":9,"3":0,"4":0,"5":0,"6":0,"7":0},"b":{}}
,"C:\\Users\\versu\\PhpstormProjects\\keszflow-business-panel\\packages\\components\\src\\components\\Favicon\\index.tsx": {"path":"C:\\Users\\versu\\PhpstormProjects\\keszflow-business-panel\\packages\\components\\src\\components\\Favicon\\index.tsx","statementMap":{"0":{"start":{"line":1,"column":16},"end":{"line":33,"column":null}},"1":{"start":{"line":2,"column":2},"end":{"line":32,"column":null}},"2":{"start":{"line":36,"column":0},"end":{"line":36,"column":null}}},"fnMap":{"0":{"name":"(anonymous_0)","decl":{"start":{"line":1,"column":16},"end":{"line":1,"column":19}},"loc":{"start":{"line":2,"column":2},"end":{"line":32,"column":null}}}},"branchMap":{},"s":{"0":1,"1":0,"2":1},"f":{"0":0},"b":{}}
,"C:\\Users\\versu\\PhpstormProjects\\keszflow-business-panel\\packages\\components\\src\\components\\Footer\\index.tsx": {"path":"C:\\Users\\versu\\PhpstormProjects\\keszflow-business-panel\\packages\\components\\src\\components\\Footer\\index.tsx","statementMap":{"0":{"start":{"line":1,"column":0},"end":{"line":1,"column":47}},"1":{"start":{"line":3,"column":25},"end":{"line":3,"column":29}},"2":{"start":{"line":5,"column":22},"end":{"line":28,"column":1}},"3":{"start":{"line":6,"column":22},"end":{"line":6,"column":46}},"4":{"start":{"line":7,"column":2},"end":{"line":27,"column":null}},"5":{"start":{"line":18,"column":27},"end":{"line":18,"column":50}},"6":{"start":{"line":5,"column":13},"end":{"line":5,"column":22}}},"fnMap":{"0":{"name":"(anonymous_0)","decl":{"start":{"line":5,"column":22},"end":{"line":5,"column":25}},"loc":{"start":{"line":5,"column":27},"end":{"line":28,"column":1}}},"1":{"name":"(anonymous_1)","decl":{"start":{"line":18,"column":16},"end":{"line":18,"column":17}},"loc":{"start":{"line":18,"column":27},"end":{"line":18,"column":50}}}},"branchMap":{"0":{"loc":{"start":{"line":23,"column":9},"end":{"line":23,"column":77}},"type":"cond-expr","locations":[{"start":{"line":23,"column":42},"end":{"line":23,"column":63}},{"start":{"line":23,"column":66},"end":{"line":23,"column":77}}]}},"s":{"0":1,"1":1,"2":1,"3":0,"4":0,"5":0,"6":1},"f":{"0":0,"1":0},"b":{"0":[0,0]}}
,"C:\\Users\\versu\\PhpstormProjects\\keszflow-business-panel\\packages\\components\\src\\components\\Head\\index.tsx": {"path":"C:\\Users\\versu\\PhpstormProjects\\keszflow-business-panel\\packages\\components\\src\\components\\Head\\index.tsx","statementMap":{"0":{"start":{"line":1,"column":0},"end":{"line":1,"column":28}},"1":{"start":{"line":2,"column":0},"end":{"line":2,"column":32}},"2":{"start":{"line":4,"column":16},"end":{"line":12,"column":null}},"3":{"start":{"line":5,"column":2},"end":{"line":11,"column":null}},"4":{"start":{"line":15,"column":0},"end":{"line":15,"column":null}}},"fnMap":{"0":{"name":"(anonymous_1)","decl":{"start":{"line":4,"column":16},"end":{"line":4,"column":17}},"loc":{"start":{"line":5,"column":2},"end":{"line":11,"column":null}}}},"branchMap":{"0":{"loc":{"start":{"line":6,"column":12},"end":{"line":6,"column":54}},"type":"cond-expr","locations":[{"start":{"line":6,"column":20},"end":{"line":6,"column":41}},{"start":{"line":6,"column":44},"end":{"line":6,"column":54}}]}},"s":{"0":1,"1":1,"2":1,"3":0,"4":1},"f":{"0":0},"b":{"0":[0,0]}}
,"C:\\Users\\versu\\PhpstormProjects\\keszflow-business-panel\\packages\\components\\src\\components\\Header\\index.tsx": {"path":"C:\\Users\\versu\\PhpstormProjects\\keszflow-business-panel\\packages\\components\\src\\components\\Header\\index.tsx","statementMap":{"0":{"start":{"line":1,"column":0},"end":{"line":1,"column":25}},"1":{"start":{"line":2,"column":0},"end":{"line":2,"column":null}},"2":{"start":{"line":14,"column":0},"end":{"line":14,"column":59}},"3":{"start":{"line":15,"column":0},"end":{"line":15,"column":28}},"4":{"start":{"line":16,"column":0},"end":{"line":16,"column":62}},"5":{"start":{"line":18,"column":22},"end":{"line":85,"column":1}},"6":{"start":{"line":19,"column":34},"end":{"line":19,"column":74}},"7":{"start":{"line":20,"column":22},"end":{"line":22,"column":3}},"8":{"start":{"line":21,"column":4},"end":{"line":21,"column":null}},"9":{"start":{"line":23,"column":22},"end":{"line":25,"column":3}},"10":{"start":{"line":24,"column":4},"end":{"line":24,"column":null}},"11":{"start":{"line":27,"column":2},"end":{"line":84,"column":null}},"12":{"start":{"line":34,"column":27},"end":{"line":34,"column":50}},"13":{"start":{"line":18,"column":13},"end":{"line":18,"column":22}}},"fnMap":{"0":{"name":"(anonymous_1)","decl":{"start":{"line":18,"column":22},"end":{"line":18,"column":25}},"loc":{"start":{"line":18,"column":27},"end":{"line":85,"column":1}}},"1":{"name":"(anonymous_2)","decl":{"start":{"line":20,"column":22},"end":{"line":20,"column":23}},"loc":{"start":{"line":20,"column":63},"end":{"line":22,"column":3}}},"2":{"name":"(anonymous_3)","decl":{"start":{"line":23,"column":22},"end":{"line":23,"column":25}},"loc":{"start":{"line":23,"column":27},"end":{"line":25,"column":3}}},"3":{"name":"(anonymous_4)","decl":{"start":{"line":34,"column":16},"end":{"line":34,"column":17}},"loc":{"start":{"line":34,"column":27},"end":{"line":34,"column":50}}}},"branchMap":{},"s":{"0":1,"1":1,"2":1,"3":1,"4":1,"5":1,"6":0,"7":0,"8":0,"9":0,"10":0,"11":0,"12":0,"13":1},"f":{"0":0,"1":0,"2":0,"3":0},"b":{}}
,"C:\\Users\\versu\\PhpstormProjects\\keszflow-business-panel\\packages\\components\\src\\components\\Invoices\\Form.tsx": {"path":"C:\\Users\\versu\\PhpstormProjects\\keszflow-business-panel\\packages\\components\\src\\components\\Invoices\\Form.tsx","statementMap":{"0":{"start":{"line":1,"column":0},"end":{"line":1,"column":null}},"1":{"start":{"line":13,"column":0},"end":{"line":13,"column":27}},"2":{"start":{"line":14,"column":0},"end":{"line":14,"column":48}},"3":{"start":{"line":15,"column":0},"end":{"line":15,"column":65}},"4":{"start":{"line":16,"column":0},"end":{"line":16,"column":44}},"5":{"start":{"line":17,"column":0},"end":{"line":17,"column":58}},"6":{"start":{"line":18,"column":0},"end":{"line":18,"column":34}},"7":{"start":{"line":21,"column":27},"end":{"line":386,"column":1}},"8":{"start":{"line":28,"column":33},"end":{"line":38,"column":null}},"9":{"start":{"line":40,"column":34},"end":{"line":64,"column":null}},"10":{"start":{"line":91,"column":18},"end":{"line":199,"column":3}},"11":{"start":{"line":92,"column":4},"end":{"line":198,"column":null}},"12":{"start":{"line":186,"column":33},"end":{"line":186,"column":62}},"13":{"start":{"line":187,"column":16},"end":{"line":187,"column":null}},"14":{"start":{"line":188,"column":16},"end":{"line":188,"column":null}},"15":{"start":{"line":201,"column":2},"end":{"line":385,"column":null}},"16":{"start":{"line":211,"column":10},"end":{"line":214,"column":null}},"17":{"start":{"line":213,"column":14},"end":{"line":213,"column":null}},"18":{"start":{"line":215,"column":10},"end":{"line":215,"column":null}},"19":{"start":{"line":216,"column":10},"end":{"line":216,"column":null}},"20":{"start":{"line":220,"column":10},"end":{"line":380,"column":null}},"21":{"start":{"line":246,"column":22},"end":{"line":249,"column":null}},"22":{"start":{"line":278,"column":22},"end":{"line":278,"column":null}},"23":{"start":{"line":296,"column":22},"end":{"line":296,"column":null}},"24":{"start":{"line":308,"column":20},"end":{"line":311,"column":null}},"25":{"start":{"line":314,"column":43},"end":{"line":314,"column":94}},"26":{"start":{"line":321,"column":20},"end":{"line":324,"column":null}},"27":{"start":{"line":326,"column":43},"end":{"line":326,"column":92}},"28":{"start":{"line":333,"column":20},"end":{"line":336,"column":null}},"29":{"start":{"line":338,"column":43},"end":{"line":338,"column":92}},"30":{"start":{"line":353,"column":37},"end":{"line":353,"column":66}},"31":{"start":{"line":354,"column":20},"end":{"line":364,"column":null}},"32":{"start":{"line":365,"column":20},"end":{"line":365,"column":null}},"33":{"start":{"line":377,"column":18},"end":{"line":377,"column":null}},"34":{"start":{"line":21,"column":13},"end":{"line":21,"column":27}}},"fnMap":{"0":{"name":"(anonymous_1)","decl":{"start":{"line":21,"column":27},"end":{"line":21,"column":28}},"loc":{"start":{"line":27,"column":5},"end":{"line":386,"column":1}}},"1":{"name":"(anonymous_2)","decl":{"start":{"line":91,"column":18},"end":{"line":91,"column":19}},"loc":{"start":{"line":91,"column":50},"end":{"line":199,"column":3}}},"2":{"name":"(anonymous_3)","decl":{"start":{"line":107,"column":35},"end":{"line":107,"column":38}},"loc":{"start":{"line":107,"column":40},"end":{"line":107,"column":43}}},"3":{"name":"(anonymous_4)","decl":{"start":{"line":185,"column":23},"end":{"line":185,"column":26}},"loc":{"start":{"line":185,"column":28},"end":{"line":189,"column":15}}},"4":{"name":"(anonymous_5)","decl":{"start":{"line":207,"column":18},"end":{"line":207,"column":null}},"loc":{"start":{"line":210,"column":12},"end":{"line":217,"column":9}}},"5":{"name":"(anonymous_6)","decl":{"start":{"line":212,"column":33},"end":{"line":212,"column":34}},"loc":{"start":{"line":212,"column":45},"end":{"line":214,"column":13}}},"6":{"name":"(anonymous_7)","decl":{"start":{"line":219,"column":9},"end":{"line":219,"column":10}},"loc":{"start":{"line":220,"column":10},"end":{"line":380,"column":null}}},"7":{"name":"(anonymous_8)","decl":{"start":{"line":245,"column":30},"end":{"line":245,"column":31}},"loc":{"start":{"line":245,"column":36},"end":{"line":250,"column":21}}},"8":{"name":"(anonymous_9)","decl":{"start":{"line":277,"column":30},"end":{"line":277,"column":31}},"loc":{"start":{"line":277,"column":36},"end":{"line":279,"column":21}}},"9":{"name":"(anonymous_10)","decl":{"start":{"line":295,"column":30},"end":{"line":295,"column":31}},"loc":{"start":{"line":295,"column":36},"end":{"line":297,"column":21}}},"10":{"name":"(anonymous_11)","decl":{"start":{"line":307,"column":28},"end":{"line":307,"column":29}},"loc":{"start":{"line":307,"column":36},"end":{"line":312,"column":19}}},"11":{"name":"(anonymous_12)","decl":{"start":{"line":314,"column":31},"end":{"line":314,"column":32}},"loc":{"start":{"line":314,"column":43},"end":{"line":314,"column":94}}},"12":{"name":"(anonymous_13)","decl":{"start":{"line":320,"column":28},"end":{"line":320,"column":29}},"loc":{"start":{"line":320,"column":36},"end":{"line":325,"column":19}}},"13":{"name":"(anonymous_14)","decl":{"start":{"line":326,"column":31},"end":{"line":326,"column":32}},"loc":{"start":{"line":326,"column":43},"end":{"line":326,"column":92}}},"14":{"name":"(anonymous_15)","decl":{"start":{"line":332,"column":28},"end":{"line":332,"column":29}},"loc":{"start":{"line":332,"column":36},"end":{"line":337,"column":19}}},"15":{"name":"(anonymous_16)","decl":{"start":{"line":338,"column":31},"end":{"line":338,"column":32}},"loc":{"start":{"line":338,"column":43},"end":{"line":338,"column":92}}},"16":{"name":"(anonymous_17)","decl":{"start":{"line":352,"column":27},"end":{"line":352,"column":30}},"loc":{"start":{"line":352,"column":32},"end":{"line":366,"column":19}}},"17":{"name":"(anonymous_18)","decl":{"start":{"line":376,"column":26},"end":{"line":376,"column":27}},"loc":{"start":{"line":376,"column":43},"end":{"line":378,"column":17}}}},"branchMap":{"0":{"loc":{"start":{"line":40,"column":34},"end":{"line":64,"column":null}},"type":"binary-expr","locations":[{"start":{"line":40,"column":34},"end":{"line":40,"column":41}},{"start":{"line":40,"column":45},"end":{"line":64,"column":null}}]},"1":{"loc":{"start":{"line":96,"column":26},"end":{"line":96,"column":50}},"type":"cond-expr","locations":[{"start":{"line":96,"column":33},"end":{"line":96,"column":39}},{"start":{"line":96,"column":42},"end":{"line":96,"column":50}}]},"2":{"loc":{"start":{"line":103,"column":21},"end":{"line":103,"column":43}},"type":"cond-expr","locations":[{"start":{"line":103,"column":28},"end":{"line":103,"column":34}},{"start":{"line":103,"column":37},"end":{"line":103,"column":43}}]},"3":{"loc":{"start":{"line":115,"column":21},"end":{"line":115,"column":48}},"type":"binary-expr","locations":[{"start":{"line":115,"column":21},"end":{"line":115,"column":42}},{"start":{"line":115,"column":46},"end":{"line":115,"column":48}}]},"4":{"loc":{"start":{"line":211,"column":10},"end":{"line":214,"column":14}},"type":"binary-expr","locations":[{"start":{"line":211,"column":10},"end":{"line":211,"column":22}},{"start":{"line":212,"column":12},"end":{"line":214,"column":14}}]}},"s":{"0":1,"1":1,"2":1,"3":1,"4":1,"5":1,"6":1,"7":1,"8":4,"9":4,"10":4,"11":4,"12":0,"13":0,"14":0,"15":4,"16":1,"17":1,"18":1,"19":1,"20":11,"21":0,"22":0,"23":1,"24":0,"25":9,"26":0,"27":9,"28":0,"29":9,"30":0,"31":0,"32":0,"33":0,"34":1},"f":{"0":4,"1":4,"2":0,"3":0,"4":1,"5":1,"6":11,"7":0,"8":0,"9":1,"10":0,"11":9,"12":0,"13":9,"14":0,"15":9,"16":0,"17":0},"b":{"0":[4,4],"1":[0,4],"2":[0,4],"3":[4,0],"4":[1,1]}}
,"C:\\Users\\versu\\PhpstormProjects\\keszflow-business-panel\\packages\\components\\src\\components\\Invoices\\Upload.tsx": {"path":"C:\\Users\\versu\\PhpstormProjects\\keszflow-business-panel\\packages\\components\\src\\components\\Invoices\\Upload.tsx","statementMap":{"0":{"start":{"line":1,"column":0},"end":{"line":1,"column":56}},"1":{"start":{"line":2,"column":0},"end":{"line":2,"column":44}},"2":{"start":{"line":3,"column":0},"end":{"line":3,"column":null}},"3":{"start":{"line":18,"column":0},"end":{"line":18,"column":43}},"4":{"start":{"line":19,"column":0},"end":{"line":19,"column":42}},"5":{"start":{"line":20,"column":0},"end":{"line":20,"column":36}},"6":{"start":{"line":21,"column":0},"end":{"line":21,"column":61}},"7":{"start":{"line":22,"column":0},"end":{"line":22,"column":34}},"8":{"start":{"line":31,"column":30},"end":{"line":39,"column":1}},"9":{"start":{"line":32,"column":48},"end":{"line":32,"column":63}},"10":{"start":{"line":34,"column":28},"end":{"line":36,"column":3}},"11":{"start":{"line":35,"column":4},"end":{"line":35,"column":null}},"12":{"start":{"line":38,"column":2},"end":{"line":38,"column":null}},"13":{"start":{"line":31,"column":13},"end":{"line":31,"column":30}},"14":{"start":{"line":41,"column":23},"end":{"line":45,"column":1}},"15":{"start":{"line":42,"column":28},"end":{"line":42,"column":45}},"16":{"start":{"line":44,"column":2},"end":{"line":44,"column":null}},"17":{"start":{"line":41,"column":13},"end":{"line":41,"column":23}},"18":{"start":{"line":47,"column":29},"end":{"line":215,"column":1}},"19":{"start":{"line":48,"column":34},"end":{"line":48,"column":49}},"20":{"start":{"line":49,"column":28},"end":{"line":49,"column":43}},"21":{"start":{"line":50,"column":30},"end":{"line":50,"column":39}},"22":{"start":{"line":52,"column":14},"end":{"line":52,"column":28}},"23":{"start":{"line":54,"column":15},"end":{"line":54,"column":23}},"24":{"start":{"line":55,"column":21},"end":{"line":55,"column":35}},"25":{"start":{"line":57,"column":2},"end":{"line":61,"column":null}},"26":{"start":{"line":58,"column":4},"end":{"line":60,"column":null}},"27":{"start":{"line":59,"column":6},"end":{"line":59,"column":null}},"28":{"start":{"line":63,"column":17},"end":{"line":65,"column":8}},"29":{"start":{"line":64,"column":4},"end":{"line":64,"column":null}},"30":{"start":{"line":64,"column":30},"end":{"line":64,"column":null}},"31":{"start":{"line":68,"column":4},"end":{"line":68,"column":null}},"32":{"start":{"line":71,"column":56},"end":{"line":80,"column":4}},"33":{"start":{"line":74,"column":6},"end":{"line":74,"column":null}},"34":{"start":{"line":82,"column":22},"end":{"line":110,"column":null}},"35":{"start":{"line":92,"column":26},"end":{"line":92,"column":60}},"36":{"start":{"line":113,"column":21},"end":{"line":134,"column":null}},"37":{"start":{"line":126,"column":14},"end":{"line":126,"column":46}},"38":{"start":{"line":138,"column":4},"end":{"line":211,"column":null}},"39":{"start":{"line":155,"column":14},"end":{"line":155,"column":null}},"40":{"start":{"line":156,"column":14},"end":{"line":156,"column":null}},"41":{"start":{"line":162,"column":32},"end":{"line":162,"column":58}},"42":{"start":{"line":178,"column":16},"end":{"line":178,"column":null}},"43":{"start":{"line":192,"column":14},"end":{"line":192,"column":null}},"44":{"start":{"line":193,"column":29},"end":{"line":193,"column":61}},"45":{"start":{"line":194,"column":14},"end":{"line":194,"column":null}},"46":{"start":{"line":195,"column":14},"end":{"line":195,"column":null}},"47":{"start":{"line":196,"column":14},"end":{"line":196,"column":null}},"48":{"start":{"line":197,"column":14},"end":{"line":197,"column":null}},"49":{"start":{"line":199,"column":16},"end":{"line":199,"column":78}},"50":{"start":{"line":200,"column":30},"end":{"line":200,"column":50}},"51":{"start":{"line":201,"column":14},"end":{"line":201,"column":null}},"52":{"start":{"line":202,"column":14},"end":{"line":202,"column":null}},"53":{"start":{"line":214,"column":2},"end":{"line":214,"column":null}},"54":{"start":{"line":47,"column":13},"end":{"line":47,"column":29}}},"fnMap":{"0":{"name":"(anonymous_0)","decl":{"start":{"line":31,"column":30},"end":{"line":31,"column":33}},"loc":{"start":{"line":31,"column":35},"end":{"line":39,"column":1}}},"1":{"name":"(anonymous_1)","decl":{"start":{"line":34,"column":28},"end":{"line":34,"column":31}},"loc":{"start":{"line":34,"column":33},"end":{"line":36,"column":3}}},"2":{"name":"(anonymous_2)","decl":{"start":{"line":41,"column":23},"end":{"line":41,"column":26}},"loc":{"start":{"line":41,"column":28},"end":{"line":45,"column":1}}},"3":{"name":"(anonymous_3)","decl":{"start":{"line":47,"column":29},"end":{"line":47,"column":30}},"loc":{"start":{"line":47,"column":73},"end":{"line":215,"column":1}}},"4":{"name":"(anonymous_4)","decl":{"start":{"line":57,"column":12},"end":{"line":57,"column":15}},"loc":{"start":{"line":57,"column":17},"end":{"line":61,"column":3}}},"5":{"name":"(anonymous_5)","decl":{"start":{"line":63,"column":29},"end":{"line":63,"column":30}},"loc":{"start":{"line":63,"column":63},"end":{"line":65,"column":3}}},"6":{"name":"onDocumentLoadSuccess","decl":{"start":{"line":67,"column":11},"end":{"line":67,"column":32}},"loc":{"start":{"line":67,"column":50},"end":{"line":69,"column":3}}},"7":{"name":"(anonymous_7)","decl":{"start":{"line":73,"column":20},"end":{"line":73,"column":23}},"loc":{"start":{"line":73,"column":25},"end":{"line":75,"column":5}}},"8":{"name":"(anonymous_8)","decl":{"start":{"line":92,"column":19},"end":{"line":92,"column":22}},"loc":{"start":{"line":92,"column":26},"end":{"line":92,"column":60}}},"9":{"name":"(anonymous_9)","decl":{"start":{"line":125,"column":42},"end":{"line":125,"column":43}},"loc":{"start":{"line":126,"column":14},"end":{"line":126,"column":46}}},"10":{"name":"(anonymous_10)","decl":{"start":{"line":154,"column":21},"end":{"line":154,"column":24}},"loc":{"start":{"line":154,"column":26},"end":{"line":157,"column":13}}},"11":{"name":"(anonymous_11)","decl":{"start":{"line":162,"column":21},"end":{"line":162,"column":22}},"loc":{"start":{"line":162,"column":32},"end":{"line":162,"column":58}}},"12":{"name":"(anonymous_12)","decl":{"start":{"line":177,"column":23},"end":{"line":177,"column":26}},"loc":{"start":{"line":177,"column":28},"end":{"line":179,"column":15}}},"13":{"name":"(anonymous_13)","decl":{"start":{"line":191,"column":21},"end":{"line":191,"column":22}},"loc":{"start":{"line":191,"column":31},"end":{"line":203,"column":13}}}},"branchMap":{"0":{"loc":{"start":{"line":58,"column":4},"end":{"line":60,"column":null}},"type":"if","locations":[{"start":{"line":58,"column":4},"end":{"line":60,"column":null}}]},"1":{"loc":{"start":{"line":58,"column":8},"end":{"line":58,"column":25}},"type":"binary-expr","locations":[{"start":{"line":58,"column":8},"end":{"line":58,"column":12}},{"start":{"line":58,"column":16},"end":{"line":58,"column":25}}]},"2":{"loc":{"start":{"line":64,"column":4},"end":{"line":64,"column":null}},"type":"if","locations":[{"start":{"line":64,"column":4},"end":{"line":64,"column":null}}]},"3":{"loc":{"start":{"line":82,"column":22},"end":{"line":110,"column":null}},"type":"binary-expr","locations":[{"start":{"line":82,"column":22},"end":{"line":82,"column":35}},{"start":{"line":83,"column":4},"end":{"line":109,"column":null}}]},"4":{"loc":{"start":{"line":92,"column":26},"end":{"line":92,"column":60}},"type":"cond-expr","locations":[{"start":{"line":92,"column":41},"end":{"line":92,"column":55}},{"start":{"line":92,"column":58},"end":{"line":92,"column":60}}]},"5":{"loc":{"start":{"line":97,"column":9},"end":{"line":107,"column":null}},"type":"cond-expr","locations":[{"start":{"line":98,"column":10},"end":{"line":98,"column":73}},{"start":{"line":100,"column":10},"end":{"line":106,"column":null}}]},"6":{"loc":{"start":{"line":113,"column":21},"end":{"line":134,"column":null}},"type":"binary-expr","locations":[{"start":{"line":113,"column":21},"end":{"line":113,"column":35}},{"start":{"line":114,"column":4},"end":{"line":133,"column":null}}]},"7":{"loc":{"start":{"line":122,"column":18},"end":{"line":122,"column":null}},"type":"binary-expr","locations":[{"start":{"line":122,"column":18},"end":{"line":122,"column":26}},{"start":{"line":122,"column":30},"end":{"line":122,"column":40}}]},"8":{"loc":{"start":{"line":122,"column":30},"end":{"line":122,"column":40}},"type":"cond-expr","locations":[{"start":{"line":122,"column":34},"end":{"line":122,"column":36}},{"start":{"line":122,"column":30},"end":{"line":122,"column":40}}]},"9":{"loc":{"start":{"line":122,"column":30},"end":{"line":122,"column":36}},"type":"binary-expr","locations":[{"start":{"line":122,"column":30},"end":{"line":122,"column":36}},{"start":{"line":122,"column":30},"end":{"line":122,"column":36}}]},"10":{"loc":{"start":{"line":174,"column":11},"end":{"line":183,"column":null}},"type":"binary-expr","locations":[{"start":{"line":174,"column":11},"end":{"line":174,"column":19}},{"start":{"line":175,"column":12},"end":{"line":182,"column":null}}]},"11":{"loc":{"start":{"line":214,"column":9},"end":{"line":214,"column":43}},"type":"cond-expr","locations":[{"start":{"line":214,"column":22},"end":{"line":214,"column":32}},{"start":{"line":214,"column":35},"end":{"line":214,"column":43}}]}},"s":{"0":1,"1":1,"2":1,"3":1,"4":1,"5":1,"6":1,"7":1,"8":1,"9":0,"10":0,"11":0,"12":0,"13":1,"14":1,"15":0,"16":0,"17":1,"18":1,"19":0,"20":0,"21":0,"22":0,"23":0,"24":0,"25":0,"26":0,"27":0,"28":0,"29":0,"30":0,"31":0,"32":0,"33":0,"34":0,"35":0,"36":0,"37":0,"38":0,"39":0,"40":0,"41":0,"42":0,"43":0,"44":0,"45":0,"46":0,"47":0,"48":0,"49":0,"50":0,"51":0,"52":0,"53":0,"54":1},"f":{"0":0,"1":0,"2":0,"3":0,"4":0,"5":0,"6":0,"7":0,"8":0,"9":0,"10":0,"11":0,"12":0,"13":0},"b":{"0":[0],"1":[0,0],"2":[0],"3":[0,0],"4":[0,0],"5":[0,0],"6":[0,0],"7":[0,0],"8":[0,0],"9":[0,0],"10":[0,0],"11":[0,0]}}
,"C:\\Users\\versu\\PhpstormProjects\\keszflow-business-panel\\packages\\components\\src\\components\\Invoices\\index.tsx": {"path":"C:\\Users\\versu\\PhpstormProjects\\keszflow-business-panel\\packages\\components\\src\\components\\Invoices\\index.tsx","statementMap":{"0":{"start":{"line":1,"column":0},"end":{"line":1,"column":null}},"1":{"start":{"line":10,"column":0},"end":{"line":10,"column":58}},"2":{"start":{"line":12,"column":0},"end":{"line":12,"column":27}},"3":{"start":{"line":19,"column":20},"end":{"line":56,"column":1}},"4":{"start":{"line":26,"column":2},"end":{"line":55,"column":null}},"5":{"start":{"line":40,"column":14},"end":{"line":40,"column":null}},"6":{"start":{"line":19,"column":13},"end":{"line":19,"column":20}},"7":{"start":{"line":58,"column":20},"end":{"line":87,"column":1}},"8":{"start":{"line":59,"column":2},"end":{"line":86,"column":null}},"9":{"start":{"line":76,"column":16},"end":{"line":77,"column":null}},"10":{"start":{"line":58,"column":13},"end":{"line":58,"column":20}}},"fnMap":{"0":{"name":"(anonymous_1)","decl":{"start":{"line":19,"column":20},"end":{"line":19,"column":21}},"loc":{"start":{"line":25,"column":5},"end":{"line":56,"column":1}}},"1":{"name":"(anonymous_2)","decl":{"start":{"line":39,"column":21},"end":{"line":39,"column":24}},"loc":{"start":{"line":39,"column":26},"end":{"line":41,"column":13}}},"2":{"name":"(anonymous_3)","decl":{"start":{"line":47,"column":21},"end":{"line":47,"column":24}},"loc":{"start":{"line":47,"column":26},"end":{"line":47,"column":29}}},"3":{"name":"(anonymous_4)","decl":{"start":{"line":51,"column":67},"end":{"line":51,"column":68}},"loc":{"start":{"line":51,"column":73},"end":{"line":51,"column":76}}},"4":{"name":"(anonymous_5)","decl":{"start":{"line":58,"column":20},"end":{"line":58,"column":21}},"loc":{"start":{"line":58,"column":64},"end":{"line":87,"column":1}}},"5":{"name":"(anonymous_6)","decl":{"start":{"line":75,"column":27},"end":{"line":75,"column":28}},"loc":{"start":{"line":76,"column":16},"end":{"line":77,"column":null}}}},"branchMap":{"0":{"loc":{"start":{"line":74,"column":13},"end":{"line":81,"column":16}},"type":"binary-expr","locations":[{"start":{"line":74,"column":13},"end":{"line":74,"column":21}},{"start":{"line":75,"column":14},"end":{"line":81,"column":16}}]}},"s":{"0":1,"1":1,"2":1,"3":1,"4":0,"5":0,"6":1,"7":1,"8":0,"9":0,"10":1},"f":{"0":0,"1":0,"2":0,"3":0,"4":0,"5":0},"b":{"0":[0,0]}}
,"C:\\Users\\versu\\PhpstormProjects\\keszflow-business-panel\\packages\\components\\src\\components\\KeszflowBusinessLogo\\index.tsx": {"path":"C:\\Users\\versu\\PhpstormProjects\\keszflow-business-panel\\packages\\components\\src\\components\\KeszflowBusinessLogo\\index.tsx","statementMap":{"0":{"start":{"line":1,"column":0},"end":{"line":1,"column":35}},"1":{"start":{"line":10,"column":33},"end":{"line":43,"column":null}},"2":{"start":{"line":16,"column":2},"end":{"line":42,"column":null}},"3":{"start":{"line":51,"column":37},"end":{"line":51,"column":57}},"4":{"start":{"line":46,"column":0},"end":{"line":49,"column":null}}},"fnMap":{"0":{"name":"(anonymous_0)","decl":{"start":{"line":10,"column":33},"end":{"line":10,"column":34}},"loc":{"start":{"line":16,"column":2},"end":{"line":42,"column":null}}}},"branchMap":{},"s":{"0":1,"1":1,"2":0,"3":1,"4":1},"f":{"0":0},"b":{}}
,"C:\\Users\\versu\\PhpstormProjects\\keszflow-business-panel\\packages\\components\\src\\components\\Loader\\index.tsx": {"path":"C:\\Users\\versu\\PhpstormProjects\\keszflow-business-panel\\packages\\components\\src\\components\\Loader\\index.tsx","statementMap":{"0":{"start":{"line":1,"column":0},"end":{"line":1,"column":53}},"1":{"start":{"line":3,"column":22},"end":{"line":25,"column":1}},"2":{"start":{"line":5,"column":4},"end":{"line":20,"column":null}},"3":{"start":{"line":24,"column":2},"end":{"line":24,"column":null}},"4":{"start":{"line":3,"column":13},"end":{"line":3,"column":22}}},"fnMap":{"0":{"name":"(anonymous_0)","decl":{"start":{"line":3,"column":22},"end":{"line":3,"column":25}},"loc":{"start":{"line":3,"column":27},"end":{"line":25,"column":1}}}},"branchMap":{},"s":{"0":1,"1":1,"2":0,"3":0,"4":1},"f":{"0":0},"b":{}}
,"C:\\Users\\versu\\PhpstormProjects\\keszflow-business-panel\\packages\\components\\src\\components\\Sidebar\\index.tsx": {"path":"C:\\Users\\versu\\PhpstormProjects\\keszflow-business-panel\\packages\\components\\src\\components\\Sidebar\\index.tsx","statementMap":{"0":{"start":{"line":1,"column":0},"end":{"line":1,"column":56}},"1":{"start":{"line":2,"column":0},"end":{"line":2,"column":null}},"2":{"start":{"line":10,"column":0},"end":{"line":10,"column":39}},"3":{"start":{"line":11,"column":0},"end":{"line":11,"column":28}},"4":{"start":{"line":13,"column":23},"end":{"line":73,"column":1}},"5":{"start":{"line":14,"column":23},"end":{"line":14,"column":34}},"6":{"start":{"line":16,"column":2},"end":{"line":72,"column":null}},"7":{"start":{"line":13,"column":13},"end":{"line":13,"column":23}}},"fnMap":{"0":{"name":"(anonymous_1)","decl":{"start":{"line":13,"column":23},"end":{"line":13,"column":26}},"loc":{"start":{"line":13,"column":28},"end":{"line":73,"column":1}}}},"branchMap":{"0":{"loc":{"start":{"line":47,"column":27},"end":{"line":47,"column":73}},"type":"cond-expr","locations":[{"start":{"line":47,"column":46},"end":{"line":47,"column":63}},{"start":{"line":47,"column":66},"end":{"line":47,"column":73}}]},"1":{"loc":{"start":{"line":62,"column":22},"end":{"line":62,"column":76}},"type":"cond-expr","locations":[{"start":{"line":62,"column":49},"end":{"line":62,"column":66}},{"start":{"line":62,"column":69},"end":{"line":62,"column":76}}]}},"s":{"0":1,"1":1,"2":1,"3":1,"4":1,"5":0,"6":0,"7":1},"f":{"0":0},"b":{"0":[0,0],"1":[0,0]}}
,"C:\\Users\\versu\\PhpstormProjects\\keszflow-business-panel\\packages\\components\\src\\components\\SignIn\\index.tsx": {"path":"C:\\Users\\versu\\PhpstormProjects\\keszflow-business-panel\\packages\\components\\src\\components\\SignIn\\index.tsx","statementMap":{"0":{"start":{"line":1,"column":0},"end":{"line":1,"column":55}},"1":{"start":{"line":2,"column":0},"end":{"line":2,"column":28}},"2":{"start":{"line":3,"column":0},"end":{"line":3,"column":44}},"3":{"start":{"line":4,"column":0},"end":{"line":4,"column":26}},"4":{"start":{"line":5,"column":0},"end":{"line":5,"column":65}},"5":{"start":{"line":7,"column":25},"end":{"line":68,"column":1}},"6":{"start":{"line":8,"column":24},"end":{"line":11,"column":null}},"7":{"start":{"line":13,"column":27},"end":{"line":18,"column":4}},"8":{"start":{"line":20,"column":2},"end":{"line":67,"column":null}},"9":{"start":{"line":29,"column":10},"end":{"line":29,"column":null}},"10":{"start":{"line":30,"column":10},"end":{"line":30,"column":null}},"11":{"start":{"line":31,"column":10},"end":{"line":31,"column":null}},"12":{"start":{"line":35,"column":10},"end":{"line":62,"column":null}},"13":{"start":{"line":7,"column":13},"end":{"line":7,"column":25}}},"fnMap":{"0":{"name":"(anonymous_7)","decl":{"start":{"line":7,"column":25},"end":{"line":7,"column":26}},"loc":{"start":{"line":7,"column":81},"end":{"line":68,"column":1}}},"1":{"name":"(anonymous_8)","decl":{"start":{"line":28,"column":18},"end":{"line":28,"column":19}},"loc":{"start":{"line":28,"column":69},"end":{"line":32,"column":9}}},"2":{"name":"(anonymous_9)","decl":{"start":{"line":34,"column":9},"end":{"line":34,"column":10}},"loc":{"start":{"line":35,"column":10},"end":{"line":62,"column":null}}}},"branchMap":{},"s":{"0":1,"1":1,"2":1,"3":1,"4":1,"5":1,"6":0,"7":0,"8":0,"9":0,"10":0,"11":0,"12":0,"13":1},"f":{"0":0,"1":0,"2":0},"b":{}}
,"C:\\Users\\versu\\PhpstormProjects\\keszflow-business-panel\\packages\\components\\src\\components\\SignUp\\index.tsx": {"path":"C:\\Users\\versu\\PhpstormProjects\\keszflow-business-panel\\packages\\components\\src\\components\\SignUp\\index.tsx","statementMap":{"0":{"start":{"line":1,"column":0},"end":{"line":1,"column":55}},"1":{"start":{"line":2,"column":0},"end":{"line":2,"column":28}},"2":{"start":{"line":3,"column":0},"end":{"line":3,"column":44}},"3":{"start":{"line":4,"column":0},"end":{"line":4,"column":26}},"4":{"start":{"line":5,"column":0},"end":{"line":5,"column":65}},"5":{"start":{"line":7,"column":25},"end":{"line":91,"column":1}},"6":{"start":{"line":8,"column":24},"end":{"line":12,"column":null}},"7":{"start":{"line":14,"column":27},"end":{"line":22,"column":4}},"8":{"start":{"line":24,"column":2},"end":{"line":90,"column":null}},"9":{"start":{"line":33,"column":10},"end":{"line":33,"column":null}},"10":{"start":{"line":34,"column":10},"end":{"line":34,"column":null}},"11":{"start":{"line":35,"column":10},"end":{"line":35,"column":null}},"12":{"start":{"line":39,"column":10},"end":{"line":85,"column":null}},"13":{"start":{"line":7,"column":13},"end":{"line":7,"column":25}}},"fnMap":{"0":{"name":"(anonymous_7)","decl":{"start":{"line":7,"column":25},"end":{"line":7,"column":26}},"loc":{"start":{"line":7,"column":81},"end":{"line":91,"column":1}}},"1":{"name":"(anonymous_8)","decl":{"start":{"line":32,"column":18},"end":{"line":32,"column":19}},"loc":{"start":{"line":32,"column":69},"end":{"line":36,"column":9}}},"2":{"name":"(anonymous_9)","decl":{"start":{"line":38,"column":9},"end":{"line":38,"column":10}},"loc":{"start":{"line":39,"column":10},"end":{"line":85,"column":null}}}},"branchMap":{},"s":{"0":1,"1":1,"2":1,"3":1,"4":1,"5":1,"6":0,"7":0,"8":0,"9":0,"10":0,"11":0,"12":0,"13":1},"f":{"0":0,"1":0,"2":0},"b":{}}
,"C:\\Users\\versu\\PhpstormProjects\\keszflow-business-panel\\packages\\components\\src\\components\\Sortable\\index.tsx": {"path":"C:\\Users\\versu\\PhpstormProjects\\keszflow-business-panel\\packages\\components\\src\\components\\Sortable\\index.tsx","statementMap":{"0":{"start":{"line":1,"column":0},"end":{"line":1,"column":79}},"1":{"start":{"line":2,"column":0},"end":{"line":2,"column":35}},"2":{"start":{"line":3,"column":0},"end":{"line":3,"column":49}},"3":{"start":{"line":13,"column":17},"end":{"line":73,"column":1}},"4":{"start":{"line":13,"column":46},"end":{"line":13,"column":51}},"5":{"start":{"line":13,"column":55},"end":{"line":13,"column":68}},"6":{"start":{"line":14,"column":26},"end":{"line":14,"column":48}},"7":{"start":{"line":15,"column":36},"end":{"line":15,"column":50}},"8":{"start":{"line":16,"column":19},"end":{"line":16,"column":29}},"9":{"start":{"line":17,"column":23},"end":{"line":17,"column":33}},"10":{"start":{"line":18,"column":16},"end":{"line":18,"column":38}},"11":{"start":{"line":20,"column":2},"end":{"line":22,"column":null}},"12":{"start":{"line":21,"column":4},"end":{"line":21,"column":null}},"13":{"start":{"line":24,"column":22},"end":{"line":28,"column":3}},"14":{"start":{"line":25,"column":25},"end":{"line":25,"column":48}},"15":{"start":{"line":26,"column":4},"end":{"line":27,"column":null}},"16":{"start":{"line":26,"column":30},"end":{"line":26,"column":null}},"17":{"start":{"line":27,"column":9},"end":{"line":27,"column":null}},"18":{"start":{"line":30,"column":20},"end":{"line":33,"column":3}},"19":{"start":{"line":31,"column":4},"end":{"line":31,"column":null}},"20":{"start":{"line":32,"column":4},"end":{"line":32,"column":null}},"21":{"start":{"line":35,"column":20},"end":{"line":37,"column":3}},"22":{"start":{"line":36,"column":4},"end":{"line":36,"column":null}},"23":{"start":{"line":39,"column":15},"end":{"line":53,"column":3}},"24":{"start":{"line":40,"column":4},"end":{"line":40,"column":null}},"25":{"start":{"line":42,"column":26},"end":{"line":42,"column":35}},"26":{"start":{"line":43,"column":28},"end":{"line":43,"column":59}},"27":{"start":{"line":44,"column":4},"end":{"line":44,"column":null}},"28":{"start":{"line":45,"column":4},"end":{"line":45,"column":null}},"29":{"start":{"line":46,"column":4},"end":{"line":46,"column":null}},"30":{"start":{"line":47,"column":4},"end":{"line":47,"column":null}},"31":{"start":{"line":48,"column":4},"end":{"line":52,"column":null}},"32":{"start":{"line":49,"column":6},"end":{"line":49,"column":null}},"33":{"start":{"line":51,"column":6},"end":{"line":51,"column":null}},"34":{"start":{"line":55,"column":18},"end":{"line":70,"column":23}},"35":{"start":{"line":56,"column":4},"end":{"line":69,"column":null}},"36":{"start":{"line":57,"column":6},"end":{"line":63,"column":null}},"37":{"start":{"line":58,"column":28},"end":{"line":58,"column":47}},"38":{"start":{"line":59,"column":28},"end":{"line":59,"column":47}},"39":{"start":{"line":60,"column":27},"end":{"line":60,"column":45}},"40":{"start":{"line":62,"column":30},"end":{"line":62,"column":44}},"41":{"start":{"line":72,"column":2},"end":{"line":72,"column":null}},"42":{"start":{"line":75,"column":0},"end":{"line":75,"column":null}}},"fnMap":{"0":{"name":"(anonymous_7)","decl":{"start":{"line":13,"column":17},"end":{"line":13,"column":18}},"loc":{"start":{"line":13,"column":72},"end":{"line":73,"column":1}}},"1":{"name":"(anonymous_8)","decl":{"start":{"line":20,"column":12},"end":{"line":20,"column":15}},"loc":{"start":{"line":20,"column":17},"end":{"line":22,"column":3}}},"2":{"name":"(anonymous_9)","decl":{"start":{"line":24,"column":22},"end":{"line":24,"column":23}},"loc":{"start":{"line":24,"column":59},"end":{"line":28,"column":3}}},"3":{"name":"(anonymous_10)","decl":{"start":{"line":30,"column":20},"end":{"line":30,"column":21}},"loc":{"start":{"line":30,"column":75},"end":{"line":33,"column":3}}},"4":{"name":"(anonymous_11)","decl":{"start":{"line":35,"column":20},"end":{"line":35,"column":21}},"loc":{"start":{"line":35,"column":75},"end":{"line":37,"column":3}}},"5":{"name":"(anonymous_12)","decl":{"start":{"line":39,"column":15},"end":{"line":39,"column":16}},"loc":{"start":{"line":39,"column":52},"end":{"line":53,"column":3}}},"6":{"name":"(anonymous_13)","decl":{"start":{"line":55,"column":26},"end":{"line":55,"column":29}},"loc":{"start":{"line":55,"column":31},"end":{"line":70,"column":3}}},"7":{"name":"(anonymous_14)","decl":{"start":{"line":56,"column":20},"end":{"line":56,"column":21}},"loc":{"start":{"line":57,"column":6},"end":{"line":63,"column":null}}},"8":{"name":"(anonymous_15)","decl":{"start":{"line":58,"column":21},"end":{"line":58,"column":22}},"loc":{"start":{"line":58,"column":28},"end":{"line":58,"column":47}}},"9":{"name":"(anonymous_16)","decl":{"start":{"line":59,"column":21},"end":{"line":59,"column":22}},"loc":{"start":{"line":59,"column":28},"end":{"line":59,"column":47}}},"10":{"name":"(anonymous_17)","decl":{"start":{"line":60,"column":20},"end":{"line":60,"column":21}},"loc":{"start":{"line":60,"column":27},"end":{"line":60,"column":45}}},"11":{"name":"(anonymous_18)","decl":{"start":{"line":62,"column":23},"end":{"line":62,"column":24}},"loc":{"start":{"line":62,"column":30},"end":{"line":62,"column":44}}}},"branchMap":{"0":{"loc":{"start":{"line":26,"column":4},"end":{"line":27,"column":null}},"type":"if","locations":[{"start":{"line":26,"column":4},"end":{"line":27,"column":null}},{"start":{"line":27,"column":9},"end":{"line":27,"column":null}}]},"1":{"loc":{"start":{"line":31,"column":4},"end":{"line":31,"column":64}},"type":"cond-expr","locations":[{"start":{"line":31,"column":9},"end":{"line":31,"column":11}},{"start":{"line":31,"column":4},"end":{"line":31,"column":64}}]},"2":{"loc":{"start":{"line":31,"column":4},"end":{"line":31,"column":11}},"type":"binary-expr","locations":[{"start":{"line":31,"column":4},"end":{"line":31,"column":11}},{"start":{"line":31,"column":4},"end":{"line":31,"column":11}}]},"3":{"loc":{"start":{"line":31,"column":25},"end":{"line":31,"column":37}},"type":"cond-expr","locations":[{"start":{"line":31,"column":30},"end":{"line":31,"column":32}},{"start":{"line":31,"column":25},"end":{"line":31,"column":37}}]},"4":{"loc":{"start":{"line":31,"column":25},"end":{"line":31,"column":32}},"type":"binary-expr","locations":[{"start":{"line":31,"column":25},"end":{"line":31,"column":32}},{"start":{"line":31,"column":25},"end":{"line":31,"column":32}}]},"5":{"loc":{"start":{"line":40,"column":4},"end":{"line":40,"column":65}},"type":"cond-expr","locations":[{"start":{"line":40,"column":9},"end":{"line":40,"column":11}},{"start":{"line":40,"column":4},"end":{"line":40,"column":65}}]},"6":{"loc":{"start":{"line":40,"column":4},"end":{"line":40,"column":11}},"type":"binary-expr","locations":[{"start":{"line":40,"column":4},"end":{"line":40,"column":11}},{"start":{"line":40,"column":4},"end":{"line":40,"column":11}}]},"7":{"loc":{"start":{"line":40,"column":25},"end":{"line":40,"column":37}},"type":"cond-expr","locations":[{"start":{"line":40,"column":30},"end":{"line":40,"column":32}},{"start":{"line":40,"column":25},"end":{"line":40,"column":37}}]},"8":{"loc":{"start":{"line":40,"column":25},"end":{"line":40,"column":32}},"type":"binary-expr","locations":[{"start":{"line":40,"column":25},"end":{"line":40,"column":32}},{"start":{"line":40,"column":25},"end":{"line":40,"column":32}}]},"9":{"loc":{"start":{"line":48,"column":4},"end":{"line":52,"column":null}},"type":"if","locations":[{"start":{"line":48,"column":4},"end":{"line":52,"column":null}},{"start":{"line":50,"column":11},"end":{"line":52,"column":null}}]},"10":{"loc":{"start":{"line":72,"column":43},"end":{"line":72,"column":58}},"type":"binary-expr","locations":[{"start":{"line":72,"column":43},"end":{"line":72,"column":47}},{"start":{"line":72,"column":51},"end":{"line":72,"column":58}}]}},"s":{"0":1,"1":1,"2":1,"3":1,"4":9,"5":9,"6":9,"7":9,"8":9,"9":9,"10":9,"11":9,"12":4,"13":9,"14":0,"15":0,"16":0,"17":0,"18":9,"19":0,"20":0,"21":9,"22":0,"23":9,"24":0,"25":0,"26":0,"27":0,"28":0,"29":0,"30":0,"31":0,"32":0,"33":0,"34":9,"35":4,"36":4,"37":0,"38":0,"39":0,"40":0,"41":9,"42":1},"f":{"0":9,"1":4,"2":0,"3":0,"4":0,"5":0,"6":4,"7":4,"8":0,"9":0,"10":0,"11":0},"b":{"0":[0,0],"1":[0,0],"2":[0,0],"3":[0,0],"4":[0,0],"5":[0,0],"6":[0,0],"7":[0,0],"8":[0,0],"9":[0,0],"10":[9,9]}}
,"C:\\Users\\versu\\PhpstormProjects\\keszflow-business-panel\\packages\\components\\src\\elements\\actionButton\\index.tsx": {"path":"C:\\Users\\versu\\PhpstormProjects\\keszflow-business-panel\\packages\\components\\src\\elements\\actionButton\\index.tsx","statementMap":{"0":{"start":{"line":1,"column":0},"end":{"line":1,"column":68}},"1":{"start":{"line":2,"column":0},"end":{"line":2,"column":null}},"2":{"start":{"line":20,"column":28},"end":{"line":45,"column":1}},"3":{"start":{"line":24,"column":10},"end":{"line":24,"column":null}},"4":{"start":{"line":25,"column":9},"end":{"line":26,"column":20}},"5":{"start":{"line":27,"column":24},"end":{"line":27,"column":37}},"6":{"start":{"line":29,"column":4},"end":{"line":41,"column":null}},"7":{"start":{"line":44,"column":2},"end":{"line":44,"column":null}},"8":{"start":{"line":20,"column":13},"end":{"line":20,"column":28}},"9":{"start":{"line":47,"column":16},"end":{"line":65,"column":1}},"10":{"start":{"line":48,"column":2},"end":{"line":64,"column":null}},"11":{"start":{"line":50,"column":6},"end":{"line":50,"column":null}},"12":{"start":{"line":52,"column":6},"end":{"line":52,"column":null}},"13":{"start":{"line":54,"column":6},"end":{"line":54,"column":null}},"14":{"start":{"line":56,"column":6},"end":{"line":56,"column":null}},"15":{"start":{"line":58,"column":6},"end":{"line":58,"column":null}},"16":{"start":{"line":60,"column":6},"end":{"line":60,"column":null}},"17":{"start":{"line":63,"column":6},"end":{"line":63,"column":null}}},"fnMap":{"0":{"name":"(anonymous_1)","decl":{"start":{"line":20,"column":28},"end":{"line":20,"column":29}},"loc":{"start":{"line":26,"column":24},"end":{"line":45,"column":1}}},"1":{"name":"(anonymous_2)","decl":{"start":{"line":47,"column":16},"end":{"line":47,"column":17}},"loc":{"start":{"line":47,"column":70},"end":{"line":65,"column":1}}}},"branchMap":{"0":{"loc":{"start":{"line":40,"column":35},"end":{"line":40,"column":60}},"type":"cond-expr","locations":[{"start":{"line":40,"column":46},"end":{"line":40,"column":55}},{"start":{"line":40,"column":58},"end":{"line":40,"column":60}}]},"1":{"loc":{"start":{"line":44,"column":9},"end":{"line":44,"column":98}},"type":"cond-expr","locations":[{"start":{"line":44,"column":20},"end":{"line":44,"column":27}},{"start":{"line":44,"column":30},"end":{"line":44,"column":98}}]},"2":{"loc":{"start":{"line":48,"column":2},"end":{"line":64,"column":null}},"type":"switch","locations":[{"start":{"line":49,"column":4},"end":{"line":50,"column":null}},{"start":{"line":51,"column":4},"end":{"line":52,"column":null}},{"start":{"line":53,"column":4},"end":{"line":54,"column":null}},{"start":{"line":55,"column":4},"end":{"line":56,"column":null}},{"start":{"line":57,"column":4},"end":{"line":58,"column":null}},{"start":{"line":59,"column":4},"end":{"line":60,"column":null}},{"start":{"line":62,"column":4},"end":{"line":63,"column":null}}]}},"s":{"0":1,"1":1,"2":1,"3":8,"4":8,"5":8,"6":8,"7":8,"8":1,"9":1,"10":8,"11":0,"12":4,"13":0,"14":0,"15":4,"16":0,"17":0},"f":{"0":8,"1":8},"b":{"0":[4,4],"1":[4,4],"2":[0,4,0,0,4,0,0]}}
,"C:\\Users\\versu\\PhpstormProjects\\keszflow-business-panel\\packages\\components\\src\\elements\\input\\index.tsx": {"path":"C:\\Users\\versu\\PhpstormProjects\\keszflow-business-panel\\packages\\components\\src\\elements\\input\\index.tsx","statementMap":{"0":{"start":{"line":1,"column":0},"end":{"line":1,"column":null}},"1":{"start":{"line":7,"column":0},"end":{"line":7,"column":60}},"2":{"start":{"line":8,"column":0},"end":{"line":8,"column":57}},"3":{"start":{"line":10,"column":59},"end":{"line":53,"column":1}},"4":{"start":{"line":11,"column":28},"end":{"line":11,"column":40}},"5":{"start":{"line":12,"column":20},"end":{"line":12,"column":63}},"6":{"start":{"line":13,"column":23},"end":{"line":13,"column":65}},"7":{"start":{"line":15,"column":54},"end":{"line":15,"column":59}},"8":{"start":{"line":15,"column":49},"end":{"line":15,"column":54}},"9":{"start":{"line":17,"column":2},"end":{"line":23,"column":null}},"10":{"start":{"line":18,"column":4},"end":{"line":22,"column":null}},"11":{"start":{"line":19,"column":6},"end":{"line":19,"column":null}},"12":{"start":{"line":21,"column":6},"end":{"line":21,"column":null}},"13":{"start":{"line":25,"column":25},"end":{"line":32,"column":null}},"14":{"start":{"line":27,"column":6},"end":{"line":27,"column":null}},"15":{"start":{"line":28,"column":23},"end":{"line":28,"column":41}},"16":{"start":{"line":30,"column":6},"end":{"line":30,"column":null}},"17":{"start":{"line":35,"column":2},"end":{"line":52,"column":null}},"18":{"start":{"line":48,"column":10},"end":{"line":48,"column":null}},"19":{"start":{"line":55,"column":55},"end":{"line":61,"column":1}},"20":{"start":{"line":56,"column":2},"end":{"line":60,"column":null}},"21":{"start":{"line":55,"column":13},"end":{"line":55,"column":55}}},"fnMap":{"0":{"name":"(anonymous_7)","decl":{"start":{"line":10,"column":59},"end":{"line":10,"column":60}},"loc":{"start":{"line":10,"column":69},"end":{"line":53,"column":1}}},"1":{"name":"(anonymous_8)","decl":{"start":{"line":17,"column":12},"end":{"line":17,"column":15}},"loc":{"start":{"line":17,"column":17},"end":{"line":23,"column":3}}},"2":{"name":"(anonymous_9)","decl":{"start":{"line":26,"column":4},"end":{"line":26,"column":5}},"loc":{"start":{"line":26,"column":51},"end":{"line":31,"column":5}}},"3":{"name":"(anonymous_10)","decl":{"start":{"line":47,"column":16},"end":{"line":47,"column":19}},"loc":{"start":{"line":47,"column":21},"end":{"line":49,"column":9}}},"4":{"name":"(anonymous_11)","decl":{"start":{"line":55,"column":55},"end":{"line":55,"column":56}},"loc":{"start":{"line":55,"column":65},"end":{"line":61,"column":1}}}},"branchMap":{"0":{"loc":{"start":{"line":18,"column":4},"end":{"line":22,"column":null}},"type":"if","locations":[{"start":{"line":18,"column":4},"end":{"line":22,"column":null}},{"start":{"line":20,"column":11},"end":{"line":22,"column":null}}]},"1":{"loc":{"start":{"line":38,"column":17},"end":{"line":38,"column":44}},"type":"binary-expr","locations":[{"start":{"line":38,"column":17},"end":{"line":38,"column":30}},{"start":{"line":38,"column":34},"end":{"line":38,"column":44}}]},"2":{"loc":{"start":{"line":39,"column":15},"end":{"line":39,"column":58}},"type":"cond-expr","locations":[{"start":{"line":39,"column":15},"end":{"line":39,"column":20}},{"start":{"line":39,"column":24},"end":{"line":39,"column":58}}]},"3":{"loc":{"start":{"line":39,"column":15},"end":{"line":39,"column":24}},"type":"binary-expr","locations":[{"start":{"line":39,"column":15},"end":{"line":39,"column":24}},{"start":{"line":39,"column":15},"end":{"line":39,"column":24}}]},"4":{"loc":{"start":{"line":39,"column":32},"end":{"line":39,"column":57}},"type":"binary-expr","locations":[{"start":{"line":39,"column":32},"end":{"line":39,"column":41}},{"start":{"line":39,"column":45},"end":{"line":39,"column":57}}]},"5":{"loc":{"start":{"line":41,"column":10},"end":{"line":41,"column":78}},"type":"cond-expr","locations":[{"start":{"line":41,"column":10},"end":{"line":41,"column":20}},{"start":{"line":41,"column":25},"end":{"line":41,"column":77}}]},"6":{"loc":{"start":{"line":41,"column":10},"end":{"line":41,"column":24}},"type":"binary-expr","locations":[{"start":{"line":41,"column":10},"end":{"line":41,"column":24}},{"start":{"line":41,"column":10},"end":{"line":41,"column":24}}]},"7":{"loc":{"start":{"line":41,"column":25},"end":{"line":41,"column":77}},"type":"cond-expr","locations":[{"start":{"line":41,"column":53},"end":{"line":41,"column":65}},{"start":{"line":41,"column":68},"end":{"line":41,"column":77}}]},"8":{"loc":{"start":{"line":41,"column":25},"end":{"line":41,"column":50}},"type":"binary-expr","locations":[{"start":{"line":41,"column":25},"end":{"line":41,"column":34}},{"start":{"line":41,"column":38},"end":{"line":41,"column":50}}]},"9":{"loc":{"start":{"line":56,"column":9},"end":{"line":59,"column":null}},"type":"cond-expr","locations":[{"start":{"line":57,"column":4},"end":{"line":57,"column":52}},{"start":{"line":59,"column":4},"end":{"line":59,"column":48}}]}},"s":{"0":1,"1":1,"2":1,"3":1,"4":140,"5":140,"6":140,"7":140,"8":140,"9":140,"10":68,"11":0,"12":68,"13":140,"14":22,"15":22,"16":22,"17":140,"18":0,"19":1,"20":113,"21":1},"f":{"0":140,"1":68,"2":22,"3":0,"4":113},"b":{"0":[0,68],"1":[140,140],"2":[0,140],"3":[140,140],"4":[140,43],"5":[0,140],"6":[140,140],"7":[0,140],"8":[140,43],"9":[32,81]}}
,"C:\\Users\\versu\\PhpstormProjects\\keszflow-business-panel\\packages\\components\\src\\layouts\\Authenticated\\index.tsx": {"path":"C:\\Users\\versu\\PhpstormProjects\\keszflow-business-panel\\packages\\components\\src\\layouts\\Authenticated\\index.tsx","statementMap":{"0":{"start":{"line":1,"column":0},"end":{"line":1,"column":null}},"1":{"start":{"line":8,"column":0},"end":{"line":8,"column":null}},"2":{"start":{"line":15,"column":0},"end":{"line":15,"column":35}},"3":{"start":{"line":29,"column":21},"end":{"line":29,"column":48}},"4":{"start":{"line":31,"column":13},"end":{"line":31,"column":null}},"5":{"start":{"line":34,"column":49},"end":{"line":34,"column":65}},"6":{"start":{"line":35,"column":28},"end":{"line":35,"column":50}},"7":{"start":{"line":37,"column":2},"end":{"line":70,"column":null}},"8":{"start":{"line":42,"column":12},"end":{"line":42,"column":null}},"9":{"start":{"line":43,"column":12},"end":{"line":43,"column":null}},"10":{"start":{"line":44,"column":12},"end":{"line":44,"column":null}},"11":{"start":{"line":33,"column":0},"end":{"line":33,"column":24}}},"fnMap":{"0":{"name":"AuthenticatedLayout","decl":{"start":{"line":33,"column":24},"end":{"line":33,"column":43}},"loc":{"start":{"line":33,"column":56},"end":{"line":71,"column":1}}},"1":{"name":"(anonymous_7)","decl":{"start":{"line":41,"column":23},"end":{"line":41,"column":24}},"loc":{"start":{"line":41,"column":29},"end":{"line":45,"column":11}}}},"branchMap":{"0":{"loc":{"start":{"line":44,"column":12},"end":{"line":44,"column":58}},"type":"binary-expr","locations":[{"start":{"line":44,"column":12},"end":{"line":44,"column":35}},{"start":{"line":44,"column":39},"end":{"line":44,"column":58}}]}},"s":{"0":1,"1":1,"2":1,"3":1,"4":1,"5":0,"6":0,"7":0,"8":0,"9":0,"10":0,"11":1},"f":{"0":0,"1":0},"b":{"0":[0,0]}}
,"C:\\Users\\versu\\PhpstormProjects\\keszflow-business-panel\\packages\\components\\src\\layouts\\Blank\\index.tsx": {"path":"C:\\Users\\versu\\PhpstormProjects\\keszflow-business-panel\\packages\\components\\src\\layouts\\Blank\\index.tsx","statementMap":{"0":{"start":{"line":2,"column":0},"end":{"line":2,"column":35}},"1":{"start":{"line":4,"column":0},"end":{"line":4,"column":43}},"2":{"start":{"line":12,"column":2},"end":{"line":17,"column":null}},"3":{"start":{"line":11,"column":0},"end":{"line":11,"column":24}}},"fnMap":{"0":{"name":"BlankLayout","decl":{"start":{"line":11,"column":24},"end":{"line":11,"column":35}},"loc":{"start":{"line":11,"column":48},"end":{"line":18,"column":1}}}},"branchMap":{},"s":{"0":1,"1":1,"2":0,"3":1},"f":{"0":0},"b":{}}
,"C:\\Users\\versu\\PhpstormProjects\\keszflow-business-panel\\packages\\components\\src\\layouts\\Public\\index.tsx": {"path":"C:\\Users\\versu\\PhpstormProjects\\keszflow-business-panel\\packages\\components\\src\\layouts\\Public\\index.tsx","statementMap":{"0":{"start":{"line":2,"column":0},"end":{"line":2,"column":43}},"1":{"start":{"line":3,"column":0},"end":{"line":3,"column":43}},"2":{"start":{"line":4,"column":0},"end":{"line":4,"column":76}},"3":{"start":{"line":12,"column":22},"end":{"line":12,"column":25}},"4":{"start":{"line":14,"column":2},"end":{"line":60,"column":null}},"5":{"start":{"line":11,"column":0},"end":{"line":11,"column":24}}},"fnMap":{"0":{"name":"PublicLayout","decl":{"start":{"line":11,"column":24},"end":{"line":11,"column":36}},"loc":{"start":{"line":11,"column":49},"end":{"line":61,"column":1}}}},"branchMap":{},"s":{"0":1,"1":1,"2":1,"3":0,"4":0,"5":1},"f":{"0":0},"b":{}}
}
