TN:
SF:src\index.ts
FN:9,(anonymous_5)
FN:16,(anonymous_6)
FN:17,(anonymous_7)
FN:18,(anonymous_8)
FN:19,(anonymous_9)
FNF:5
FNH:1
FNDA:0,(anonymous_5)
FNDA:8,(anonymous_6)
FNDA:0,(anonymous_7)
FNDA:0,(anonymous_8)
FNDA:0,(anonymous_9)
DA:1,6
DA:2,6
DA:3,6
DA:4,6
DA:5,6
DA:6,6
DA:7,6
DA:8,6
DA:9,6
DA:11,6
DA:12,6
DA:13,6
DA:14,6
DA:16,14
DA:17,6
DA:18,6
DA:19,6
LF:17
LH:17
BRF:0
BRH:0
end_of_record
TN:
SF:src\components\Calendar\index.tsx
FN:37,getWeeks
FN:47,(anonymous_7)
FN:67,(anonymous_8)
FN:70,(anonymous_9)
FN:74,(anonymous_10)
FN:75,(anonymous_11)
FN:114,(anonymous_12)
FN:123,(anonymous_13)
FN:140,(anonymous_14)
FN:145,(anonymous_15)
FN:159,(anonymous_16)
FN:222,(anonymous_17)
FN:225,(anonymous_18)
FN:242,(anonymous_19)
FN:262,(anonymous_20)
FN:267,(anonymous_21)
FN:280,(anonymous_22)
FN:309,(anonymous_23)
FN:326,(anonymous_24)
FN:341,(anonymous_25)
FN:346,(anonymous_26)
FN:360,(anonymous_27)
FN:371,(anonymous_28)
FN:374,(anonymous_29)
FN:386,(anonymous_30)
FN:391,(anonymous_31)
FN:394,(anonymous_32)
FN:395,(anonymous_33)
FN:411,(anonymous_34)
FN:431,(anonymous_35)
FN:451,(anonymous_36)
FN:476,(anonymous_37)
FN:487,(anonymous_38)
FN:498,(anonymous_39)
FN:518,(anonymous_40)
FN:527,(anonymous_41)
FNF:36
FNH:0
FNDA:0,getWeeks
FNDA:0,(anonymous_7)
FNDA:0,(anonymous_8)
FNDA:0,(anonymous_9)
FNDA:0,(anonymous_10)
FNDA:0,(anonymous_11)
FNDA:0,(anonymous_12)
FNDA:0,(anonymous_13)
FNDA:0,(anonymous_14)
FNDA:0,(anonymous_15)
FNDA:0,(anonymous_16)
FNDA:0,(anonymous_17)
FNDA:0,(anonymous_18)
FNDA:0,(anonymous_19)
FNDA:0,(anonymous_20)
FNDA:0,(anonymous_21)
FNDA:0,(anonymous_22)
FNDA:0,(anonymous_23)
FNDA:0,(anonymous_24)
FNDA:0,(anonymous_25)
FNDA:0,(anonymous_26)
FNDA:0,(anonymous_27)
FNDA:0,(anonymous_28)
FNDA:0,(anonymous_29)
FNDA:0,(anonymous_30)
FNDA:0,(anonymous_31)
FNDA:0,(anonymous_32)
FNDA:0,(anonymous_33)
FNDA:0,(anonymous_34)
FNDA:0,(anonymous_35)
FNDA:0,(anonymous_36)
FNDA:0,(anonymous_37)
FNDA:0,(anonymous_38)
FNDA:0,(anonymous_39)
FNDA:0,(anonymous_40)
FNDA:0,(anonymous_41)
DA:1,6
DA:8,6
DA:18,6
DA:22,6
DA:38,0
DA:39,0
DA:40,0
DA:41,0
DA:42,0
DA:43,0
DA:46,0
DA:47,0
DA:48,0
DA:50,0
DA:51,0
DA:52,0
DA:53,0
DA:54,0
DA:55,0
DA:58,0
DA:59,0
DA:60,0
DA:62,0
DA:65,6
DA:70,6
DA:71,0
DA:72,0
DA:74,0
DA:75,0
DA:76,0
DA:78,0
DA:80,0
DA:81,0
DA:85,0
DA:87,0
DA:88,0
DA:92,0
DA:94,0
DA:95,0
DA:102,0
DA:104,0
DA:107,0
DA:114,0
DA:115,0
DA:116,0
DA:117,0
DA:119,0
DA:124,0
DA:126,0
DA:127,0
DA:128,0
DA:130,0
DA:141,0
DA:146,0
DA:159,0
DA:160,0
DA:163,0
DA:222,6
DA:223,0
DA:224,0
DA:225,0
DA:226,0
DA:227,0
DA:228,0
DA:229,0
DA:243,0
DA:244,0
DA:246,0
DA:263,0
DA:268,0
DA:280,0
DA:281,0
DA:297,0
DA:309,6
DA:310,0
DA:311,0
DA:312,0
DA:313,0
DA:314,0
DA:327,0
DA:328,0
DA:330,0
DA:342,0
DA:347,0
DA:360,6
DA:367,0
DA:368,0
DA:369,0
DA:370,0
DA:372,0
DA:373,0
DA:375,0
DA:376,0
DA:378,0
DA:380,0
DA:384,0
DA:386,0
DA:387,0
DA:390,0
DA:392,0
DA:393,0
DA:394,0
DA:395,0
DA:396,0
DA:400,0
DA:404,0
DA:409,0
DA:411,0
DA:412,0
DA:413,0
DA:414,0
DA:415,0
DA:416,0
DA:417,0
DA:418,0
DA:419,0
DA:420,0
DA:422,0
DA:423,0
DA:425,0
DA:426,0
DA:428,0
DA:431,0
DA:432,0
DA:433,0
DA:434,0
DA:435,0
DA:436,0
DA:437,0
DA:438,0
DA:439,0
DA:441,0
DA:442,0
DA:443,0
DA:445,0
DA:446,0
DA:448,0
DA:451,0
DA:452,0
DA:453,0
DA:456,0
DA:477,0
DA:488,0
DA:499,0
DA:519,0
DA:528,0
LF:146
LH:9
BRDA:50,0,0,0
BRDA:50,0,1,0
BRDA:52,1,0,0
BRDA:58,2,0,0
BRDA:78,3,0,0
BRDA:78,3,1,0
BRDA:78,3,2,0
BRDA:78,3,3,0
BRDA:116,4,0,0
BRDA:116,4,1,0
BRDA:117,5,0,0
BRDA:117,5,1,0
BRDA:117,5,2,0
BRDA:124,6,0,0
BRDA:124,6,1,0
BRDA:127,7,0,0
BRDA:127,7,1,0
BRDA:136,8,0,0
BRDA:136,8,1,0
BRDA:139,9,0,0
BRDA:139,9,1,0
BRDA:146,10,0,0
BRDA:146,10,1,0
BRDA:227,11,0,0
BRDA:227,11,1,0
BRDA:228,12,0,0
BRDA:228,12,1,0
BRDA:228,12,2,0
BRDA:243,13,0,0
BRDA:243,13,1,0
BRDA:261,14,0,0
BRDA:261,14,1,0
BRDA:268,15,0,0
BRDA:268,15,1,0
BRDA:312,16,0,0
BRDA:312,16,1,0
BRDA:313,17,0,0
BRDA:313,17,1,0
BRDA:313,17,2,0
BRDA:323,18,0,0
BRDA:323,18,1,0
BRDA:327,19,0,0
BRDA:327,19,1,0
BRDA:340,20,0,0
BRDA:340,20,1,0
BRDA:347,21,0,0
BRDA:347,21,1,0
BRDA:373,22,0,0
BRDA:373,22,1,0
BRDA:375,23,0,0
BRDA:380,24,0,0
BRDA:380,24,1,0
BRDA:396,25,0,0
BRDA:412,26,0,0
BRDA:412,26,1,0
BRDA:414,27,0,0
BRDA:414,27,1,0
BRDA:417,28,0,0
BRDA:417,28,1,0
BRDA:425,29,0,0
BRDA:432,30,0,0
BRDA:432,30,1,0
BRDA:434,31,0,0
BRDA:434,31,1,0
BRDA:437,32,0,0
BRDA:437,32,1,0
BRDA:445,33,0,0
BRDA:474,34,0,0
BRDA:474,34,1,0
BRDA:485,35,0,0
BRDA:485,35,1,0
BRDA:496,36,0,0
BRDA:496,36,1,0
BRDA:555,37,0,0
BRDA:555,37,1,0
BRDA:556,38,0,0
BRDA:556,38,1,0
BRDA:557,39,0,0
BRDA:557,39,1,0
BRF:79
BRH:0
end_of_record
TN:
SF:src\components\Favicon\index.tsx
FN:1,(anonymous_0)
FNF:1
FNH:0
FNDA:0,(anonymous_0)
DA:1,6
DA:2,0
DA:36,6
LF:3
LH:2
BRF:0
BRH:0
end_of_record
TN:
SF:src\components\Footer\index.tsx
FN:5,(anonymous_0)
FN:18,(anonymous_1)
FNF:2
FNH:2
FNDA:2,(anonymous_0)
FNDA:1,(anonymous_1)
DA:1,7
DA:3,7
DA:5,7
DA:6,2
DA:7,2
DA:18,1
LF:6
LH:6
BRDA:23,0,0,0
BRDA:23,0,1,2
BRF:2
BRH:1
end_of_record
TN:
SF:src\components\Head\index.tsx
FN:4,(anonymous_1)
FNF:1
FNH:0
FNDA:0,(anonymous_1)
DA:1,6
DA:2,6
DA:4,6
DA:5,0
DA:15,6
LF:5
LH:4
BRDA:6,0,0,0
BRDA:6,0,1,0
BRF:2
BRH:0
end_of_record
TN:
SF:src\components\Header\index.tsx
FN:18,(anonymous_1)
FN:20,(anonymous_2)
FN:23,(anonymous_3)
FN:34,(anonymous_4)
FNF:4
FNH:2
FNDA:2,(anonymous_1)
FNDA:0,(anonymous_2)
FNDA:0,(anonymous_3)
FNDA:1,(anonymous_4)
DA:1,6
DA:2,6
DA:14,6
DA:15,6
DA:16,6
DA:18,6
DA:19,2
DA:20,2
DA:21,0
DA:23,2
DA:24,0
DA:27,2
DA:34,1
LF:13
LH:11
BRF:0
BRH:0
end_of_record
TN:
SF:src\components\Invoices\Create.tsx
FN:15,(anonymous_1)
FN:17,(anonymous_2)
FN:66,(anonymous_3)
FN:90,(anonymous_4)
FN:104,(anonymous_5)
FN:126,(anonymous_6)
FNF:6
FNH:0
FNDA:0,(anonymous_1)
FNDA:0,(anonymous_2)
FNDA:0,(anonymous_3)
FNDA:0,(anonymous_4)
FNDA:0,(anonymous_5)
FNDA:0,(anonymous_6)
DA:1,6
DA:2,6
DA:3,6
DA:11,6
DA:12,6
DA:13,6
DA:15,6
DA:16,0
DA:17,0
DA:18,0
DA:20,0
DA:66,6
DA:67,0
DA:68,0
DA:70,0
DA:71,0
DA:74,0
DA:90,0
DA:105,0
DA:115,0
DA:118,6
DA:124,6
LF:22
LH:10
BRDA:115,0,0,0
BRDA:115,0,1,0
BRF:2
BRH:0
end_of_record
TN:
SF:src\components\Invoices\Export.tsx
FN:23,(anonymous_1)
FN:25,(anonymous_2)
FN:43,(anonymous_3)
FN:52,(anonymous_4)
FN:68,(anonymous_5)
FN:78,(anonymous_6)
FN:87,(anonymous_7)
FN:95,(anonymous_8)
FN:104,(anonymous_9)
FN:112,(anonymous_10)
FN:121,(anonymous_11)
FN:132,(anonymous_12)
FN:151,(anonymous_13)
FN:171,(anonymous_14)
FN:172,(anonymous_15)
FNF:15
FNH:0
FNDA:0,(anonymous_1)
FNDA:0,(anonymous_2)
FNDA:0,(anonymous_3)
FNDA:0,(anonymous_4)
FNDA:0,(anonymous_5)
FNDA:0,(anonymous_6)
FNDA:0,(anonymous_7)
FNDA:0,(anonymous_8)
FNDA:0,(anonymous_9)
FNDA:0,(anonymous_10)
FNDA:0,(anonymous_11)
FNDA:0,(anonymous_12)
FNDA:0,(anonymous_13)
FNDA:0,(anonymous_14)
FNDA:0,(anonymous_15)
DA:1,6
DA:2,6
DA:3,6
DA:18,6
DA:19,6
DA:20,6
DA:21,6
DA:23,6
DA:24,0
DA:25,0
DA:26,0
DA:28,0
DA:43,6
DA:44,0
DA:46,0
DA:52,0
DA:53,0
DA:54,0
DA:57,0
DA:68,0
DA:82,0
DA:83,0
DA:88,0
DA:96,0
DA:104,0
DA:113,0
DA:121,0
DA:133,0
DA:152,0
DA:163,6
DA:169,6
LF:31
LH:11
BRF:0
BRH:0
end_of_record
TN:
SF:src\components\Invoices\Form.tsx
FN:25,(anonymous_6)
FN:27,(anonymous_7)
FN:35,(anonymous_8)
FN:41,(anonymous_9)
FN:135,(anonymous_10)
FN:149,(anonymous_11)
FN:150,(anonymous_12)
FN:164,(anonymous_13)
FN:187,(anonymous_14)
FN:276,(anonymous_15)
FN:297,(anonymous_16)
FN:302,(anonymous_17)
FN:310,(anonymous_18)
FN:433,(anonymous_19)
FN:437,(anonymous_20)
FN:446,(anonymous_21)
FN:450,(anonymous_22)
FN:459,(anonymous_23)
FN:463,(anonymous_24)
FN:481,(anonymous_25)
FN:507,(anonymous_26)
FNF:21
FNH:8
FNDA:0,(anonymous_6)
FNDA:0,(anonymous_7)
FNDA:6,(anonymous_8)
FNDA:4,(anonymous_9)
FNDA:152,(anonymous_10)
FNDA:0,(anonymous_11)
FNDA:0,(anonymous_12)
FNDA:4,(anonymous_13)
FNDA:0,(anonymous_14)
FNDA:0,(anonymous_15)
FNDA:0,(anonymous_16)
FNDA:0,(anonymous_17)
FNDA:8,(anonymous_18)
FNDA:0,(anonymous_19)
FNDA:8,(anonymous_20)
FNDA:0,(anonymous_21)
FNDA:8,(anonymous_22)
FNDA:0,(anonymous_23)
FNDA:8,(anonymous_24)
FNDA:0,(anonymous_25)
FNDA:0,(anonymous_26)
DA:1,6
DA:10,6
DA:11,6
DA:12,6
DA:21,6
DA:22,6
DA:23,6
DA:25,6
DA:26,0
DA:27,0
DA:28,0
DA:29,0
DA:32,0
DA:35,6
DA:36,6
DA:37,6
DA:40,6
DA:59,4
DA:71,4
DA:73,4
DA:99,4
DA:135,4
DA:136,152
DA:138,152
DA:150,0
DA:151,0
DA:164,4
DA:171,4
DA:277,0
DA:278,0
DA:279,0
DA:292,4
DA:301,0
DA:303,0
DA:305,0
DA:306,0
DA:311,8
DA:434,0
DA:435,0
DA:438,8
DA:447,0
DA:448,0
DA:451,8
DA:460,0
DA:461,0
DA:464,8
DA:482,0
DA:483,0
DA:494,0
DA:508,0
DA:519,6
DA:521,6
LF:52
LH:28
BRDA:35,0,0,6
BRDA:35,0,1,6
BRDA:46,1,0,4
BRDA:73,2,0,4
BRDA:73,2,1,4
BRDA:139,3,0,152
BRDA:139,3,1,152
BRDA:139,3,2,0
BRDA:145,4,0,0
BRDA:145,4,1,0
BRDA:175,5,0,0
BRDA:175,5,1,4
BRDA:182,6,0,0
BRDA:182,6,1,4
BRDA:198,7,0,4
BRDA:198,7,1,0
BRDA:301,8,0,0
BRDA:301,8,1,0
BRDA:434,9,0,0
BRDA:434,9,1,0
BRDA:447,10,0,0
BRDA:447,10,1,0
BRDA:460,11,0,0
BRDA:460,11,1,0
BRF:24
BRH:10
end_of_record
TN:
SF:src\components\Invoices\List.tsx
FN:19,(anonymous_0)
FN:39,(anonymous_1)
FN:47,(anonymous_2)
FN:53,(anonymous_3)
FN:63,(anonymous_4)
FN:80,(anonymous_5)
FNF:6
FNH:4
FNDA:6,(anonymous_0)
FNDA:6,(anonymous_1)
FNDA:0,(anonymous_2)
FNDA:0,(anonymous_3)
FNDA:3,(anonymous_4)
FNDA:6,(anonymous_5)
DA:1,6
DA:10,6
DA:12,6
DA:19,6
DA:26,6
DA:40,6
DA:63,6
DA:64,3
DA:81,6
LF:9
LH:9
BRDA:79,0,0,3
BRDA:79,0,1,3
BRF:2
BRH:2
end_of_record
TN:
SF:src\components\Invoices\Upload.tsx
FN:31,(anonymous_7)
FN:34,(anonymous_8)
FN:41,(anonymous_9)
FN:47,(anonymous_10)
FN:56,(anonymous_11)
FN:62,(anonymous_12)
FN:66,onDocumentLoadSuccess
FN:72,(anonymous_14)
FN:91,(anonymous_15)
FN:133,(anonymous_16)
FN:149,(anonymous_17)
FN:166,(anonymous_18)
FN:199,(anonymous_19)
FN:207,(anonymous_20)
FN:222,(anonymous_21)
FN:236,(anonymous_22)
FN:236,(anonymous_23)
FN:244,(anonymous_24)
FNF:18
FNH:0
FNDA:0,(anonymous_7)
FNDA:0,(anonymous_8)
FNDA:0,(anonymous_9)
FNDA:0,(anonymous_10)
FNDA:0,(anonymous_11)
FNDA:0,(anonymous_12)
FNDA:0,onDocumentLoadSuccess
FNDA:0,(anonymous_14)
FNDA:0,(anonymous_15)
FNDA:0,(anonymous_16)
FNDA:0,(anonymous_17)
FNDA:0,(anonymous_18)
FNDA:0,(anonymous_19)
FNDA:0,(anonymous_20)
FNDA:0,(anonymous_21)
FNDA:0,(anonymous_22)
FNDA:0,(anonymous_23)
FNDA:0,(anonymous_24)
DA:1,6
DA:2,6
DA:3,6
DA:18,6
DA:19,6
DA:20,6
DA:21,6
DA:22,6
DA:31,6
DA:32,0
DA:34,0
DA:35,0
DA:38,0
DA:41,6
DA:42,0
DA:44,0
DA:47,6
DA:48,0
DA:49,0
DA:50,0
DA:52,0
DA:53,0
DA:54,0
DA:56,0
DA:57,0
DA:58,0
DA:62,0
DA:63,0
DA:67,0
DA:70,0
DA:73,0
DA:81,0
DA:91,0
DA:112,0
DA:134,0
DA:150,0
DA:167,0
DA:183,0
DA:200,0
DA:201,0
DA:207,0
DA:223,0
DA:236,0
DA:237,0
DA:238,0
DA:240,0
DA:241,0
DA:242,0
DA:244,0
DA:245,0
DA:246,0
DA:247,0
DA:248,0
DA:249,0
DA:250,0
DA:251,0
DA:253,0
DA:254,0
DA:255,0
DA:256,0
DA:268,0
LF:61
LH:11
BRDA:57,0,0,0
BRDA:57,1,0,0
BRDA:57,1,1,0
BRDA:63,2,0,0
BRDA:81,3,0,0
BRDA:81,3,1,0
BRDA:81,3,2,0
BRDA:81,4,0,0
BRDA:81,4,1,0
BRDA:81,5,0,0
BRDA:81,5,1,0
BRDA:91,6,0,0
BRDA:91,6,1,0
BRDA:96,7,0,0
BRDA:96,7,1,0
BRDA:112,8,0,0
BRDA:112,8,1,0
BRDA:112,8,2,0
BRDA:112,9,0,0
BRDA:112,9,1,0
BRDA:112,10,0,0
BRDA:112,10,1,0
BRDA:219,11,0,0
BRDA:219,11,1,0
BRDA:241,12,0,0
BRDA:241,12,1,0
BRDA:241,13,0,0
BRDA:241,13,1,0
BRDA:243,14,0,0
BRDA:243,14,1,0
BRDA:268,15,0,0
BRDA:268,15,1,0
BRF:32
BRH:0
end_of_record
TN:
SF:src\components\Invoices\index.tsx
FNF:0
FNH:0
DA:1,6
DA:2,6
DA:3,6
DA:4,6
DA:5,6
LF:5
LH:5
BRF:0
BRH:0
end_of_record
TN:
SF:src\components\Recover\index.tsx
FNF:0
FNH:0
DA:1,6
DA:2,6
LF:2
LH:2
BRF:0
BRH:0
end_of_record
TN:
SF:src\components\Recover\password.tsx
FN:7,(anonymous_7)
FN:34,(anonymous_8)
FN:39,(anonymous_9)
FNF:3
FNH:2
FNDA:7,(anonymous_7)
FNDA:0,(anonymous_8)
FNDA:10,(anonymous_9)
DA:1,6
DA:2,6
DA:3,6
DA:4,6
DA:5,6
DA:7,6
DA:12,7
DA:17,7
DA:26,7
DA:35,0
DA:36,0
DA:40,10
DA:82,6
LF:13
LH:11
BRF:0
BRH:0
end_of_record
TN:
SF:src\components\Recover\recover.tsx
FN:7,(anonymous_7)
FN:28,(anonymous_8)
FN:33,(anonymous_9)
FNF:3
FNH:2
FNDA:6,(anonymous_7)
FNDA:0,(anonymous_8)
FNDA:9,(anonymous_9)
DA:1,6
DA:2,6
DA:3,6
DA:4,6
DA:5,6
DA:7,6
DA:12,6
DA:16,6
DA:20,6
DA:29,0
DA:30,0
DA:34,9
DA:66,6
LF:13
LH:11
BRF:0
BRH:0
end_of_record
TN:
SF:src\components\SignIn\index.tsx
FN:7,(anonymous_7)
FN:32,(anonymous_8)
FN:38,(anonymous_9)
FNF:3
FNH:2
FNDA:7,(anonymous_7)
FNDA:0,(anonymous_8)
FNDA:10,(anonymous_9)
DA:1,6
DA:2,6
DA:3,6
DA:4,6
DA:5,6
DA:7,6
DA:12,7
DA:17,7
DA:24,7
DA:33,0
DA:34,0
DA:35,0
DA:39,10
DA:79,6
LF:14
LH:11
BRF:0
BRH:0
end_of_record
TN:
SF:src\components\SignUp\index.tsx
FN:7,(anonymous_7)
FN:36,(anonymous_8)
FN:41,(anonymous_9)
FNF:3
FNH:2
FNDA:8,(anonymous_7)
FNDA:0,(anonymous_8)
FNDA:11,(anonymous_9)
DA:1,7
DA:2,7
DA:3,7
DA:4,7
DA:5,7
DA:7,7
DA:12,8
DA:18,8
DA:28,8
DA:37,0
DA:38,0
DA:42,11
DA:101,7
LF:13
LH:11
BRF:0
BRH:0
end_of_record
TN:
SF:src\components\Sortable\index.tsx
FN:13,(anonymous_7)
FN:24,(anonymous_8)
FN:28,(anonymous_9)
FN:34,(anonymous_10)
FN:39,(anonymous_11)
FN:43,(anonymous_12)
FN:59,(anonymous_13)
FN:60,(anonymous_14)
FN:62,(anonymous_15)
FN:63,(anonymous_16)
FN:64,(anonymous_17)
FN:66,(anonymous_18)
FNF:12
FNH:4
FNDA:8,(anonymous_7)
FNDA:4,(anonymous_8)
FNDA:0,(anonymous_9)
FNDA:0,(anonymous_10)
FNDA:0,(anonymous_11)
FNDA:0,(anonymous_12)
FNDA:4,(anonymous_13)
FNDA:4,(anonymous_14)
FNDA:0,(anonymous_15)
FNDA:0,(anonymous_16)
FNDA:0,(anonymous_17)
FNDA:0,(anonymous_18)
DA:1,6
DA:2,6
DA:3,6
DA:13,6
DA:16,8
DA:17,8
DA:19,8
DA:20,8
DA:21,8
DA:22,8
DA:23,8
DA:24,8
DA:25,4
DA:28,8
DA:29,0
DA:30,0
DA:31,0
DA:34,8
DA:35,0
DA:36,0
DA:39,8
DA:40,0
DA:43,8
DA:44,0
DA:46,0
DA:47,0
DA:48,0
DA:49,0
DA:50,0
DA:51,0
DA:52,0
DA:53,0
DA:55,0
DA:59,8
DA:60,4
DA:61,4
DA:62,0
DA:63,0
DA:64,0
DA:66,0
DA:76,8
LF:41
LH:21
BRDA:30,0,0,0
BRDA:30,0,1,0
BRDA:35,1,0,0
BRDA:35,1,1,0
BRDA:35,2,0,0
BRDA:35,2,1,0
BRDA:35,3,0,0
BRDA:35,3,1,0
BRDA:35,4,0,0
BRDA:35,4,1,0
BRDA:44,5,0,0
BRDA:44,5,1,0
BRDA:44,6,0,0
BRDA:44,6,1,0
BRDA:44,7,0,0
BRDA:44,7,1,0
BRDA:44,8,0,0
BRDA:44,8,1,0
BRDA:52,9,0,0
BRDA:52,9,1,0
BRDA:76,10,0,8
BRDA:76,10,1,8
BRF:22
BRH:2
end_of_record
TN:
SF:src\elements\actionButton\index.tsx
FN:14,(anonymous_2)
FN:24,(anonymous_3)
FN:44,(anonymous_4)
FN:89,(anonymous_5)
FNF:4
FNH:4
FNDA:7,(anonymous_2)
FNDA:7,(anonymous_3)
FNDA:27,(anonymous_4)
FNDA:27,(anonymous_5)
DA:1,7
DA:2,7
DA:3,7
DA:14,7
DA:15,7
DA:16,7
DA:17,7
DA:18,7
DA:19,7
DA:20,7
DA:21,7
DA:24,7
DA:25,7
DA:26,7
DA:27,7
DA:28,7
DA:29,7
DA:30,7
DA:31,7
DA:32,7
DA:44,7
DA:49,27
DA:50,27
DA:52,27
DA:54,27
DA:69,27
DA:78,7
DA:84,7
DA:89,7
DA:90,27
DA:92,1
DA:94,10
DA:96,6
DA:98,0
DA:100,4
DA:102,6
DA:104,0
DA:107,0
LF:38
LH:35
BRDA:14,0,0,7
BRDA:14,0,1,7
BRDA:24,1,0,7
BRDA:24,1,1,7
BRDA:65,2,0,4
BRDA:65,2,1,23
BRDA:69,3,0,4
BRDA:69,3,1,23
BRDA:90,4,0,1
BRDA:90,4,1,10
BRDA:90,4,2,6
BRDA:90,4,3,0
BRDA:90,4,4,4
BRDA:90,4,5,6
BRDA:90,4,6,0
BRDA:90,4,7,0
BRF:16
BRH:13
end_of_record
TN:
SF:src\elements\input\index.tsx
FN:21,(anonymous_7)
FN:30,(anonymous_8)
FN:39,(anonymous_9)
FN:58,(anonymous_10)
FN:70,(anonymous_11)
FN:109,(anonymous_12)
FNF:6
FNH:6
FNDA:261,(anonymous_7)
FNDA:132,(anonymous_8)
FNDA:40,(anonymous_9)
FNDA:1,(anonymous_10)
FNDA:72,(anonymous_11)
FNDA:211,(anonymous_12)
DA:1,8
DA:7,8
DA:8,8
DA:21,8
DA:24,261
DA:25,261
DA:26,261
DA:28,261
DA:30,261
DA:31,132
DA:32,13
DA:34,119
DA:38,261
DA:40,40
DA:41,40
DA:47,261
DA:59,1
DA:71,72
DA:80,261
DA:109,8
DA:110,211
LF:21
LH:21
BRDA:31,0,0,13
BRDA:31,0,1,119
BRDA:49,1,0,261
BRDA:49,1,1,261
BRDA:50,2,0,0
BRDA:50,2,1,261
BRDA:50,3,0,261
BRDA:50,3,1,261
BRDA:50,4,0,261
BRDA:50,4,1,96
BRDA:52,5,0,0
BRDA:52,5,1,261
BRDA:52,6,0,261
BRDA:52,6,1,261
BRDA:52,7,0,26
BRDA:52,7,1,235
BRDA:52,8,0,261
BRDA:52,8,1,96
BRDA:63,9,0,0
BRDA:63,9,1,261
BRDA:63,10,0,225
BRDA:63,10,1,36
BRDA:63,11,0,261
BRDA:63,11,1,261
BRDA:69,12,0,261
BRDA:69,12,1,36
BRDA:82,13,0,261
BRDA:82,13,1,0
BRDA:82,14,0,225
BRDA:82,14,1,36
BRDA:82,15,0,261
BRDA:82,15,1,261
BRDA:91,16,0,0
BRDA:91,16,1,0
BRDA:91,17,0,0
BRDA:91,17,1,0
BRDA:91,18,0,0
BRDA:91,18,1,0
BRDA:104,19,0,261
BRDA:104,19,1,261
BRDA:104,20,0,225
BRDA:104,20,1,36
BRDA:104,21,0,261
BRDA:104,21,1,261
BRDA:110,22,0,32
BRDA:110,22,1,179
BRF:46
BRH:36
end_of_record
TN:
SF:src\elements\keszflowBusinessLogo\index.tsx
FN:12,getColor
FN:28,(anonymous_2)
FNF:2
FNH:2
FNDA:3,getColor
FNDA:1,(anonymous_2)
DA:1,6
DA:2,6
DA:3,6
DA:14,3
DA:15,3
DA:16,3
DA:17,8
DA:19,3
DA:21,0
DA:23,3
DA:26,6
DA:28,6
DA:29,1
DA:59,6
DA:64,6
DA:69,6
LF:16
LH:15
BRDA:14,0,0,3
BRDA:14,0,1,3
BRDA:15,1,0,3
BRDA:15,1,1,0
BRDA:15,2,0,3
BRDA:15,2,1,3
BRDA:15,3,0,0
BRDA:15,3,1,3
BRDA:15,4,0,3
BRDA:15,4,1,3
BRDA:17,5,0,8
BRDA:17,5,1,8
BRF:12
BRH:10
end_of_record
TN:
SF:src\elements\loader\index.tsx
FN:3,(anonymous_0)
FNF:1
FNH:1
FNDA:1,(anonymous_0)
DA:1,7
DA:3,7
DA:5,1
DA:24,1
LF:4
LH:4
BRF:0
BRH:0
end_of_record
TN:
SF:src\layouts\theme.tsx
FNF:0
FNH:0
DA:1,6
DA:4,6
DA:6,6
DA:73,6
DA:146,6
LF:5
LH:5
BRDA:9,0,0,6
BRDA:9,0,1,0
BRF:2
BRH:1
end_of_record
TN:
SF:src\layouts\Authenticated\index.tsx
FN:33,AuthenticatedLayout
FN:46,(anonymous_7)
FNF:2
FNH:0
FNDA:0,AuthenticatedLayout
FNDA:0,(anonymous_7)
DA:1,6
DA:8,6
DA:15,6
DA:29,6
DA:31,6
DA:33,6
DA:34,0
DA:35,0
DA:36,0
DA:42,0
DA:47,0
DA:48,0
DA:49,0
LF:13
LH:6
BRDA:36,0,0,0
BRDA:36,0,1,0
BRDA:38,1,0,0
BRDA:38,1,1,0
BRDA:38,2,0,0
BRDA:38,2,1,0
BRDA:38,3,0,0
BRDA:38,3,1,0
BRDA:49,4,0,0
BRDA:49,4,1,0
BRF:10
BRH:0
end_of_record
TN:
SF:src\layouts\Blank\index.tsx
FN:11,BlankLayout
FNF:1
FNH:0
FNDA:0,BlankLayout
DA:2,6
DA:4,6
DA:11,6
DA:12,0
DA:18,0
LF:5
LH:3
BRDA:12,0,0,0
BRDA:12,0,1,0
BRDA:14,1,0,0
BRDA:14,1,1,0
BRDA:14,2,0,0
BRDA:14,2,1,0
BRDA:14,3,0,0
BRDA:14,3,1,0
BRF:8
BRH:0
end_of_record
TN:
SF:src\layouts\Public\index.tsx
FN:11,PublicLayout
FNF:1
FNH:0
FNDA:0,PublicLayout
DA:1,6
DA:2,6
DA:3,6
DA:4,6
DA:11,6
DA:12,0
DA:18,0
LF:7
LH:5
BRDA:12,0,0,0
BRDA:12,0,1,0
BRDA:14,1,0,0
BRDA:14,1,1,0
BRDA:14,2,0,0
BRDA:14,2,1,0
BRDA:14,3,0,0
BRDA:14,3,1,0
BRF:8
BRH:0
end_of_record
